{"/Users/jackm4/Documents/GitHub/chatbot-service/app/layout.tsx": {"path":"/Users/jackm4/Documents/GitHub/chatbot-service/app/layout.tsx","statementMap":{"0":{"start":{"line":32,"column":24},"end":{"line":32,"column":35}},"1":{"start":{"line":15,"column":13},"end":{"line":15,"column":34}},"2":{"start":{"line":2,"column":34},"end":{"line":2,"column":null}},"3":{"start":{"line":3,"column":7},"end":{"line":3,"column":null}},"4":{"start":{"line":5,"column":18},"end":{"line":8,"column":null}},"5":{"start":{"line":10,"column":18},"end":{"line":13,"column":null}},"6":{"start":{"line":15,"column":34},"end":{"line":30,"column":null}}},"fnMap":{"0":{"name":"RootLayout","decl":{"start":{"line":32,"column":24},"end":{"line":32,"column":35}},"loc":{"start":{"line":36,"column":2},"end":{"line":46,"column":null}}}},"branchMap":{},"s":{"0":0,"1":0,"2":0,"3":0,"4":0,"5":0,"6":0},"f":{"0":0},"b":{}}
,"/Users/jackm4/Documents/GitHub/chatbot-service/app/page.tsx": {"path":"/Users/jackm4/Documents/GitHub/chatbot-service/app/page.tsx","statementMap":{"0":{"start":{"line":7,"column":30},"end":{"line":7,"column":null}},"1":{"start":{"line":1,"column":74},"end":{"line":1,"column":null}},"2":{"start":{"line":2,"column":23},"end":{"line":2,"column":null}},"3":{"start":{"line":3,"column":35},"end":{"line":3,"column":null}},"4":{"start":{"line":4,"column":17},"end":{"line":4,"column":null}},"5":{"start":{"line":5,"column":77},"end":{"line":5,"column":null}},"6":{"start":{"line":8,"column":19},"end":{"line":8,"column":null}},"7":{"start":{"line":9,"column":20},"end":{"line":9,"column":102}},"8":{"start":{"line":9,"column":88},"end":{"line":9,"column":96}},"9":{"start":{"line":71,"column":14},"end":{"line":71,"column":37}}},"fnMap":{"0":{"name":"HomePage","decl":{"start":{"line":7,"column":30},"end":{"line":7,"column":null}},"loc":{"start":{"line":7,"column":30},"end":{"line":154,"column":null}}},"1":{"name":"(anonymous_3)","decl":{"start":{"line":9,"column":83},"end":{"line":9,"column":88}},"loc":{"start":{"line":9,"column":88},"end":{"line":9,"column":96}}},"2":{"name":"(anonymous_4)","decl":{"start":{"line":70,"column":27},"end":{"line":70,"column":28}},"loc":{"start":{"line":71,"column":14},"end":{"line":71,"column":37}}}},"branchMap":{"0":{"loc":{"start":{"line":9,"column":20},"end":{"line":9,"column":102}},"type":"cond-expr","locations":[{"start":{"line":9,"column":42},"end":{"line":9,"column":100}},{"start":{"line":9,"column":100},"end":{"line":9,"column":102}}]}},"s":{"0":0,"1":0,"2":0,"3":0,"4":0,"5":0,"6":0,"7":0,"8":0,"9":0},"f":{"0":0,"1":0,"2":0},"b":{"0":[0,0]}}
,"/Users/jackm4/Documents/GitHub/chatbot-service/app/api/[company]/chat/route.ts": {"path":"/Users/jackm4/Documents/GitHub/chatbot-service/app/api/[company]/chat/route.ts","statementMap":{"0":{"start":{"line":51,"column":22},"end":{"line":51,"column":30}},"1":{"start":{"line":58,"column":22},"end":{"line":58,"column":null}},"2":{"start":{"line":20,"column":13},"end":{"line":20,"column":27}},"3":{"start":{"line":19,"column":13},"end":{"line":19,"column":23}},"4":{"start":{"line":2,"column":32},"end":{"line":2,"column":null}},"5":{"start":{"line":3,"column":34},"end":{"line":3,"column":null}},"6":{"start":{"line":4,"column":78},"end":{"line":4,"column":null}},"7":{"start":{"line":5,"column":28},"end":{"line":5,"column":null}},"8":{"start":{"line":6,"column":32},"end":{"line":6,"column":null}},"9":{"start":{"line":7,"column":32},"end":{"line":7,"column":null}},"10":{"start":{"line":8,"column":23},"end":{"line":8,"column":null}},"11":{"start":{"line":9,"column":60},"end":{"line":9,"column":null}},"12":{"start":{"line":10,"column":50},"end":{"line":10,"column":null}},"13":{"start":{"line":16,"column":7},"end":{"line":16,"column":null}},"14":{"start":{"line":17,"column":58},"end":{"line":17,"column":null}},"15":{"start":{"line":19,"column":23},"end":{"line":19,"column":30}},"16":{"start":{"line":20,"column":27},"end":{"line":20,"column":30}},"17":{"start":{"line":23,"column":18},"end":{"line":26,"column":null}},"18":{"start":{"line":32,"column":17},"end":{"line":32,"column":null}},"19":{"start":{"line":33,"column":42},"end":{"line":36,"column":null}},"20":{"start":{"line":38,"column":2},"end":{"line":45,"column":null}},"21":{"start":{"line":39,"column":4},"end":{"line":39,"column":null}},"22":{"start":{"line":40,"column":4},"end":{"line":40,"column":null}},"23":{"start":{"line":41,"column":9},"end":{"line":45,"column":null}},"24":{"start":{"line":43,"column":4},"end":{"line":43,"column":null}},"25":{"start":{"line":44,"column":4},"end":{"line":44,"column":null}},"26":{"start":{"line":47,"column":2},"end":{"line":47,"column":null}},"27":{"start":{"line":52,"column":2},"end":{"line":55,"column":null}},"28":{"start":{"line":63,"column":28},"end":{"line":63,"column":null}},"29":{"start":{"line":64,"column":2},"end":{"line":72,"column":null}},"30":{"start":{"line":66,"column":24},"end":{"line":66,"column":null}},"31":{"start":{"line":67,"column":4},"end":{"line":67,"column":null}},"32":{"start":{"line":68,"column":4},"end":{"line":70,"column":null}},"33":{"start":{"line":69,"column":6},"end":{"line":69,"column":null}},"34":{"start":{"line":71,"column":4},"end":{"line":71,"column":null}},"35":{"start":{"line":74,"column":25},"end":{"line":74,"column":null}},"36":{"start":{"line":75,"column":16},"end":{"line":75,"column":null}},"37":{"start":{"line":76,"column":22},"end":{"line":76,"column":null}},"38":{"start":{"line":78,"column":2},"end":{"line":251,"column":null}},"39":{"start":{"line":80,"column":20},"end":{"line":80,"column":null}},"40":{"start":{"line":83,"column":27},"end":{"line":83,"column":null}},"41":{"start":{"line":84,"column":4},"end":{"line":86,"column":null}},"42":{"start":{"line":85,"column":6},"end":{"line":85,"column":null}},"43":{"start":{"line":90,"column":4},"end":{"line":94,"column":null}},"44":{"start":{"line":91,"column":6},"end":{"line":91,"column":null}},"45":{"start":{"line":93,"column":6},"end":{"line":93,"column":null}},"46":{"start":{"line":97,"column":51},"end":{"line":97,"column":null}},"47":{"start":{"line":100,"column":4},"end":{"line":102,"column":null}},"48":{"start":{"line":101,"column":6},"end":{"line":101,"column":null}},"49":{"start":{"line":104,"column":15},"end":{"line":104,"column":null}},"50":{"start":{"line":105,"column":32},"end":{"line":105,"column":null}},"51":{"start":{"line":108,"column":4},"end":{"line":134,"column":null}},"52":{"start":{"line":109,"column":6},"end":{"line":115,"column":null}},"53":{"start":{"line":118,"column":6},"end":{"line":130,"column":null}},"54":{"start":{"line":119,"column":8},"end":{"line":119,"column":null}},"55":{"start":{"line":122,"column":8},"end":{"line":129,"column":null}},"56":{"start":{"line":132,"column":6},"end":{"line":132,"column":null}},"57":{"start":{"line":137,"column":16},"end":{"line":137,"column":null}},"58":{"start":{"line":138,"column":20},"end":{"line":138,"column":50}},"59":{"start":{"line":139,"column":29},"end":{"line":139,"column":null}},"60":{"start":{"line":140,"column":28},"end":{"line":140,"column":null}},"61":{"start":{"line":143,"column":24},"end":{"line":143,"column":null}},"62":{"start":{"line":146,"column":19},"end":{"line":168,"column":null}},"63":{"start":{"line":153,"column":25},"end":{"line":153,"column":33}},"64":{"start":{"line":154,"column":12},"end":{"line":154,"column":null}},"65":{"start":{"line":156,"column":23},"end":{"line":159,"column":null}},"66":{"start":{"line":171,"column":4},"end":{"line":178,"column":null}},"67":{"start":{"line":172,"column":6},"end":{"line":176,"column":null}},"68":{"start":{"line":177,"column":6},"end":{"line":177,"column":null}},"69":{"start":{"line":180,"column":21},"end":{"line":180,"column":null}},"70":{"start":{"line":183,"column":24},"end":{"line":183,"column":null}},"71":{"start":{"line":184,"column":4},"end":{"line":189,"column":null}},"72":{"start":{"line":192,"column":4},"end":{"line":198,"column":null}},"73":{"start":{"line":193,"column":6},"end":{"line":197,"column":null}},"74":{"start":{"line":201,"column":4},"end":{"line":203,"column":null}},"75":{"start":{"line":202,"column":6},"end":{"line":202,"column":null}},"76":{"start":{"line":206,"column":21},"end":{"line":206,"column":null}},"77":{"start":{"line":207,"column":4},"end":{"line":207,"column":null}},"78":{"start":{"line":209,"column":4},"end":{"line":209,"column":null}},"79":{"start":{"line":212,"column":28},"end":{"line":212,"column":null}},"80":{"start":{"line":213,"column":4},"end":{"line":217,"column":null}},"81":{"start":{"line":214,"column":6},"end":{"line":214,"column":null}},"82":{"start":{"line":220,"column":4},"end":{"line":224,"column":null}},"83":{"start":{"line":227,"column":26},"end":{"line":227,"column":null}},"84":{"start":{"line":230,"column":21},"end":{"line":230,"column":null}},"85":{"start":{"line":231,"column":4},"end":{"line":237,"column":null}},"86":{"start":{"line":232,"column":6},"end":{"line":232,"column":null}},"87":{"start":{"line":233,"column":11},"end":{"line":237,"column":null}},"88":{"start":{"line":234,"column":6},"end":{"line":234,"column":null}},"89":{"start":{"line":235,"column":11},"end":{"line":237,"column":null}},"90":{"start":{"line":236,"column":6},"end":{"line":236,"column":null}},"91":{"start":{"line":239,"column":33},"end":{"line":242,"column":null}},"92":{"start":{"line":244,"column":4},"end":{"line":249,"column":null}}},"fnMap":{"0":{"name":"getCorsHeaders","decl":{"start":{"line":31,"column":9},"end":{"line":31,"column":24}},"loc":{"start":{"line":31,"column":40},"end":{"line":48,"column":null}}},"1":{"name":"OPTIONS","decl":{"start":{"line":51,"column":22},"end":{"line":51,"column":30}},"loc":{"start":{"line":51,"column":46},"end":{"line":56,"column":null}}},"2":{"name":"POST","decl":{"start":{"line":58,"column":22},"end":{"line":58,"column":null}},"loc":{"start":{"line":60,"column":54},"end":{"line":252,"column":null}}},"3":{"name":"(anonymous_8)","decl":{"start":{"line":68,"column":40},"end":{"line":68,"column":41}},"loc":{"start":{"line":68,"column":53},"end":{"line":70,"column":null}}},"4":{"name":"(anonymous_9)","decl":{"start":{"line":152,"column":18},"end":{"line":152,"column":null}},"loc":{"start":{"line":152,"column":18},"end":{"line":155,"column":null}}},"5":{"name":"(anonymous_10)","decl":{"start":{"line":156,"column":15},"end":{"line":156,"column":23}},"loc":{"start":{"line":156,"column":23},"end":{"line":159,"column":null}}},"6":{"name":"(anonymous_11)","decl":{"start":{"line":201,"column":40},"end":{"line":201,"column":41}},"loc":{"start":{"line":201,"column":53},"end":{"line":203,"column":null}}}},"branchMap":{"0":{"loc":{"start":{"line":38,"column":2},"end":{"line":45,"column":null}},"type":"if","locations":[{"start":{"line":38,"column":2},"end":{"line":45,"column":null}},{"start":{"line":41,"column":9},"end":{"line":45,"column":null}}]},"1":{"loc":{"start":{"line":38,"column":6},"end":{"line":38,"column":41}},"type":"binary-expr","locations":[{"start":{"line":38,"column":6},"end":{"line":38,"column":16}},{"start":{"line":38,"column":16},"end":{"line":38,"column":41}}]},"2":{"loc":{"start":{"line":41,"column":9},"end":{"line":45,"column":null}},"type":"if","locations":[{"start":{"line":41,"column":9},"end":{"line":45,"column":null}}]},"3":{"loc":{"start":{"line":43,"column":45},"end":{"line":43,"column":null}},"type":"binary-expr","locations":[{"start":{"line":43,"column":45},"end":{"line":43,"column":55}},{"start":{"line":43,"column":55},"end":{"line":43,"column":null}}]},"4":{"loc":{"start":{"line":64,"column":2},"end":{"line":72,"column":null}},"type":"if","locations":[{"start":{"line":64,"column":2},"end":{"line":72,"column":null}}]},"5":{"loc":{"start":{"line":67,"column":65},"end":{"line":67,"column":null}},"type":"binary-expr","locations":[{"start":{"line":67,"column":65},"end":{"line":67,"column":98}},{"start":{"line":67,"column":98},"end":{"line":67,"column":null}}]},"6":{"loc":{"start":{"line":84,"column":4},"end":{"line":86,"column":null}},"type":"if","locations":[{"start":{"line":84,"column":4},"end":{"line":86,"column":null}}]},"7":{"loc":{"start":{"line":100,"column":4},"end":{"line":102,"column":null}},"type":"if","locations":[{"start":{"line":100,"column":4},"end":{"line":102,"column":null}}]},"8":{"loc":{"start":{"line":100,"column":8},"end":{"line":100,"column":80}},"type":"binary-expr","locations":[{"start":{"line":100,"column":8},"end":{"line":100,"column":20}},{"start":{"line":100,"column":20},"end":{"line":100,"column":51}},{"start":{"line":100,"column":51},"end":{"line":100,"column":80}}]},"9":{"loc":{"start":{"line":105,"column":32},"end":{"line":105,"column":null}},"type":"binary-expr","locations":[{"start":{"line":105,"column":32},"end":{"line":105,"column":50}},{"start":{"line":105,"column":50},"end":{"line":105,"column":63}},{"start":{"line":105,"column":63},"end":{"line":105,"column":null}}]},"10":{"loc":{"start":{"line":154,"column":19},"end":{"line":154,"column":null}},"type":"binary-expr","locations":[{"start":{"line":154,"column":19},"end":{"line":154,"column":38}},{"start":{"line":154,"column":38},"end":{"line":154,"column":62}},{"start":{"line":154,"column":62},"end":{"line":154,"column":null}}]},"11":{"loc":{"start":{"line":171,"column":4},"end":{"line":178,"column":null}},"type":"if","locations":[{"start":{"line":171,"column":4},"end":{"line":178,"column":null}}]},"12":{"loc":{"start":{"line":175,"column":20},"end":{"line":175,"column":92}},"type":"cond-expr","locations":[{"start":{"line":175,"column":68},"end":{"line":175,"column":90}},{"start":{"line":175,"column":90},"end":{"line":175,"column":92}}]},"13":{"loc":{"start":{"line":175,"column":20},"end":{"line":175,"column":68}},"type":"binary-expr","locations":[{"start":{"line":175,"column":20},"end":{"line":175,"column":50}},{"start":{"line":175,"column":50},"end":{"line":175,"column":68}}]},"14":{"loc":{"start":{"line":192,"column":4},"end":{"line":198,"column":null}},"type":"if","locations":[{"start":{"line":192,"column":4},"end":{"line":198,"column":null}}]},"15":{"loc":{"start":{"line":192,"column":8},"end":{"line":192,"column":158}},"type":"binary-expr","locations":[{"start":{"line":192,"column":8},"end":{"line":192,"column":25}},{"start":{"line":192,"column":25},"end":{"line":192,"column":64}},{"start":{"line":192,"column":64},"end":{"line":192,"column":113}},{"start":{"line":192,"column":113},"end":{"line":192,"column":158}}]},"16":{"loc":{"start":{"line":214,"column":18},"end":{"line":214,"column":null}},"type":"binary-expr","locations":[{"start":{"line":214,"column":18},"end":{"line":214,"column":45}},{"start":{"line":214,"column":45},"end":{"line":214,"column":null}}]},"17":{"loc":{"start":{"line":231,"column":4},"end":{"line":237,"column":null}},"type":"if","locations":[{"start":{"line":231,"column":4},"end":{"line":237,"column":null}},{"start":{"line":233,"column":11},"end":{"line":237,"column":null}}]},"18":{"loc":{"start":{"line":233,"column":11},"end":{"line":237,"column":null}},"type":"if","locations":[{"start":{"line":233,"column":11},"end":{"line":237,"column":null}},{"start":{"line":235,"column":11},"end":{"line":237,"column":null}}]},"19":{"loc":{"start":{"line":235,"column":11},"end":{"line":237,"column":null}},"type":"if","locations":[{"start":{"line":235,"column":11},"end":{"line":237,"column":null}}]},"20":{"loc":{"start":{"line":236,"column":19},"end":{"line":236,"column":null}},"type":"binary-expr","locations":[{"start":{"line":236,"column":19},"end":{"line":236,"column":35}},{"start":{"line":236,"column":39},"end":{"line":236,"column":null}}]}},"s":{"0":0,"1":0,"2":0,"3":0,"4":0,"5":0,"6":0,"7":0,"8":0,"9":0,"10":0,"11":0,"12":0,"13":0,"14":0,"15":0,"16":0,"17":0,"18":0,"19":0,"20":0,"21":0,"22":0,"23":0,"24":0,"25":0,"26":0,"27":0,"28":0,"29":0,"30":0,"31":0,"32":0,"33":0,"34":0,"35":0,"36":0,"37":0,"38":0,"39":0,"40":0,"41":0,"42":0,"43":0,"44":0,"45":0,"46":0,"47":0,"48":0,"49":0,"50":0,"51":0,"52":0,"53":0,"54":0,"55":0,"56":0,"57":0,"58":0,"59":0,"60":0,"61":0,"62":0,"63":0,"64":0,"65":0,"66":0,"67":0,"68":0,"69":0,"70":0,"71":0,"72":0,"73":0,"74":0,"75":0,"76":0,"77":0,"78":0,"79":0,"80":0,"81":0,"82":0,"83":0,"84":0,"85":0,"86":0,"87":0,"88":0,"89":0,"90":0,"91":0,"92":0},"f":{"0":0,"1":0,"2":0,"3":0,"4":0,"5":0,"6":0},"b":{"0":[0,0],"1":[0,0],"2":[0],"3":[0,0],"4":[0],"5":[0,0],"6":[0],"7":[0],"8":[0,0,0],"9":[0,0,0],"10":[0,0,0],"11":[0],"12":[0,0],"13":[0,0],"14":[0],"15":[0,0,0,0],"16":[0,0],"17":[0,0],"18":[0,0],"19":[0],"20":[0,0]}}
,"/Users/jackm4/Documents/GitHub/chatbot-service/app/api/[company]/config/route.ts": {"path":"/Users/jackm4/Documents/GitHub/chatbot-service/app/api/[company]/config/route.ts","statementMap":{"0":{"start":{"line":39,"column":22},"end":{"line":39,"column":null}},"1":{"start":{"line":32,"column":22},"end":{"line":32,"column":30}},"2":{"start":{"line":8,"column":13},"end":{"line":8,"column":27}},"3":{"start":{"line":7,"column":13},"end":{"line":7,"column":23}},"4":{"start":{"line":2,"column":29},"end":{"line":2,"column":null}},"5":{"start":{"line":3,"column":52},"end":{"line":3,"column":null}},"6":{"start":{"line":4,"column":61},"end":{"line":4,"column":null}},"7":{"start":{"line":5,"column":32},"end":{"line":5,"column":null}},"8":{"start":{"line":7,"column":23},"end":{"line":7,"column":null}},"9":{"start":{"line":8,"column":27},"end":{"line":8,"column":null}},"10":{"start":{"line":14,"column":17},"end":{"line":14,"column":null}},"11":{"start":{"line":15,"column":42},"end":{"line":18,"column":null}},"12":{"start":{"line":20,"column":2},"end":{"line":27,"column":null}},"13":{"start":{"line":21,"column":4},"end":{"line":21,"column":null}},"14":{"start":{"line":22,"column":4},"end":{"line":22,"column":null}},"15":{"start":{"line":23,"column":9},"end":{"line":27,"column":null}},"16":{"start":{"line":25,"column":4},"end":{"line":25,"column":null}},"17":{"start":{"line":26,"column":4},"end":{"line":26,"column":null}},"18":{"start":{"line":29,"column":2},"end":{"line":29,"column":null}},"19":{"start":{"line":33,"column":2},"end":{"line":36,"column":null}},"20":{"start":{"line":43,"column":22},"end":{"line":43,"column":null}},"21":{"start":{"line":45,"column":2},"end":{"line":79,"column":null}},"22":{"start":{"line":46,"column":27},"end":{"line":46,"column":null}},"23":{"start":{"line":47,"column":24},"end":{"line":47,"column":null}},"24":{"start":{"line":50,"column":27},"end":{"line":50,"column":null}},"25":{"start":{"line":51,"column":4},"end":{"line":53,"column":null}},"26":{"start":{"line":52,"column":6},"end":{"line":52,"column":null}},"27":{"start":{"line":56,"column":19},"end":{"line":56,"column":null}},"28":{"start":{"line":57,"column":4},"end":{"line":59,"column":null}},"29":{"start":{"line":58,"column":6},"end":{"line":58,"column":null}},"30":{"start":{"line":61,"column":4},"end":{"line":67,"column":null}},"31":{"start":{"line":70,"column":4},"end":{"line":70,"column":null}},"32":{"start":{"line":72,"column":26},"end":{"line":72,"column":null}},"33":{"start":{"line":73,"column":23},"end":{"line":73,"column":null}},"34":{"start":{"line":75,"column":4},"end":{"line":77,"column":null}}},"fnMap":{"0":{"name":"getCorsHeaders","decl":{"start":{"line":13,"column":9},"end":{"line":13,"column":24}},"loc":{"start":{"line":13,"column":40},"end":{"line":30,"column":null}}},"1":{"name":"OPTIONS","decl":{"start":{"line":32,"column":22},"end":{"line":32,"column":30}},"loc":{"start":{"line":32,"column":46},"end":{"line":37,"column":null}}},"2":{"name":"GET","decl":{"start":{"line":39,"column":22},"end":{"line":39,"column":null}},"loc":{"start":{"line":41,"column":54},"end":{"line":80,"column":null}}}},"branchMap":{"0":{"loc":{"start":{"line":20,"column":2},"end":{"line":27,"column":null}},"type":"if","locations":[{"start":{"line":20,"column":2},"end":{"line":27,"column":null}},{"start":{"line":23,"column":9},"end":{"line":27,"column":null}}]},"1":{"loc":{"start":{"line":20,"column":6},"end":{"line":20,"column":41}},"type":"binary-expr","locations":[{"start":{"line":20,"column":6},"end":{"line":20,"column":16}},{"start":{"line":20,"column":16},"end":{"line":20,"column":41}}]},"2":{"loc":{"start":{"line":23,"column":9},"end":{"line":27,"column":null}},"type":"if","locations":[{"start":{"line":23,"column":9},"end":{"line":27,"column":null}}]},"3":{"loc":{"start":{"line":25,"column":45},"end":{"line":25,"column":null}},"type":"binary-expr","locations":[{"start":{"line":25,"column":45},"end":{"line":25,"column":55}},{"start":{"line":25,"column":55},"end":{"line":25,"column":null}}]},"4":{"loc":{"start":{"line":51,"column":4},"end":{"line":53,"column":null}},"type":"if","locations":[{"start":{"line":51,"column":4},"end":{"line":53,"column":null}}]},"5":{"loc":{"start":{"line":57,"column":4},"end":{"line":59,"column":null}},"type":"if","locations":[{"start":{"line":57,"column":4},"end":{"line":59,"column":null}}]},"6":{"loc":{"start":{"line":73,"column":23},"end":{"line":73,"column":null}},"type":"cond-expr","locations":[{"start":{"line":73,"column":56},"end":{"line":73,"column":62}},{"start":{"line":73,"column":62},"end":{"line":73,"column":null}}]}},"s":{"0":0,"1":0,"2":0,"3":0,"4":0,"5":0,"6":0,"7":0,"8":0,"9":0,"10":0,"11":0,"12":0,"13":0,"14":0,"15":0,"16":0,"17":0,"18":0,"19":0,"20":0,"21":0,"22":0,"23":0,"24":0,"25":0,"26":0,"27":0,"28":0,"29":0,"30":0,"31":0,"32":0,"33":0,"34":0},"f":{"0":0,"1":0,"2":0},"b":{"0":[0,0],"1":[0,0],"2":[0],"3":[0,0],"4":[0],"5":[0],"6":[0,0]}}
,"/Users/jackm4/Documents/GitHub/chatbot-service/app/api/[company]/faq-menu/route.ts": {"path":"/Users/jackm4/Documents/GitHub/chatbot-service/app/api/[company]/faq-menu/route.ts","statementMap":{"0":{"start":{"line":48,"column":22},"end":{"line":48,"column":null}},"1":{"start":{"line":41,"column":22},"end":{"line":41,"column":30}},"2":{"start":{"line":11,"column":13},"end":{"line":11,"column":27}},"3":{"start":{"line":10,"column":13},"end":{"line":10,"column":23}},"4":{"start":{"line":2,"column":29},"end":{"line":2,"column":null}},"5":{"start":{"line":3,"column":33},"end":{"line":3,"column":null}},"6":{"start":{"line":4,"column":34},"end":{"line":4,"column":null}},"7":{"start":{"line":5,"column":61},"end":{"line":5,"column":null}},"8":{"start":{"line":6,"column":32},"end":{"line":6,"column":null}},"9":{"start":{"line":7,"column":32},"end":{"line":7,"column":null}},"10":{"start":{"line":8,"column":30},"end":{"line":8,"column":null}},"11":{"start":{"line":10,"column":23},"end":{"line":10,"column":null}},"12":{"start":{"line":11,"column":27},"end":{"line":11,"column":30}},"13":{"start":{"line":14,"column":18},"end":{"line":17,"column":null}},"14":{"start":{"line":23,"column":17},"end":{"line":23,"column":null}},"15":{"start":{"line":24,"column":42},"end":{"line":27,"column":null}},"16":{"start":{"line":29,"column":2},"end":{"line":36,"column":null}},"17":{"start":{"line":30,"column":4},"end":{"line":30,"column":null}},"18":{"start":{"line":31,"column":4},"end":{"line":31,"column":null}},"19":{"start":{"line":32,"column":9},"end":{"line":36,"column":null}},"20":{"start":{"line":34,"column":4},"end":{"line":34,"column":null}},"21":{"start":{"line":35,"column":4},"end":{"line":35,"column":null}},"22":{"start":{"line":38,"column":2},"end":{"line":38,"column":null}},"23":{"start":{"line":42,"column":2},"end":{"line":45,"column":null}},"24":{"start":{"line":53,"column":28},"end":{"line":53,"column":null}},"25":{"start":{"line":54,"column":2},"end":{"line":61,"column":null}},"26":{"start":{"line":55,"column":24},"end":{"line":55,"column":null}},"27":{"start":{"line":56,"column":4},"end":{"line":56,"column":null}},"28":{"start":{"line":57,"column":4},"end":{"line":59,"column":null}},"29":{"start":{"line":58,"column":6},"end":{"line":58,"column":null}},"30":{"start":{"line":60,"column":4},"end":{"line":60,"column":null}},"31":{"start":{"line":63,"column":22},"end":{"line":63,"column":null}},"32":{"start":{"line":65,"column":2},"end":{"line":106,"column":null}},"33":{"start":{"line":66,"column":24},"end":{"line":66,"column":null}},"34":{"start":{"line":69,"column":27},"end":{"line":69,"column":null}},"35":{"start":{"line":70,"column":4},"end":{"line":72,"column":null}},"36":{"start":{"line":71,"column":6},"end":{"line":71,"column":null}},"37":{"start":{"line":75,"column":16},"end":{"line":75,"column":null}},"38":{"start":{"line":76,"column":20},"end":{"line":76,"column":50}},"39":{"start":{"line":77,"column":26},"end":{"line":77,"column":null}},"40":{"start":{"line":80,"column":20},"end":{"line":80,"column":null}},"41":{"start":{"line":82,"column":4},"end":{"line":84,"column":null}},"42":{"start":{"line":83,"column":6},"end":{"line":83,"column":null}},"43":{"start":{"line":87,"column":4},"end":{"line":87,"column":null}},"44":{"start":{"line":89,"column":35},"end":{"line":89,"column":null}},"45":{"start":{"line":90,"column":4},"end":{"line":90,"column":null}},"46":{"start":{"line":92,"column":26},"end":{"line":92,"column":null}},"47":{"start":{"line":93,"column":23},"end":{"line":95,"column":null}},"48":{"start":{"line":97,"column":33},"end":{"line":100,"column":null}},"49":{"start":{"line":102,"column":4},"end":{"line":104,"column":null}}},"fnMap":{"0":{"name":"getCorsHeaders","decl":{"start":{"line":22,"column":9},"end":{"line":22,"column":24}},"loc":{"start":{"line":22,"column":40},"end":{"line":39,"column":null}}},"1":{"name":"OPTIONS","decl":{"start":{"line":41,"column":22},"end":{"line":41,"column":30}},"loc":{"start":{"line":41,"column":46},"end":{"line":46,"column":null}}},"2":{"name":"GET","decl":{"start":{"line":48,"column":22},"end":{"line":48,"column":null}},"loc":{"start":{"line":50,"column":54},"end":{"line":107,"column":null}}},"3":{"name":"(anonymous_8)","decl":{"start":{"line":57,"column":40},"end":{"line":57,"column":41}},"loc":{"start":{"line":57,"column":53},"end":{"line":59,"column":null}}}},"branchMap":{"0":{"loc":{"start":{"line":29,"column":2},"end":{"line":36,"column":null}},"type":"if","locations":[{"start":{"line":29,"column":2},"end":{"line":36,"column":null}},{"start":{"line":32,"column":9},"end":{"line":36,"column":null}}]},"1":{"loc":{"start":{"line":29,"column":6},"end":{"line":29,"column":41}},"type":"binary-expr","locations":[{"start":{"line":29,"column":6},"end":{"line":29,"column":16}},{"start":{"line":29,"column":16},"end":{"line":29,"column":41}}]},"2":{"loc":{"start":{"line":32,"column":9},"end":{"line":36,"column":null}},"type":"if","locations":[{"start":{"line":32,"column":9},"end":{"line":36,"column":null}}]},"3":{"loc":{"start":{"line":34,"column":45},"end":{"line":34,"column":null}},"type":"binary-expr","locations":[{"start":{"line":34,"column":45},"end":{"line":34,"column":55}},{"start":{"line":34,"column":55},"end":{"line":34,"column":null}}]},"4":{"loc":{"start":{"line":54,"column":2},"end":{"line":61,"column":null}},"type":"if","locations":[{"start":{"line":54,"column":2},"end":{"line":61,"column":null}}]},"5":{"loc":{"start":{"line":56,"column":65},"end":{"line":56,"column":null}},"type":"binary-expr","locations":[{"start":{"line":56,"column":65},"end":{"line":56,"column":98}},{"start":{"line":56,"column":98},"end":{"line":56,"column":null}}]},"6":{"loc":{"start":{"line":70,"column":4},"end":{"line":72,"column":null}},"type":"if","locations":[{"start":{"line":70,"column":4},"end":{"line":72,"column":null}}]},"7":{"loc":{"start":{"line":80,"column":20},"end":{"line":80,"column":null}},"type":"binary-expr","locations":[{"start":{"line":80,"column":20},"end":{"line":80,"column":46}},{"start":{"line":80,"column":50},"end":{"line":80,"column":67}},{"start":{"line":80,"column":71},"end":{"line":80,"column":92}},{"start":{"line":80,"column":96},"end":{"line":80,"column":null}}]},"8":{"loc":{"start":{"line":82,"column":4},"end":{"line":84,"column":null}},"type":"if","locations":[{"start":{"line":82,"column":4},"end":{"line":84,"column":null}}]},"9":{"loc":{"start":{"line":82,"column":8},"end":{"line":82,"column":37}},"type":"binary-expr","locations":[{"start":{"line":82,"column":8},"end":{"line":82,"column":19}},{"start":{"line":82,"column":19},"end":{"line":82,"column":37}}]},"10":{"loc":{"start":{"line":93,"column":23},"end":{"line":95,"column":null}},"type":"cond-expr","locations":[{"start":{"line":94,"column":9},"end":{"line":94,"column":null}},{"start":{"line":95,"column":8},"end":{"line":95,"column":null}}]},"11":{"loc":{"start":{"line":94,"column":9},"end":{"line":94,"column":null}},"type":"binary-expr","locations":[{"start":{"line":94,"column":9},"end":{"line":94,"column":25}},{"start":{"line":94,"column":29},"end":{"line":94,"column":null}}]}},"s":{"0":0,"1":0,"2":0,"3":0,"4":0,"5":0,"6":0,"7":0,"8":0,"9":0,"10":0,"11":0,"12":0,"13":0,"14":0,"15":0,"16":0,"17":0,"18":0,"19":0,"20":0,"21":0,"22":0,"23":0,"24":0,"25":0,"26":0,"27":0,"28":0,"29":0,"30":0,"31":0,"32":0,"33":0,"34":0,"35":0,"36":0,"37":0,"38":0,"39":0,"40":0,"41":0,"42":0,"43":0,"44":0,"45":0,"46":0,"47":0,"48":0,"49":0},"f":{"0":0,"1":0,"2":0,"3":0},"b":{"0":[0,0],"1":[0,0],"2":[0],"3":[0,0],"4":[0],"5":[0,0],"6":[0],"7":[0,0,0,0],"8":[0],"9":[0,0],"10":[0,0],"11":[0,0]}}
,"/Users/jackm4/Documents/GitHub/chatbot-service/app/api/[company]/ui-config/route.ts": {"path":"/Users/jackm4/Documents/GitHub/chatbot-service/app/api/[company]/ui-config/route.ts","statementMap":{"0":{"start":{"line":41,"column":22},"end":{"line":41,"column":null}},"1":{"start":{"line":34,"column":22},"end":{"line":34,"column":30}},"2":{"start":{"line":11,"column":13},"end":{"line":11,"column":27}},"3":{"start":{"line":10,"column":13},"end":{"line":10,"column":23}},"4":{"start":{"line":4,"column":29},"end":{"line":4,"column":null}},"5":{"start":{"line":5,"column":33},"end":{"line":5,"column":null}},"6":{"start":{"line":6,"column":34},"end":{"line":6,"column":null}},"7":{"start":{"line":7,"column":61},"end":{"line":7,"column":null}},"8":{"start":{"line":8,"column":32},"end":{"line":8,"column":null}},"9":{"start":{"line":10,"column":23},"end":{"line":10,"column":null}},"10":{"start":{"line":11,"column":27},"end":{"line":11,"column":null}},"11":{"start":{"line":17,"column":17},"end":{"line":17,"column":null}},"12":{"start":{"line":18,"column":42},"end":{"line":21,"column":null}},"13":{"start":{"line":23,"column":2},"end":{"line":29,"column":null}},"14":{"start":{"line":24,"column":4},"end":{"line":24,"column":null}},"15":{"start":{"line":25,"column":4},"end":{"line":25,"column":null}},"16":{"start":{"line":26,"column":9},"end":{"line":29,"column":null}},"17":{"start":{"line":27,"column":4},"end":{"line":27,"column":null}},"18":{"start":{"line":28,"column":4},"end":{"line":28,"column":null}},"19":{"start":{"line":31,"column":2},"end":{"line":31,"column":null}},"20":{"start":{"line":35,"column":2},"end":{"line":38,"column":null}},"21":{"start":{"line":45,"column":22},"end":{"line":45,"column":null}},"22":{"start":{"line":47,"column":2},"end":{"line":81,"column":null}},"23":{"start":{"line":48,"column":24},"end":{"line":48,"column":null}},"24":{"start":{"line":51,"column":27},"end":{"line":51,"column":null}},"25":{"start":{"line":52,"column":4},"end":{"line":54,"column":null}},"26":{"start":{"line":53,"column":6},"end":{"line":53,"column":null}},"27":{"start":{"line":57,"column":16},"end":{"line":57,"column":null}},"28":{"start":{"line":58,"column":20},"end":{"line":58,"column":50}},"29":{"start":{"line":59,"column":26},"end":{"line":59,"column":null}},"30":{"start":{"line":61,"column":21},"end":{"line":61,"column":null}},"31":{"start":{"line":62,"column":30},"end":{"line":62,"column":null}},"32":{"start":{"line":64,"column":4},"end":{"line":69,"column":null}},"33":{"start":{"line":72,"column":4},"end":{"line":72,"column":null}},"34":{"start":{"line":74,"column":26},"end":{"line":74,"column":null}},"35":{"start":{"line":75,"column":23},"end":{"line":75,"column":null}},"36":{"start":{"line":77,"column":4},"end":{"line":79,"column":null}}},"fnMap":{"0":{"name":"getCorsHeaders","decl":{"start":{"line":16,"column":9},"end":{"line":16,"column":24}},"loc":{"start":{"line":16,"column":40},"end":{"line":32,"column":null}}},"1":{"name":"OPTIONS","decl":{"start":{"line":34,"column":22},"end":{"line":34,"column":30}},"loc":{"start":{"line":34,"column":46},"end":{"line":39,"column":null}}},"2":{"name":"GET","decl":{"start":{"line":41,"column":22},"end":{"line":41,"column":null}},"loc":{"start":{"line":43,"column":54},"end":{"line":82,"column":null}}}},"branchMap":{"0":{"loc":{"start":{"line":23,"column":2},"end":{"line":29,"column":null}},"type":"if","locations":[{"start":{"line":23,"column":2},"end":{"line":29,"column":null}},{"start":{"line":26,"column":9},"end":{"line":29,"column":null}}]},"1":{"loc":{"start":{"line":23,"column":6},"end":{"line":23,"column":41}},"type":"binary-expr","locations":[{"start":{"line":23,"column":6},"end":{"line":23,"column":16}},{"start":{"line":23,"column":16},"end":{"line":23,"column":41}}]},"2":{"loc":{"start":{"line":26,"column":9},"end":{"line":29,"column":null}},"type":"if","locations":[{"start":{"line":26,"column":9},"end":{"line":29,"column":null}}]},"3":{"loc":{"start":{"line":27,"column":45},"end":{"line":27,"column":null}},"type":"binary-expr","locations":[{"start":{"line":27,"column":45},"end":{"line":27,"column":55}},{"start":{"line":27,"column":55},"end":{"line":27,"column":null}}]},"4":{"loc":{"start":{"line":52,"column":4},"end":{"line":54,"column":null}},"type":"if","locations":[{"start":{"line":52,"column":4},"end":{"line":54,"column":null}}]},"5":{"loc":{"start":{"line":61,"column":21},"end":{"line":61,"column":null}},"type":"binary-expr","locations":[{"start":{"line":61,"column":21},"end":{"line":61,"column":43}},{"start":{"line":61,"column":47},"end":{"line":61,"column":70}},{"start":{"line":61,"column":74},"end":{"line":61,"column":null}}]},"6":{"loc":{"start":{"line":62,"column":30},"end":{"line":62,"column":null}},"type":"binary-expr","locations":[{"start":{"line":62,"column":30},"end":{"line":62,"column":61}},{"start":{"line":62,"column":65},"end":{"line":62,"column":97}},{"start":{"line":62,"column":101},"end":{"line":62,"column":null}}]},"7":{"loc":{"start":{"line":66,"column":12},"end":{"line":66,"column":null}},"type":"binary-expr","locations":[{"start":{"line":66,"column":12},"end":{"line":66,"column":23}},{"start":{"line":66,"column":27},"end":{"line":66,"column":null}}]},"8":{"loc":{"start":{"line":67,"column":27},"end":{"line":67,"column":null}},"type":"binary-expr","locations":[{"start":{"line":67,"column":27},"end":{"line":67,"column":54}},{"start":{"line":67,"column":58},"end":{"line":67,"column":null}}]},"9":{"loc":{"start":{"line":75,"column":23},"end":{"line":75,"column":null}},"type":"cond-expr","locations":[{"start":{"line":75,"column":56},"end":{"line":75,"column":62}},{"start":{"line":75,"column":62},"end":{"line":75,"column":null}}]}},"s":{"0":0,"1":0,"2":0,"3":0,"4":0,"5":0,"6":0,"7":0,"8":0,"9":0,"10":0,"11":0,"12":0,"13":0,"14":0,"15":0,"16":0,"17":0,"18":0,"19":0,"20":0,"21":0,"22":0,"23":0,"24":0,"25":0,"26":0,"27":0,"28":0,"29":0,"30":0,"31":0,"32":0,"33":0,"34":0,"35":0,"36":0},"f":{"0":0,"1":0,"2":0},"b":{"0":[0,0],"1":[0,0],"2":[0],"3":[0,0],"4":[0],"5":[0,0,0],"6":[0,0,0],"7":[0,0],"8":[0,0],"9":[0,0]}}
,"/Users/jackm4/Documents/GitHub/chatbot-service/app/api/knowledge/[company]/route.ts": {"path":"/Users/jackm4/Documents/GitHub/chatbot-service/app/api/knowledge/[company]/route.ts","statementMap":{"0":{"start":{"line":6,"column":22},"end":{"line":6,"column":null}},"1":{"start":{"line":4,"column":13},"end":{"line":4,"column":23}},"2":{"start":{"line":1,"column":42},"end":{"line":1,"column":null}},"3":{"start":{"line":4,"column":23},"end":{"line":4,"column":null}},"4":{"start":{"line":10,"column":2},"end":{"line":138,"column":null}},"5":{"start":{"line":11,"column":24},"end":{"line":11,"column":null}},"6":{"start":{"line":13,"column":4},"end":{"line":18,"column":null}},"7":{"start":{"line":14,"column":6},"end":{"line":16,"column":null}},"8":{"start":{"line":21,"column":16},"end":{"line":21,"column":null}},"9":{"start":{"line":22,"column":20},"end":{"line":22,"column":50}},"10":{"start":{"line":25,"column":24},"end":{"line":25,"column":81}},"11":{"start":{"line":26,"column":29},"end":{"line":26,"column":31}},"12":{"start":{"line":28,"column":4},"end":{"line":58,"column":null}},"13":{"start":{"line":29,"column":31},"end":{"line":31,"column":null}},"14":{"start":{"line":33,"column":6},"end":{"line":46,"column":null}},"15":{"start":{"line":34,"column":8},"end":{"line":34,"column":null}},"16":{"start":{"line":37,"column":28},"end":{"line":44,"column":null}},"17":{"start":{"line":45,"column":8},"end":{"line":45,"column":null}},"18":{"start":{"line":49,"column":26},"end":{"line":56,"column":null}},"19":{"start":{"line":57,"column":6},"end":{"line":57,"column":null}},"20":{"start":{"line":61,"column":22},"end":{"line":61,"column":null}},"21":{"start":{"line":61,"column":43},"end":{"line":61,"column":null}},"22":{"start":{"line":64,"column":25},"end":{"line":102,"column":null}},"23":{"start":{"line":66,"column":8},"end":{"line":101,"column":null}},"24":{"start":{"line":67,"column":26},"end":{"line":67,"column":76}},"25":{"start":{"line":68,"column":31},"end":{"line":70,"column":null}},"26":{"start":{"line":72,"column":10},"end":{"line":74,"column":null}},"27":{"start":{"line":73,"column":12},"end":{"line":73,"column":null}},"28":{"start":{"line":76,"column":26},"end":{"line":76,"column":null}},"29":{"start":{"line":77,"column":23},"end":{"line":77,"column":null}},"30":{"start":{"line":80,"column":27},"end":{"line":80,"column":null}},"31":{"start":{"line":81,"column":29},"end":{"line":81,"column":null}},"32":{"start":{"line":82,"column":26},"end":{"line":82,"column":null}},"33":{"start":{"line":85,"column":23},"end":{"line":85,"column":63}},"34":{"start":{"line":87,"column":10},"end":{"line":97,"column":null}},"35":{"start":{"line":99,"column":10},"end":{"line":99,"column":null}},"36":{"start":{"line":100,"column":10},"end":{"line":100,"column":null}},"37":{"start":{"line":106,"column":23},"end":{"line":106,"column":null}},"38":{"start":{"line":106,"column":48},"end":{"line":106,"column":null}},"39":{"start":{"line":117,"column":4},"end":{"line":117,"column":null}},"40":{"start":{"line":117,"column":30},"end":{"line":117,"column":49}},"41":{"start":{"line":119,"column":4},"end":{"line":124,"column":null}},"42":{"start":{"line":120,"column":6},"end":{"line":122,"column":null}},"43":{"start":{"line":126,"column":4},"end":{"line":131,"column":null}},"44":{"start":{"line":130,"column":47},"end":{"line":130,"column":59}},"45":{"start":{"line":133,"column":4},"end":{"line":133,"column":null}},"46":{"start":{"line":134,"column":4},"end":{"line":136,"column":null}},"47":{"start":{"line":142,"column":37},"end":{"line":142,"column":null}},"48":{"start":{"line":144,"column":2},"end":{"line":199,"column":null}},"49":{"start":{"line":146,"column":6},"end":{"line":150,"column":null}},"50":{"start":{"line":147,"column":25},"end":{"line":147,"column":null}},"51":{"start":{"line":148,"column":8},"end":{"line":148,"column":null}},"52":{"start":{"line":149,"column":8},"end":{"line":149,"column":null}},"53":{"start":{"line":149,"column":47},"end":{"line":149,"column":61}},"54":{"start":{"line":151,"column":6},"end":{"line":151,"column":null}},"55":{"start":{"line":154,"column":6},"end":{"line":159,"column":null}},"56":{"start":{"line":155,"column":8},"end":{"line":155,"column":null}},"57":{"start":{"line":156,"column":8},"end":{"line":158,"column":null}},"58":{"start":{"line":157,"column":42},"end":{"line":157,"column":48}},"59":{"start":{"line":158,"column":57},"end":{"line":158,"column":63}},"60":{"start":{"line":160,"column":6},"end":{"line":162,"column":null}},"61":{"start":{"line":161,"column":8},"end":{"line":161,"column":null}},"62":{"start":{"line":163,"column":6},"end":{"line":163,"column":null}},"63":{"start":{"line":166,"column":6},"end":{"line":176,"column":null}},"64":{"start":{"line":167,"column":27},"end":{"line":167,"column":null}},"65":{"start":{"line":168,"column":8},"end":{"line":168,"column":null}},"66":{"start":{"line":169,"column":8},"end":{"line":169,"column":null}},"67":{"start":{"line":170,"column":29},"end":{"line":170,"column":null}},"68":{"start":{"line":171,"column":8},"end":{"line":174,"column":null}},"69":{"start":{"line":172,"column":28},"end":{"line":172,"column":65}},"70":{"start":{"line":173,"column":10},"end":{"line":173,"column":null}},"71":{"start":{"line":175,"column":8},"end":{"line":175,"column":null}},"72":{"start":{"line":177,"column":6},"end":{"line":177,"column":null}},"73":{"start":{"line":180,"column":6},"end":{"line":182,"column":null}},"74":{"start":{"line":181,"column":8},"end":{"line":181,"column":null}},"75":{"start":{"line":183,"column":6},"end":{"line":185,"column":null}},"76":{"start":{"line":184,"column":8},"end":{"line":184,"column":null}},"77":{"start":{"line":186,"column":6},"end":{"line":186,"column":null}},"78":{"start":{"line":189,"column":6},"end":{"line":191,"column":null}},"79":{"start":{"line":190,"column":8},"end":{"line":190,"column":null}},"80":{"start":{"line":192,"column":6},"end":{"line":192,"column":null}},"81":{"start":{"line":195,"column":6},"end":{"line":197,"column":null}},"82":{"start":{"line":196,"column":8},"end":{"line":196,"column":null}},"83":{"start":{"line":198,"column":6},"end":{"line":198,"column":null}},"84":{"start":{"line":201,"column":2},"end":{"line":201,"column":null}}},"fnMap":{"0":{"name":"GET","decl":{"start":{"line":6,"column":22},"end":{"line":6,"column":null}},"loc":{"start":{"line":8,"column":76},"end":{"line":139,"column":null}}},"1":{"name":"(anonymous_4)","decl":{"start":{"line":61,"column":38},"end":{"line":61,"column":43}},"loc":{"start":{"line":61,"column":43},"end":{"line":61,"column":null}}},"2":{"name":"(anonymous_5)","decl":{"start":{"line":65,"column":20},"end":{"line":65,"column":27}},"loc":{"start":{"line":65,"column":27},"end":{"line":102,"column":null}}},"3":{"name":"(anonymous_6)","decl":{"start":{"line":106,"column":43},"end":{"line":106,"column":48}},"loc":{"start":{"line":106,"column":48},"end":{"line":106,"column":null}}},"4":{"name":"(anonymous_7)","decl":{"start":{"line":117,"column":20},"end":{"line":117,"column":21}},"loc":{"start":{"line":117,"column":30},"end":{"line":117,"column":49}}},"5":{"name":"(anonymous_8)","decl":{"start":{"line":130,"column":35},"end":{"line":130,"column":36}},"loc":{"start":{"line":130,"column":47},"end":{"line":130,"column":59}}},"6":{"name":"getFileStats","decl":{"start":{"line":141,"column":9},"end":{"line":141,"column":22}},"loc":{"start":{"line":141,"column":44},"end":{"line":202,"column":null}}},"7":{"name":"(anonymous_10)","decl":{"start":{"line":149,"column":35},"end":{"line":149,"column":36}},"loc":{"start":{"line":149,"column":47},"end":{"line":149,"column":61}}},"8":{"name":"(anonymous_11)","decl":{"start":{"line":157,"column":30},"end":{"line":157,"column":31}},"loc":{"start":{"line":157,"column":42},"end":{"line":157,"column":48}}},"9":{"name":"(anonymous_12)","decl":{"start":{"line":158,"column":45},"end":{"line":158,"column":46}},"loc":{"start":{"line":158,"column":57},"end":{"line":158,"column":63}}},"10":{"name":"(anonymous_13)","decl":{"start":{"line":171,"column":27},"end":{"line":171,"column":28}},"loc":{"start":{"line":171,"column":28},"end":{"line":174,"column":null}}}},"branchMap":{"0":{"loc":{"start":{"line":13,"column":4},"end":{"line":18,"column":null}},"type":"if","locations":[{"start":{"line":13,"column":4},"end":{"line":18,"column":null}}]},"1":{"loc":{"start":{"line":33,"column":6},"end":{"line":46,"column":null}},"type":"if","locations":[{"start":{"line":33,"column":6},"end":{"line":46,"column":null}},{"start":{"line":35,"column":13},"end":{"line":46,"column":null}}]},"2":{"loc":{"start":{"line":61,"column":43},"end":{"line":61,"column":null}},"type":"binary-expr","locations":[{"start":{"line":61,"column":43},"end":{"line":61,"column":66}},{"start":{"line":61,"column":66},"end":{"line":61,"column":null}}]},"3":{"loc":{"start":{"line":72,"column":10},"end":{"line":74,"column":null}},"type":"if","locations":[{"start":{"line":72,"column":10},"end":{"line":74,"column":null}}]},"4":{"loc":{"start":{"line":81,"column":29},"end":{"line":81,"column":null}},"type":"binary-expr","locations":[{"start":{"line":81,"column":29},"end":{"line":81,"column":56}},{"start":{"line":81,"column":60},"end":{"line":81,"column":null}}]},"5":{"loc":{"start":{"line":119,"column":4},"end":{"line":124,"column":null}},"type":"if","locations":[{"start":{"line":119,"column":4},"end":{"line":124,"column":null}}]},"6":{"loc":{"start":{"line":135,"column":57},"end":{"line":135,"column":112}},"type":"cond-expr","locations":[{"start":{"line":135,"column":82},"end":{"line":135,"column":95}},{"start":{"line":135,"column":98},"end":{"line":135,"column":112}}]},"7":{"loc":{"start":{"line":144,"column":2},"end":{"line":199,"column":null}},"type":"switch","locations":[{"start":{"line":145,"column":4},"end":{"line":151,"column":null}},{"start":{"line":153,"column":4},"end":{"line":163,"column":null}},{"start":{"line":165,"column":4},"end":{"line":177,"column":null}},{"start":{"line":179,"column":4},"end":{"line":186,"column":null}},{"start":{"line":188,"column":4},"end":{"line":192,"column":null}},{"start":{"line":194,"column":4},"end":{"line":198,"column":null}}]},"8":{"loc":{"start":{"line":146,"column":6},"end":{"line":150,"column":null}},"type":"if","locations":[{"start":{"line":146,"column":6},"end":{"line":150,"column":null}}]},"9":{"loc":{"start":{"line":147,"column":25},"end":{"line":147,"column":null}},"type":"cond-expr","locations":[{"start":{"line":147,"column":56},"end":{"line":147,"column":69}},{"start":{"line":147,"column":72},"end":{"line":147,"column":null}}]},"10":{"loc":{"start":{"line":149,"column":47},"end":{"line":149,"column":61}},"type":"binary-expr","locations":[{"start":{"line":149,"column":47},"end":{"line":149,"column":53}},{"start":{"line":149,"column":57},"end":{"line":149,"column":61}}]},"11":{"loc":{"start":{"line":154,"column":6},"end":{"line":159,"column":null}},"type":"if","locations":[{"start":{"line":154,"column":6},"end":{"line":159,"column":null}}]},"12":{"loc":{"start":{"line":155,"column":25},"end":{"line":155,"column":112}},"type":"cond-expr","locations":[{"start":{"line":155,"column":56},"end":{"line":155,"column":76}},{"start":{"line":155,"column":79},"end":{"line":155,"column":112}}]},"13":{"loc":{"start":{"line":156,"column":28},"end":{"line":158,"column":null}},"type":"cond-expr","locations":[{"start":{"line":157,"column":12},"end":{"line":157,"column":null}},{"start":{"line":158,"column":12},"end":{"line":158,"column":null}}]},"14":{"loc":{"start":{"line":160,"column":6},"end":{"line":162,"column":null}},"type":"if","locations":[{"start":{"line":160,"column":6},"end":{"line":162,"column":null}}]},"15":{"loc":{"start":{"line":160,"column":10},"end":{"line":160,"column":47}},"type":"binary-expr","locations":[{"start":{"line":160,"column":10},"end":{"line":160,"column":31}},{"start":{"line":160,"column":35},"end":{"line":160,"column":47}}]},"16":{"loc":{"start":{"line":166,"column":6},"end":{"line":176,"column":null}},"type":"if","locations":[{"start":{"line":166,"column":6},"end":{"line":176,"column":null}}]},"17":{"loc":{"start":{"line":172,"column":28},"end":{"line":172,"column":65}},"type":"binary-expr","locations":[{"start":{"line":172,"column":28},"end":{"line":172,"column":63}},{"start":{"line":172,"column":63},"end":{"line":172,"column":65}}]},"18":{"loc":{"start":{"line":180,"column":6},"end":{"line":182,"column":null}},"type":"if","locations":[{"start":{"line":180,"column":6},"end":{"line":182,"column":null}}]},"19":{"loc":{"start":{"line":181,"column":24},"end":{"line":181,"column":108}},"type":"cond-expr","locations":[{"start":{"line":181,"column":54},"end":{"line":181,"column":73}},{"start":{"line":181,"column":76},"end":{"line":181,"column":108}}]},"20":{"loc":{"start":{"line":183,"column":6},"end":{"line":185,"column":null}},"type":"if","locations":[{"start":{"line":183,"column":6},"end":{"line":185,"column":null}}]},"21":{"loc":{"start":{"line":184,"column":25},"end":{"line":184,"column":112}},"type":"cond-expr","locations":[{"start":{"line":184,"column":56},"end":{"line":184,"column":76}},{"start":{"line":184,"column":79},"end":{"line":184,"column":112}}]},"22":{"loc":{"start":{"line":189,"column":6},"end":{"line":191,"column":null}},"type":"if","locations":[{"start":{"line":189,"column":6},"end":{"line":191,"column":null}}]},"23":{"loc":{"start":{"line":190,"column":26},"end":{"line":190,"column":116}},"type":"cond-expr","locations":[{"start":{"line":190,"column":58},"end":{"line":190,"column":79}},{"start":{"line":190,"column":82},"end":{"line":190,"column":116}}]},"24":{"loc":{"start":{"line":195,"column":6},"end":{"line":197,"column":null}},"type":"if","locations":[{"start":{"line":195,"column":6},"end":{"line":197,"column":null}}]},"25":{"loc":{"start":{"line":196,"column":25},"end":{"line":196,"column":112}},"type":"cond-expr","locations":[{"start":{"line":196,"column":56},"end":{"line":196,"column":76}},{"start":{"line":196,"column":79},"end":{"line":196,"column":112}}]}},"s":{"0":0,"1":0,"2":0,"3":0,"4":0,"5":0,"6":0,"7":0,"8":0,"9":0,"10":0,"11":0,"12":0,"13":0,"14":0,"15":0,"16":0,"17":0,"18":0,"19":0,"20":0,"21":0,"22":0,"23":0,"24":0,"25":0,"26":0,"27":0,"28":0,"29":0,"30":0,"31":0,"32":0,"33":0,"34":0,"35":0,"36":0,"37":0,"38":0,"39":0,"40":0,"41":0,"42":0,"43":0,"44":0,"45":0,"46":0,"47":0,"48":0,"49":0,"50":0,"51":0,"52":0,"53":0,"54":0,"55":0,"56":0,"57":0,"58":0,"59":0,"60":0,"61":0,"62":0,"63":0,"64":0,"65":0,"66":0,"67":0,"68":0,"69":0,"70":0,"71":0,"72":0,"73":0,"74":0,"75":0,"76":0,"77":0,"78":0,"79":0,"80":0,"81":0,"82":0,"83":0,"84":0},"f":{"0":0,"1":0,"2":0,"3":0,"4":0,"5":0,"6":0,"7":0,"8":0,"9":0,"10":0},"b":{"0":[0],"1":[0,0],"2":[0,0],"3":[0],"4":[0,0],"5":[0],"6":[0,0],"7":[0,0,0,0,0,0],"8":[0],"9":[0,0],"10":[0,0],"11":[0],"12":[0,0],"13":[0,0],"14":[0],"15":[0,0],"16":[0],"17":[0,0],"18":[0],"19":[0,0],"20":[0],"21":[0,0],"22":[0],"23":[0,0],"24":[0],"25":[0,0]}}
,"/Users/jackm4/Documents/GitHub/chatbot-service/app/demo/[company]/DynamicChatbotWidget.tsx": {"path":"/Users/jackm4/Documents/GitHub/chatbot-service/app/demo/[company]/DynamicChatbotWidget.tsx","statementMap":{"0":{"start":{"line":15,"column":16},"end":{"line":15,"column":37}},"1":{"start":{"line":3,"column":51},"end":{"line":3,"column":null}},"2":{"start":{"line":4,"column":44},"end":{"line":4,"column":null}},"3":{"start":{"line":16,"column":44},"end":{"line":16,"column":null}},"4":{"start":{"line":17,"column":28},"end":{"line":17,"column":null}},"5":{"start":{"line":19,"column":2},"end":{"line":45,"column":24}},"6":{"start":{"line":20,"column":4},"end":{"line":23,"column":null}},"7":{"start":{"line":21,"column":6},"end":{"line":21,"column":null}},"8":{"start":{"line":22,"column":6},"end":{"line":22,"column":null}},"9":{"start":{"line":28,"column":4},"end":{"line":44,"column":null}},"10":{"start":{"line":33,"column":8},"end":{"line":35,"column":null}},"11":{"start":{"line":34,"column":10},"end":{"line":34,"column":null}},"12":{"start":{"line":36,"column":8},"end":{"line":36,"column":null}},"13":{"start":{"line":37,"column":8},"end":{"line":37,"column":null}},"14":{"start":{"line":37,"column":31},"end":{"line":37,"column":null}},"15":{"start":{"line":38,"column":8},"end":{"line":38,"column":23}},"16":{"start":{"line":41,"column":29},"end":{"line":41,"column":null}},"17":{"start":{"line":42,"column":8},"end":{"line":42,"column":null}},"18":{"start":{"line":43,"column":8},"end":{"line":43,"column":null}},"19":{"start":{"line":47,"column":2},"end":{"line":54,"column":null}},"20":{"start":{"line":56,"column":2},"end":{"line":62,"column":null}},"21":{"start":{"line":65,"column":2},"end":{"line":73,"column":null}},"22":{"start":{"line":66,"column":4},"end":{"line":66,"column":null}},"23":{"start":{"line":76,"column":2},"end":{"line":84,"column":null}},"24":{"start":{"line":77,"column":4},"end":{"line":77,"column":null}},"25":{"start":{"line":86,"column":2},"end":{"line":96,"column":null}},"26":{"start":{"line":89,"column":4},"end":{"line":89,"column":null}}},"fnMap":{"0":{"name":"DynamicChatbotWidget","decl":{"start":{"line":15,"column":16},"end":{"line":15,"column":37}},"loc":{"start":{"line":15,"column":62},"end":{"line":97,"column":null}}},"1":{"name":"(anonymous_2)","decl":{"start":{"line":19,"column":12},"end":{"line":19,"column":null}},"loc":{"start":{"line":19,"column":12},"end":{"line":45,"column":5}}},"2":{"name":"(anonymous_3)","decl":{"start":{"line":32,"column":12},"end":{"line":32,"column":13}},"loc":{"start":{"line":32,"column":13},"end":{"line":39,"column":null}}},"3":{"name":"(anonymous_4)","decl":{"start":{"line":37,"column":25},"end":{"line":37,"column":31}},"loc":{"start":{"line":37,"column":31},"end":{"line":37,"column":null}}},"4":{"name":"(anonymous_5)","decl":{"start":{"line":40,"column":13},"end":{"line":40,"column":14}},"loc":{"start":{"line":40,"column":14},"end":{"line":44,"column":null}}}},"branchMap":{"0":{"loc":{"start":{"line":20,"column":4},"end":{"line":23,"column":null}},"type":"if","locations":[{"start":{"line":20,"column":4},"end":{"line":23,"column":null}}]},"1":{"loc":{"start":{"line":33,"column":8},"end":{"line":35,"column":null}},"type":"if","locations":[{"start":{"line":33,"column":8},"end":{"line":35,"column":null}}]},"2":{"loc":{"start":{"line":41,"column":29},"end":{"line":41,"column":null}},"type":"cond-expr","locations":[{"start":{"line":41,"column":52},"end":{"line":41,"column":63}},{"start":{"line":41,"column":66},"end":{"line":41,"column":null}}]},"3":{"loc":{"start":{"line":47,"column":2},"end":{"line":54,"column":null}},"type":"if","locations":[{"start":{"line":47,"column":2},"end":{"line":54,"column":null}}]},"4":{"loc":{"start":{"line":56,"column":2},"end":{"line":62,"column":null}},"type":"if","locations":[{"start":{"line":56,"column":2},"end":{"line":62,"column":null}}]},"5":{"loc":{"start":{"line":65,"column":2},"end":{"line":73,"column":null}},"type":"if","locations":[{"start":{"line":65,"column":2},"end":{"line":73,"column":null}}]},"6":{"loc":{"start":{"line":65,"column":6},"end":{"line":65,"column":32}},"type":"binary-expr","locations":[{"start":{"line":65,"column":6},"end":{"line":65,"column":16}},{"start":{"line":65,"column":16},"end":{"line":65,"column":32}}]},"7":{"loc":{"start":{"line":76,"column":2},"end":{"line":84,"column":null}},"type":"if","locations":[{"start":{"line":76,"column":2},"end":{"line":84,"column":null}}]},"8":{"loc":{"start":{"line":93,"column":46},"end":{"line":93,"column":null}},"type":"cond-expr","locations":[{"start":{"line":93,"column":71},"end":{"line":93,"column":84}},{"start":{"line":93,"column":87},"end":{"line":93,"column":null}}]}},"s":{"0":0,"1":0,"2":0,"3":0,"4":0,"5":0,"6":0,"7":0,"8":0,"9":0,"10":0,"11":0,"12":0,"13":0,"14":0,"15":0,"16":0,"17":0,"18":0,"19":0,"20":0,"21":0,"22":0,"23":0,"24":0,"25":0,"26":0},"f":{"0":0,"1":0,"2":0,"3":0,"4":0},"b":{"0":[0],"1":[0],"2":[0,0],"3":[0],"4":[0],"5":[0],"6":[0,0],"7":[0],"8":[0,0]}}
,"/Users/jackm4/Documents/GitHub/chatbot-service/app/demo/[company]/page.tsx": {"path":"/Users/jackm4/Documents/GitHub/chatbot-service/app/demo/[company]/page.tsx","statementMap":{"0":{"start":{"line":30,"column":30},"end":{"line":30,"column":39}},"1":{"start":{"line":15,"column":22},"end":{"line":15,"column":39}},"2":{"start":{"line":10,"column":13},"end":{"line":10,"column":23}},"3":{"start":{"line":1,"column":25},"end":{"line":1,"column":null}},"4":{"start":{"line":3,"column":37},"end":{"line":3,"column":null}},"5":{"start":{"line":4,"column":33},"end":{"line":4,"column":null}},"6":{"start":{"line":5,"column":33},"end":{"line":5,"column":null}},"7":{"start":{"line":6,"column":57},"end":{"line":6,"column":null}},"8":{"start":{"line":8,"column":36},"end":{"line":8,"column":null}},"9":{"start":{"line":10,"column":23},"end":{"line":10,"column":null}},"10":{"start":{"line":21,"column":22},"end":{"line":21,"column":null}},"11":{"start":{"line":22,"column":17},"end":{"line":22,"column":null}},"12":{"start":{"line":24,"column":2},"end":{"line":27,"column":null}},"13":{"start":{"line":36,"column":22},"end":{"line":36,"column":null}},"14":{"start":{"line":37,"column":17},"end":{"line":37,"column":null}},"15":{"start":{"line":39,"column":2},"end":{"line":41,"column":null}},"16":{"start":{"line":40,"column":4},"end":{"line":40,"column":null}},"17":{"start":{"line":46,"column":16},"end":{"line":46,"column":48}},"18":{"start":{"line":50,"column":2},"end":{"line":61,"column":null}},"19":{"start":{"line":51,"column":4},"end":{"line":60,"column":null}},"20":{"start":{"line":52,"column":6},"end":{"line":52,"column":null}},"21":{"start":{"line":56,"column":6},"end":{"line":58,"column":null}},"22":{"start":{"line":63,"column":24},"end":{"line":63,"column":null}},"23":{"start":{"line":64,"column":23},"end":{"line":64,"column":null}},"24":{"start":{"line":65,"column":22},"end":{"line":65,"column":null}},"25":{"start":{"line":68,"column":34},"end":{"line":72,"column":10}},"26":{"start":{"line":90,"column":18},"end":{"line":90,"column":56}},"27":{"start":{"line":120,"column":18},"end":{"line":120,"column":39}}},"fnMap":{"0":{"name":"generateMetadata","decl":{"start":{"line":15,"column":22},"end":{"line":15,"column":39}},"loc":{"start":{"line":19,"column":1},"end":{"line":28,"column":null}}},"1":{"name":"DemoPage","decl":{"start":{"line":30,"column":30},"end":{"line":30,"column":39}},"loc":{"start":{"line":34,"column":1},"end":{"line":192,"column":null}}},"2":{"name":"(anonymous_6)","decl":{"start":{"line":89,"column":34},"end":{"line":89,"column":35}},"loc":{"start":{"line":90,"column":18},"end":{"line":90,"column":56}}},"3":{"name":"(anonymous_7)","decl":{"start":{"line":119,"column":59},"end":{"line":119,"column":60}},"loc":{"start":{"line":120,"column":18},"end":{"line":120,"column":39}}}},"branchMap":{"0":{"loc":{"start":{"line":25,"column":11},"end":{"line":25,"column":null}},"type":"binary-expr","locations":[{"start":{"line":25,"column":11},"end":{"line":25,"column":27}},{"start":{"line":25,"column":27},"end":{"line":25,"column":null}}]},"1":{"loc":{"start":{"line":26,"column":17},"end":{"line":26,"column":62}},"type":"binary-expr","locations":[{"start":{"line":26,"column":17},"end":{"line":26,"column":36}},{"start":{"line":26,"column":36},"end":{"line":26,"column":62}}]},"2":{"loc":{"start":{"line":39,"column":2},"end":{"line":41,"column":null}},"type":"if","locations":[{"start":{"line":39,"column":2},"end":{"line":41,"column":null}}]},"3":{"loc":{"start":{"line":50,"column":2},"end":{"line":61,"column":null}},"type":"if","locations":[{"start":{"line":50,"column":2},"end":{"line":61,"column":null}}]},"4":{"loc":{"start":{"line":51,"column":4},"end":{"line":60,"column":null}},"type":"if","locations":[{"start":{"line":51,"column":4},"end":{"line":60,"column":null}},{"start":{"line":53,"column":11},"end":{"line":60,"column":null}}]},"5":{"loc":{"start":{"line":64,"column":23},"end":{"line":64,"column":null}},"type":"binary-expr","locations":[{"start":{"line":64,"column":23},"end":{"line":64,"column":45}},{"start":{"line":64,"column":49},"end":{"line":64,"column":null}}]},"6":{"loc":{"start":{"line":65,"column":22},"end":{"line":65,"column":null}},"type":"binary-expr","locations":[{"start":{"line":65,"column":22},"end":{"line":65,"column":48}},{"start":{"line":65,"column":52},"end":{"line":65,"column":null}}]},"7":{"loc":{"start":{"line":68,"column":34},"end":{"line":72,"column":10}},"type":"cond-expr","locations":[{"start":{"line":69,"column":6},"end":{"line":69,"column":null}},{"start":{"line":70,"column":6},"end":{"line":72,"column":10}}]},"8":{"loc":{"start":{"line":70,"column":6},"end":{"line":72,"column":10}},"type":"cond-expr","locations":[{"start":{"line":71,"column":8},"end":{"line":71,"column":null}},{"start":{"line":72,"column":8},"end":{"line":72,"column":10}}]},"9":{"loc":{"start":{"line":70,"column":6},"end":{"line":70,"column":null}},"type":"binary-expr","locations":[{"start":{"line":70,"column":6},"end":{"line":70,"column":27}},{"start":{"line":70,"column":31},"end":{"line":70,"column":null}}]},"10":{"loc":{"start":{"line":88,"column":14},"end":{"line":107,"column":15}},"type":"cond-expr","locations":[{"start":{"line":88,"column":14},"end":{"line":107,"column":15}}]},"11":{"loc":{"start":{"line":92,"column":21},"end":{"line":92,"column":37}},"type":"binary-expr","locations":[{"start":{"line":92,"column":21},"end":{"line":92,"column":37}}]},"12":{"loc":{"start":{"line":95,"column":21},"end":{"line":95,"column":40}},"type":"binary-expr","locations":[{"start":{"line":95,"column":21},"end":{"line":95,"column":40}}]},"13":{"loc":{"start":{"line":98,"column":21},"end":{"line":98,"column":38}},"type":"binary-expr","locations":[{"start":{"line":98,"column":21},"end":{"line":98,"column":38}},{"start":{"line":98,"column":42},"end":{"line":98,"column":78}},{"start":{"line":98,"column":78},"end":{"line":98,"column":null}}]},"14":{"loc":{"start":{"line":90,"column":28},"end":{"line":90,"column":54}},"type":"binary-expr","locations":[{"start":{"line":90,"column":28},"end":{"line":90,"column":38}},{"start":{"line":90,"column":42},"end":{"line":90,"column":54}}]},"15":{"loc":{"start":{"line":118,"column":14},"end":{"line":160,"column":28}},"type":"cond-expr","locations":[{"start":{"line":118,"column":14},"end":{"line":160,"column":28}}]},"16":{"loc":{"start":{"line":117,"column":13},"end":{"line":117,"column":null}},"type":"binary-expr","locations":[{"start":{"line":117,"column":13},"end":{"line":117,"column":33}},{"start":{"line":117,"column":37},"end":{"line":117,"column":76}},{"start":{"line":117,"column":76},"end":{"line":117,"column":null}}]},"17":{"loc":{"start":{"line":122,"column":21},"end":{"line":122,"column":35}},"type":"binary-expr","locations":[{"start":{"line":122,"column":21},"end":{"line":122,"column":35}}]},"18":{"loc":{"start":{"line":127,"column":21},"end":{"line":127,"column":40}},"type":"binary-expr","locations":[{"start":{"line":127,"column":21},"end":{"line":127,"column":40}}]},"19":{"loc":{"start":{"line":130,"column":21},"end":{"line":130,"column":33}},"type":"binary-expr","locations":[{"start":{"line":130,"column":21},"end":{"line":130,"column":33}}]},"20":{"loc":{"start":{"line":135,"column":21},"end":{"line":135,"column":33}},"type":"binary-expr","locations":[{"start":{"line":135,"column":21},"end":{"line":135,"column":33}},{"start":{"line":135,"column":37},"end":{"line":135,"column":57}}]},"21":{"loc":{"start":{"line":142,"column":17},"end":{"line":142,"column":45}},"type":"binary-expr","locations":[{"start":{"line":142,"column":17},"end":{"line":142,"column":45}}]},"22":{"loc":{"start":{"line":144,"column":21},"end":{"line":144,"column":55}},"type":"binary-expr","locations":[{"start":{"line":144,"column":21},"end":{"line":144,"column":55}}]},"23":{"loc":{"start":{"line":152,"column":21},"end":{"line":152,"column":52}},"type":"binary-expr","locations":[{"start":{"line":152,"column":21},"end":{"line":152,"column":52}}]},"24":{"loc":{"start":{"line":161,"column":14},"end":{"line":177,"column":15}},"type":"cond-expr","locations":[{"start":{"line":161,"column":14},"end":{"line":177,"column":15}}]},"25":{"loc":{"start":{"line":162,"column":17},"end":{"line":162,"column":51}},"type":"binary-expr","locations":[{"start":{"line":162,"column":17},"end":{"line":162,"column":51}}]},"26":{"loc":{"start":{"line":170,"column":17},"end":{"line":170,"column":51}},"type":"binary-expr","locations":[{"start":{"line":170,"column":17},"end":{"line":170,"column":51}}]}},"s":{"0":0,"1":0,"2":0,"3":0,"4":0,"5":0,"6":0,"7":0,"8":0,"9":0,"10":0,"11":0,"12":0,"13":0,"14":0,"15":0,"16":0,"17":0,"18":0,"19":0,"20":0,"21":0,"22":0,"23":0,"24":0,"25":0,"26":0,"27":0},"f":{"0":0,"1":0,"2":0,"3":0},"b":{"0":[0,0],"1":[0,0],"2":[0],"3":[0],"4":[0,0],"5":[0,0],"6":[0,0],"7":[0,0],"8":[0,0],"9":[0,0],"10":[0],"11":[0],"12":[0],"13":[0,0,0],"14":[0,0],"15":[0],"16":[0,0,0],"17":[0],"18":[0],"19":[0],"20":[0,0],"21":[0],"22":[0],"23":[0],"24":[0],"25":[0],"26":[0]}}
,"/Users/jackm4/Documents/GitHub/chatbot-service/app/knowledge/[company]/EmptyState.tsx": {"path":"/Users/jackm4/Documents/GitHub/chatbot-service/app/knowledge/[company]/EmptyState.tsx","statementMap":{"0":{"start":{"line":12,"column":16},"end":{"line":12,"column":27}},"1":{"start":{"line":3,"column":34},"end":{"line":3,"column":null}},"2":{"start":{"line":4,"column":36},"end":{"line":4,"column":null}},"3":{"start":{"line":17,"column":24},"end":{"line":17,"column":62}}},"fnMap":{"0":{"name":"EmptyState","decl":{"start":{"line":12,"column":16},"end":{"line":12,"column":27}},"loc":{"start":{"line":16,"column":18},"end":{"line":32,"column":null}}}},"branchMap":{"0":{"loc":{"start":{"line":13,"column":2},"end":{"line":13,"column":18}},"type":"default-arg","locations":[{"start":{"line":13,"column":12},"end":{"line":13,"column":18}}]},"1":{"loc":{"start":{"line":15,"column":2},"end":{"line":15,"column":16}},"type":"default-arg","locations":[{"start":{"line":15,"column":9},"end":{"line":15,"column":16}}]},"2":{"loc":{"start":{"line":17,"column":24},"end":{"line":17,"column":62}},"type":"cond-expr","locations":[{"start":{"line":17,"column":42},"end":{"line":17,"column":54}},{"start":{"line":17,"column":57},"end":{"line":17,"column":62}}]},"3":{"loc":{"start":{"line":25,"column":11},"end":{"line":25,"column":null}},"type":"binary-expr","locations":[{"start":{"line":25,"column":11},"end":{"line":25,"column":null}}]}},"s":{"0":0,"1":0,"2":0,"3":0},"f":{"0":0},"b":{"0":[0],"1":[0],"2":[0,0],"3":[0]}}
,"/Users/jackm4/Documents/GitHub/chatbot-service/app/knowledge/[company]/ErrorDisplay.tsx": {"path":"/Users/jackm4/Documents/GitHub/chatbot-service/app/knowledge/[company]/ErrorDisplay.tsx","statementMap":{"0":{"start":{"line":13,"column":16},"end":{"line":13,"column":29}},"1":{"start":{"line":3,"column":34},"end":{"line":3,"column":null}},"2":{"start":{"line":4,"column":23},"end":{"line":4,"column":null}},"3":{"start":{"line":5,"column":39},"end":{"line":5,"column":null}},"4":{"start":{"line":14,"column":23},"end":{"line":14,"column":null}}},"fnMap":{"0":{"name":"ErrorDisplay","decl":{"start":{"line":13,"column":16},"end":{"line":13,"column":29}},"loc":{"start":{"line":13,"column":82},"end":{"line":40,"column":null}}}},"branchMap":{"0":{"loc":{"start":{"line":13,"column":47},"end":{"line":13,"column":61}},"type":"default-arg","locations":[{"start":{"line":13,"column":55},"end":{"line":13,"column":61}}]},"1":{"loc":{"start":{"line":14,"column":23},"end":{"line":14,"column":null}},"type":"cond-expr","locations":[{"start":{"line":14,"column":48},"end":{"line":14,"column":61}},{"start":{"line":14,"column":64},"end":{"line":14,"column":null}}]},"2":{"loc":{"start":{"line":24,"column":13},"end":{"line":24,"column":null}},"type":"binary-expr","locations":[{"start":{"line":24,"column":13},"end":{"line":24,"column":null}}]}},"s":{"0":0,"1":0,"2":0,"3":0,"4":0},"f":{"0":0},"b":{"0":[0],"1":[0,0],"2":[0]}}
,"/Users/jackm4/Documents/GitHub/chatbot-service/app/knowledge/[company]/KnowledgeViewer.tsx": {"path":"/Users/jackm4/Documents/GitHub/chatbot-service/app/knowledge/[company]/KnowledgeViewer.tsx","statementMap":{"0":{"start":{"line":21,"column":16},"end":{"line":21,"column":32}},"1":{"start":{"line":3,"column":25},"end":{"line":3,"column":null}},"2":{"start":{"line":4,"column":23},"end":{"line":4,"column":null}},"3":{"start":{"line":5,"column":34},"end":{"line":5,"column":null}},"4":{"start":{"line":6,"column":29},"end":{"line":6,"column":null}},"5":{"start":{"line":7,"column":27},"end":{"line":7,"column":null}},"6":{"start":{"line":22,"column":34},"end":{"line":22,"column":null}},"7":{"start":{"line":23,"column":40},"end":{"line":23,"column":null}},"8":{"start":{"line":26,"column":2},"end":{"line":28,"column":null}},"9":{"start":{"line":30,"column":2},"end":{"line":32,"column":null}},"10":{"start":{"line":34,"column":24},"end":{"line":54,"column":null}},"11":{"start":{"line":35,"column":4},"end":{"line":53,"column":null}},"12":{"start":{"line":36,"column":6},"end":{"line":49,"column":null}},"13":{"start":{"line":38,"column":10},"end":{"line":38,"column":null}},"14":{"start":{"line":40,"column":10},"end":{"line":40,"column":null}},"15":{"start":{"line":42,"column":10},"end":{"line":42,"column":null}},"16":{"start":{"line":44,"column":10},"end":{"line":44,"column":null}},"17":{"start":{"line":46,"column":10},"end":{"line":46,"column":null}},"18":{"start":{"line":48,"column":10},"end":{"line":48,"column":null}},"19":{"start":{"line":51,"column":6},"end":{"line":51,"column":null}},"20":{"start":{"line":52,"column":6},"end":{"line":52,"column":null}},"21":{"start":{"line":56,"column":2},"end":{"line":58,"column":null}},"22":{"start":{"line":66,"column":25},"end":{"line":66,"column":null}},"23":{"start":{"line":74,"column":25},"end":{"line":74,"column":null}},"24":{"start":{"line":101,"column":2},"end":{"line":103,"column":null}},"25":{"start":{"line":105,"column":19},"end":{"line":107,"column":8}},"26":{"start":{"line":109,"column":2},"end":{"line":111,"column":null}},"27":{"start":{"line":116,"column":8},"end":{"line":116,"column":25}},"28":{"start":{"line":131,"column":2},"end":{"line":133,"column":null}},"29":{"start":{"line":135,"column":19},"end":{"line":137,"column":8}},"30":{"start":{"line":139,"column":2},"end":{"line":143,"column":null}},"31":{"start":{"line":140,"column":4},"end":{"line":142,"column":null}},"32":{"start":{"line":151,"column":12},"end":{"line":151,"column":29}},"33":{"start":{"line":182,"column":2},"end":{"line":184,"column":null}},"34":{"start":{"line":186,"column":2},"end":{"line":188,"column":null}},"35":{"start":{"line":190,"column":21},"end":{"line":190,"column":null}},"36":{"start":{"line":192,"column":2},"end":{"line":194,"column":null}},"37":{"start":{"line":199,"column":25},"end":{"line":199,"column":48}},"38":{"start":{"line":200,"column":26},"end":{"line":200,"column":51}},"39":{"start":{"line":202,"column":8},"end":{"line":203,"column":28}},"40":{"start":{"line":207,"column":16},"end":{"line":207,"column":33}},"41":{"start":{"line":221,"column":2},"end":{"line":223,"column":null}},"42":{"start":{"line":225,"column":18},"end":{"line":227,"column":8}},"43":{"start":{"line":228,"column":25},"end":{"line":228,"column":null}},"44":{"start":{"line":230,"column":2},"end":{"line":232,"column":null}},"45":{"start":{"line":241,"column":14},"end":{"line":241,"column":44}},"46":{"start":{"line":263,"column":24},"end":{"line":263,"column":44}},"47":{"start":{"line":276,"column":24},"end":{"line":276,"column":44}},"48":{"start":{"line":289,"column":24},"end":{"line":289,"column":44}},"49":{"start":{"line":307,"column":14},"end":{"line":309,"column":null}},"50":{"start":{"line":308,"column":16},"end":{"line":308,"column":null}},"51":{"start":{"line":311,"column":33},"end":{"line":316,"column":null}},"52":{"start":{"line":313,"column":81},"end":{"line":316,"column":null}},"53":{"start":{"line":318,"column":14},"end":{"line":318,"column":null}},"54":{"start":{"line":318,"column":43},"end":{"line":318,"column":null}},"55":{"start":{"line":320,"column":14},"end":{"line":321,"column":38}},"56":{"start":{"line":327,"column":22},"end":{"line":327,"column":52}},"57":{"start":{"line":342,"column":32},"end":{"line":342,"column":52}},"58":{"start":{"line":363,"column":2},"end":{"line":365,"column":null}},"59":{"start":{"line":367,"column":20},"end":{"line":369,"column":8}},"60":{"start":{"line":371,"column":2},"end":{"line":373,"column":null}},"61":{"start":{"line":378,"column":29},"end":{"line":378,"column":null}},"62":{"start":{"line":379,"column":29},"end":{"line":379,"column":null}},"63":{"start":{"line":380,"column":28},"end":{"line":380,"column":77}},"64":{"start":{"line":382,"column":8},"end":{"line":383,"column":27}},"65":{"start":{"line":402,"column":20},"end":{"line":402,"column":44}},"66":{"start":{"line":417,"column":2},"end":{"line":419,"column":null}},"67":{"start":{"line":421,"column":2},"end":{"line":429,"column":null}}},"fnMap":{"0":{"name":"KnowledgeViewer","decl":{"start":{"line":21,"column":16},"end":{"line":21,"column":32}},"loc":{"start":{"line":21,"column":62},"end":{"line":98,"column":null}}},"1":{"name":"(anonymous_2)","decl":{"start":{"line":34,"column":24},"end":{"line":34,"column":null}},"loc":{"start":{"line":34,"column":24},"end":{"line":54,"column":null}}},"2":{"name":"(anonymous_3)","decl":{"start":{"line":66,"column":19},"end":{"line":66,"column":25}},"loc":{"start":{"line":66,"column":25},"end":{"line":66,"column":null}}},"3":{"name":"(anonymous_4)","decl":{"start":{"line":74,"column":19},"end":{"line":74,"column":25}},"loc":{"start":{"line":74,"column":25},"end":{"line":74,"column":null}}},"4":{"name":"renderServices","decl":{"start":{"line":100,"column":9},"end":{"line":100,"column":24}},"loc":{"start":{"line":100,"column":33},"end":{"line":128,"column":null}}},"5":{"name":"(anonymous_6)","decl":{"start":{"line":115,"column":20},"end":{"line":115,"column":21}},"loc":{"start":{"line":116,"column":8},"end":{"line":116,"column":25}}},"6":{"name":"renderCompanyInfo","decl":{"start":{"line":130,"column":9},"end":{"line":130,"column":27}},"loc":{"start":{"line":130,"column":36},"end":{"line":179,"column":null}}},"7":{"name":"(anonymous_8)","decl":{"start":{"line":150,"column":24},"end":{"line":150,"column":25}},"loc":{"start":{"line":151,"column":12},"end":{"line":151,"column":29}}},"8":{"name":"renderFAQ","decl":{"start":{"line":181,"column":9},"end":{"line":181,"column":19}},"loc":{"start":{"line":181,"column":28},"end":{"line":218,"column":null}}},"9":{"name":"(anonymous_10)","decl":{"start":{"line":198,"column":22},"end":{"line":198,"column":23}},"loc":{"start":{"line":198,"column":23},"end":{"line":215,"column":null}}},"10":{"name":"(anonymous_11)","decl":{"start":{"line":206,"column":29},"end":{"line":206,"column":30}},"loc":{"start":{"line":207,"column":16},"end":{"line":207,"column":33}}},"11":{"name":"renderAIConfig","decl":{"start":{"line":220,"column":9},"end":{"line":220,"column":24}},"loc":{"start":{"line":220,"column":33},"end":{"line":360,"column":null}}},"12":{"name":"(anonymous_13)","decl":{"start":{"line":240,"column":25},"end":{"line":240,"column":26}},"loc":{"start":{"line":241,"column":14},"end":{"line":241,"column":44}}},"13":{"name":"(anonymous_14)","decl":{"start":{"line":262,"column":43},"end":{"line":262,"column":44}},"loc":{"start":{"line":263,"column":24},"end":{"line":263,"column":44}}},"14":{"name":"(anonymous_15)","decl":{"start":{"line":275,"column":50},"end":{"line":275,"column":51}},"loc":{"start":{"line":276,"column":24},"end":{"line":276,"column":44}}},"15":{"name":"(anonymous_16)","decl":{"start":{"line":288,"column":50},"end":{"line":288,"column":51}},"loc":{"start":{"line":289,"column":24},"end":{"line":289,"column":44}}},"16":{"name":"(anonymous_17)","decl":{"start":{"line":306,"column":48},"end":{"line":306,"column":49}},"loc":{"start":{"line":306,"column":86},"end":{"line":354,"column":null}}},"17":{"name":"(anonymous_18)","decl":{"start":{"line":313,"column":47},"end":{"line":313,"column":48}},"loc":{"start":{"line":313,"column":81},"end":{"line":316,"column":null}}},"18":{"name":"(anonymous_19)","decl":{"start":{"line":326,"column":36},"end":{"line":326,"column":37}},"loc":{"start":{"line":327,"column":22},"end":{"line":327,"column":52}}},"19":{"name":"(anonymous_20)","decl":{"start":{"line":341,"column":51},"end":{"line":341,"column":52}},"loc":{"start":{"line":342,"column":32},"end":{"line":342,"column":52}}},"20":{"name":"renderTemplates","decl":{"start":{"line":362,"column":9},"end":{"line":362,"column":25}},"loc":{"start":{"line":362,"column":34},"end":{"line":414,"column":null}}},"21":{"name":"(anonymous_22)","decl":{"start":{"line":377,"column":21},"end":{"line":377,"column":22}},"loc":{"start":{"line":377,"column":37},"end":{"line":411,"column":null}}},"22":{"name":"(anonymous_23)","decl":{"start":{"line":401,"column":54},"end":{"line":401,"column":55}},"loc":{"start":{"line":402,"column":20},"end":{"line":402,"column":44}}},"23":{"name":"renderJSON","decl":{"start":{"line":416,"column":9},"end":{"line":416,"column":20}},"loc":{"start":{"line":416,"column":29},"end":{"line":430,"column":null}}}},"branchMap":{"0":{"loc":{"start":{"line":26,"column":2},"end":{"line":28,"column":null}},"type":"if","locations":[{"start":{"line":26,"column":2},"end":{"line":28,"column":null}}]},"1":{"loc":{"start":{"line":30,"column":2},"end":{"line":32,"column":null}},"type":"if","locations":[{"start":{"line":30,"column":2},"end":{"line":32,"column":null}}]},"2":{"loc":{"start":{"line":36,"column":6},"end":{"line":49,"column":null}},"type":"switch","locations":[{"start":{"line":37,"column":8},"end":{"line":38,"column":null}},{"start":{"line":39,"column":8},"end":{"line":40,"column":null}},{"start":{"line":41,"column":8},"end":{"line":42,"column":null}},{"start":{"line":43,"column":8},"end":{"line":44,"column":null}},{"start":{"line":45,"column":8},"end":{"line":46,"column":null}},{"start":{"line":47,"column":8},"end":{"line":48,"column":null}}]},"3":{"loc":{"start":{"line":51,"column":21},"end":{"line":51,"column":null}},"type":"cond-expr","locations":[{"start":{"line":51,"column":46},"end":{"line":51,"column":54}},{"start":{"line":51,"column":54},"end":{"line":51,"column":null}}]},"4":{"loc":{"start":{"line":56,"column":2},"end":{"line":58,"column":null}},"type":"if","locations":[{"start":{"line":56,"column":2},"end":{"line":58,"column":null}}]},"5":{"loc":{"start":{"line":64,"column":19},"end":{"line":64,"column":null}},"type":"cond-expr","locations":[{"start":{"line":64,"column":44},"end":{"line":64,"column":56}},{"start":{"line":64,"column":56},"end":{"line":64,"column":null}}]},"6":{"loc":{"start":{"line":72,"column":19},"end":{"line":72,"column":null}},"type":"cond-expr","locations":[{"start":{"line":72,"column":41},"end":{"line":72,"column":53}},{"start":{"line":72,"column":53},"end":{"line":72,"column":null}}]},"7":{"loc":{"start":{"line":85,"column":14},"end":{"line":89,"column":15}},"type":"cond-expr","locations":[{"start":{"line":85,"column":14},"end":{"line":89,"column":15}}]},"8":{"loc":{"start":{"line":101,"column":2},"end":{"line":103,"column":null}},"type":"if","locations":[{"start":{"line":101,"column":2},"end":{"line":103,"column":null}}]},"9":{"loc":{"start":{"line":105,"column":19},"end":{"line":107,"column":8}},"type":"cond-expr","locations":[{"start":{"line":106,"column":7},"end":{"line":106,"column":null}},{"start":{"line":107,"column":6},"end":{"line":107,"column":8}}]},"10":{"loc":{"start":{"line":106,"column":7},"end":{"line":106,"column":null}},"type":"cond-expr","locations":[{"start":{"line":106,"column":38},"end":{"line":106,"column":51}},{"start":{"line":106,"column":54},"end":{"line":106,"column":null}}]},"11":{"loc":{"start":{"line":109,"column":2},"end":{"line":111,"column":null}},"type":"if","locations":[{"start":{"line":109,"column":2},"end":{"line":111,"column":null}}]},"12":{"loc":{"start":{"line":109,"column":6},"end":{"line":109,"column":42}},"type":"binary-expr","locations":[{"start":{"line":109,"column":6},"end":{"line":109,"column":19}},{"start":{"line":109,"column":19},"end":{"line":109,"column":42}}]},"13":{"loc":{"start":{"line":117,"column":74},"end":{"line":117,"column":107}},"type":"binary-expr","locations":[{"start":{"line":117,"column":74},"end":{"line":117,"column":86}},{"start":{"line":117,"column":90},"end":{"line":117,"column":107}}]},"14":{"loc":{"start":{"line":118,"column":11},"end":{"line":118,"column":27}},"type":"binary-expr","locations":[{"start":{"line":118,"column":11},"end":{"line":118,"column":27}}]},"15":{"loc":{"start":{"line":121,"column":11},"end":{"line":121,"column":30}},"type":"binary-expr","locations":[{"start":{"line":121,"column":11},"end":{"line":121,"column":30}}]},"16":{"loc":{"start":{"line":131,"column":2},"end":{"line":133,"column":null}},"type":"if","loc
[...]
e":141,"column":76},"end":{"line":141,"column":null}}]},"17":{"loc":{"start":{"line":142,"column":18},"end":{"line":142,"column":null}},"type":"cond-expr","locations":[{"start":{"line":142,"column":35},"end":{"line":142,"column":118}},{"start":{"line":142,"column":118},"end":{"line":142,"column":null}}]},"18":{"loc":{"start":{"line":142,"column":35},"end":{"line":142,"column":118}},"type":"cond-expr","locations":[{"start":{"line":142,"column":71},"end":{"line":142,"column":84}},{"start":{"line":142,"column":87},"end":{"line":142,"column":118}}]},"19":{"loc":{"start":{"line":145,"column":4},"end":{"line":145,"column":null}},"type":"if","locations":[{"start":{"line":145,"column":4},"end":{"line":145,"column":null}}]},"20":{"loc":{"start":{"line":156,"column":19},"end":{"line":156,"column":null}},"type":"cond-expr","locations":[{"start":{"line":156,"column":56},"end":{"line":156,"column":70}},{"start":{"line":156,"column":73},"end":{"line":156,"column":null}}]},"21":{"loc":{"start":{"line":159,"column":4},"end":{"line":159,"column":null}},"type":"if","locations":[{"start":{"line":159,"column":4},"end":{"line":159,"column":null}}]},"22":{"loc":{"start":{"line":173,"column":4},"end":{"line":204,"column":null}},"type":"if","locations":[{"start":{"line":173,"column":4},"end":{"line":204,"column":null}},{"start":{"line":190,"column":11},"end":{"line":204,"column":null}}]},"23":{"loc":{"start":{"line":176,"column":56},"end":{"line":176,"column":null}},"type":"cond-expr","locations":[{"start":{"line":176,"column":66},"end":{"line":176,"column":70}},{"start":{"line":176,"column":70},"end":{"line":176,"column":null}}]},"24":{"loc":{"start":{"line":189,"column":6},"end":{"line":189,"column":null}},"type":"if","locations":[{"start":{"line":189,"column":6},"end":{"line":189,"column":null}}]},"25":{"loc":{"start":{"line":199,"column":25},"end":{"line":199,"column":null}},"type":"cond-expr","locations":[{"start":{"line":199,"column":35},"end":{"line":199,"column":39}},{"start":{"line":199,"column":39},"end":{"line":199,"column":null}}]},"26":{"loc":{"start":{"line":203,"column":6},"end":{"line":203,"column":null}},"type":"if","locations":[{"start":{"line":203,"column":6},"end":{"line":203,"column":null}}]},"27":{"loc":{"start":{"line":215,"column":4},"end":{"line":215,"column":null}},"type":"if","locations":[{"start":{"line":215,"column":4},"end":{"line":215,"column":null}}]},"28":{"loc":{"start":{"line":221,"column":43},"end":{"line":221,"column":59}},"type":"default-arg","locations":[{"start":{"line":221,"column":58},"end":{"line":221,"column":59}}]},"29":{"loc":{"start":{"line":232,"column":28},"end":{"line":232,"column":80}},"type":"binary-expr","locations":[{"start":{"line":232,"column":28},"end":{"line":232,"column":78}},{"start":{"line":232,"column":78},"end":{"line":232,"column":80}}]},"30":{"loc":{"start":{"line":240,"column":6},"end":{"line":247,"column":null}},"type":"cond-expr","locations":[{"start":{"line":241,"column":10},"end":{"line":246,"column":null}},{"start":{"line":247,"column":10},"end":{"line":247,"column":null}}]},"31":{"loc":{"start":{"line":256,"column":21},"end":{"line":256,"column":null}},"type":"binary-expr","locations":[{"start":{"line":256,"column":21},"end":{"line":256,"column":40}},{"start":{"line":256,"column":44},"end":{"line":256,"column":null}}]},"32":{"loc":{"start":{"line":257,"column":16},"end":{"line":257,"column":null}},"type":"binary-expr","locations":[{"start":{"line":257,"column":16},"end":{"line":257,"column":30}},{"start":{"line":257,"column":34},"end":{"line":257,"column":null}}]},"33":{"loc":{"start":{"line":258,"column":19},"end":{"line":258,"column":null}},"type":"binary-expr","locations":[{"start":{"line":258,"column":19},"end":{"line":258,"column":30}},{"start":{"line":258,"column":34},"end":{"line":258,"column":null}}]}},"s":{"0":0,"1":0,"2":0,"3":0,"4":0,"5":0,"6":0,"7":0,"8":0,"9":0,"10":0,"11":0,"12":0,"13":0,"14":0,"15":0,"16":0,"17":0,"18":0,"19":0,"20":0,"21":0,"22":0,"23":0,"24":0,"25":0,"26":0,"27":0,"28":0,"29":0,"30":0,"31":0,"32":0,"33":0,"34":0,"35":0,"36":0,"37":0,"38":0,"39":0,"40":0,"41":0,"42":0,"43":0,"44":0,"45":0,"46":0,"47":0,"48":0,"49":0,"50":0,"51":0,"52":0,"53":0,"54":0,"55":0,"56":0,"57":0},"f":{"0":0,"1":0,"2":0,"3":0,"4":0,"5":0,"6":0,"7":0,"8":0,"9":0,"10":0,"11":0,"12":0,"13":0},"b":{"0":[0,0],"1":[0,0],"2":[0,0],"3":[0],"4":[0],"5":[0],"6":[0,0],"7":[0],"8":[0],"9":[0,0],"10":[0,0],"11":[0],"12":[0],"13":[0,0],"14":[0,0],"15":[0],"16":[0,0],"17":[0,0],"18":[0,0],"19":[0],"20":[0,0],"21":[0],"22":[0,0],"23":[0,0],"24":[0],"25":[0,0],"26":[0],"27":[0],"28":[0],"29":[0,0],"30":[0,0],"31":[0,0],"32":[0,0],"33":[0,0]}}
,"/Users/jackm4/Documents/GitHub/chatbot-service/lib/db/schema.ts": {"path":"/Users/jackm4/Documents/GitHub/chatbot-service/lib/db/schema.ts","statementMap":{"0":{"start":{"line":4,"column":14},"end":{"line":4,"column":null}}},"fnMap":{},"branchMap":{},"s":{"0":0},"f":{},"b":{}}
,"/Users/jackm4/Documents/GitHub/chatbot-service/lib/db/server.ts": {"path":"/Users/jackm4/Documents/GitHub/chatbot-service/lib/db/server.ts","statementMap":{"0":{"start":{"line":6,"column":22},"end":{"line":6,"column":null}},"1":{"start":{"line":2,"column":65},"end":{"line":2,"column":null}},"2":{"start":{"line":3,"column":24},"end":{"line":3,"column":null}},"3":{"start":{"line":4,"column":31},"end":{"line":4,"column":null}},"4":{"start":{"line":7,"column":22},"end":{"line":7,"column":null}},"5":{"start":{"line":8,"column":22},"end":{"line":8,"column":null}},"6":{"start":{"line":9,"column":18},"end":{"line":9,"column":null}},"7":{"start":{"line":11,"column":2},"end":{"line":26,"column":null}},"8":{"start":{"line":14,"column":8},"end":{"line":14,"column":null}},"9":{"start":{"line":17,"column":8},"end":{"line":23,"column":null}},"10":{"start":{"line":18,"column":10},"end":{"line":19,"column":null}},"11":{"start":{"line":19,"column":12},"end":{"line":19,"column":null}}},"fnMap":{"0":{"name":"createServerClient","decl":{"start":{"line":6,"column":22},"end":{"line":6,"column":null}},"loc":{"start":{"line":6,"column":22},"end":{"line":27,"column":null}}},"1":{"name":"(anonymous_2)","decl":{"start":{"line":13,"column":6},"end":{"line":13,"column":null}},"loc":{"start":{"line":13,"column":6},"end":{"line":15,"column":null}}},"2":{"name":"(anonymous_3)","decl":{"start":{"line":16,"column":6},"end":{"line":16,"column":13}},"loc":{"start":{"line":16,"column":25},"end":{"line":24,"column":null}}},"3":{"name":"(anonymous_4)","decl":{"start":{"line":18,"column":31},"end":{"line":18,"column":32}},"loc":{"start":{"line":19,"column":12},"end":{"line":19,"column":null}}}},"branchMap":{},"s":{"0":0,"1":0,"2":0,"3":0,"4":0,"5":0,"6":0,"7":0,"8":0,"9":0,"10":0,"11":0},"f":{"0":0,"1":0,"2":0,"3":0},"b":{}}
,"/Users/jackm4/Documents/GitHub/chatbot-service/lib/utils/cn.ts": {"path":"/Users/jackm4/Documents/GitHub/chatbot-service/lib/utils/cn.ts","statementMap":{"0":{"start":{"line":7,"column":16},"end":{"line":7,"column":19}},"1":{"start":{"line":4,"column":38},"end":{"line":4,"column":null}},"2":{"start":{"line":5,"column":24},"end":{"line":5,"column":null}},"3":{"start":{"line":8,"column":2},"end":{"line":8,"column":null}}},"fnMap":{"0":{"name":"cn","decl":{"start":{"line":7,"column":16},"end":{"line":7,"column":19}},"loc":{"start":{"line":7,"column":42},"end":{"line":9,"column":null}}}},"branchMap":{},"s":{"0":0,"1":0,"2":0,"3":0},"f":{"0":0},"b":{}}
,"/Users/jackm4/Documents/GitHub/chatbot-service/lib/utils/id.ts": {"path":"/Users/jackm4/Documents/GitHub/chatbot-service/lib/utils/id.ts","statementMap":{"0":{"start":{"line":40,"column":16},"end":{"line":40,"column":null}},"1":{"start":{"line":8,"column":16},"end":{"line":8,"column":27}},"2":{"start":{"line":47,"column":16},"end":{"line":47,"column":null}},"3":{"start":{"line":33,"column":16},"end":{"line":33,"column":34}},"4":{"start":{"line":10,"column":2},"end":{"line":12,"column":null}},"5":{"start":{"line":11,"column":4},"end":{"line":11,"column":null}},"6":{"start":{"line":15,"column":2},"end":{"line":22,"column":null}},"7":{"start":{"line":16,"column":18},"end":{"line":16,"column":null}},"8":{"start":{"line":17,"column":17},"end":{"line":19,"column":null}},"9":{"start":{"line":21,"column":4},"end":{"line":21,"column":null}},"10":{"start":{"line":25,"column":20},"end":{"line":25,"column":null}},"11":{"start":{"line":26,"column":17},"end":{"line":26,"column":null}},"12":{"start":{"line":27,"column":2},"end":{"line":27,"column":null}},"13":{"start":{"line":34,"column":2},"end":{"line":34,"column":null}},"14":{"start":{"line":41,"column":2},"end":{"line":41,"column":null}},"15":{"start":{"line":48,"column":2},"end":{"line":48,"column":null}}},"fnMap":{"0":{"name":"generateId","decl":{"start":{"line":8,"column":16},"end":{"line":8,"column":27}},"loc":{"start":{"line":8,"column":48},"end":{"line":28,"column":null}}},"1":{"name":"generateSessionId","decl":{"start":{"line":33,"column":16},"end":{"line":33,"column":34}},"loc":{"start":{"line":33,"column":51},"end":{"line":35,"column":null}}},"2":{"name":"generateConversationId","decl":{"start":{"line":40,"column":16},"end":{"line":40,"column":null}},"loc":{"start":{"line":40,"column":16},"end":{"line":42,"column":null}}},"3":{"name":"generateMessageId","decl":{"start":{"line":47,"column":16},"end":{"line":47,"column":null}},"loc":{"start":{"line":47,"column":16},"end":{"line":49,"column":null}}}},"branchMap":{"0":{"loc":{"start":{"line":8,"column":27},"end":{"line":8,"column":48}},"type":"default-arg","locations":[{"start":{"line":8,"column":44},"end":{"line":8,"column":48}}]},"1":{"loc":{"start":{"line":10,"column":2},"end":{"line":12,"column":null}},"type":"if","locations":[{"start":{"line":10,"column":2},"end":{"line":12,"column":null}}]},"2":{"loc":{"start":{"line":10,"column":6},"end":{"line":10,"column":56}},"type":"binary-expr","locations":[{"start":{"line":10,"column":6},"end":{"line":10,"column":39}},{"start":{"line":10,"column":39},"end":{"line":10,"column":56}}]},"3":{"loc":{"start":{"line":15,"column":2},"end":{"line":22,"column":null}},"type":"if","locations":[{"start":{"line":15,"column":2},"end":{"line":22,"column":null}}]},"4":{"loc":{"start":{"line":15,"column":6},"end":{"line":15,"column":64}},"type":"binary-expr","locations":[{"start":{"line":15,"column":6},"end":{"line":15,"column":39}},{"start":{"line":15,"column":39},"end":{"line":15,"column":64}}]}},"s":{"0":0,"1":0,"2":0,"3":0,"4":0,"5":0,"6":0,"7":0,"8":0,"9":0,"10":0,"11":0,"12":0,"13":0,"14":0,"15":0},"f":{"0":0,"1":0,"2":0,"3":0},"b":{"0":[0],"1":[0],"2":[0,0],"3":[0],"4":[0,0]}}
,"/Users/jackm4/Documents/GitHub/chatbot-service/lib/utils/index.ts": {"path":"/Users/jackm4/Documents/GitHub/chatbot-service/lib/utils/index.ts","statementMap":{"0":{"start":{"line":4,"column":9},"end":{"line":4,"column":19}},"1":{"start":{"line":8,"column":2},"end":{"line":8,"column":null}},"2":{"start":{"line":6,"column":2},"end":{"line":6,"column":null}},"3":{"start":{"line":9,"column":2},"end":{"line":9,"column":null}},"4":{"start":{"line":7,"column":2},"end":{"line":7,"column":null}},"5":{"start":{"line":4,"column":19},"end":{"line":4,"column":null}},"6":{"start":{"line":10,"column":7},"end":{"line":10,"column":null}}},"fnMap":{},"branchMap":{},"s":{"0":0,"1":0,"2":0,"3":0,"4":0,"5":0,"6":0},"f":{},"b":{}}
,"/Users/jackm4/Documents/GitHub/chatbot-service/lib/utils/postmessage.ts": {"path":"/Users/jackm4/Documents/GitHub/chatbot-service/lib/utils/postmessage.ts","statementMap":{"0":{"start":{"line":31,"column":16},"end":{"line":31,"column":null}},"1":{"start":{"line":9,"column":2},"end":{"line":23,"column":null}},"2":{"start":{"line":11,"column":4},"end":{"line":13,"column":null}},"3":{"start":{"line":12,"column":6},"end":{"line":12,"column":null}},"4":{"start":{"line":16,"column":4},"end":{"line":20,"column":null}},"5":{"start":{"line":17,"column":22},"end":{"line":17,"column":null}},"6":{"start":{"line":18,"column":20},"end":{"line":18,"column":null}},"7":{"start":{"line":19,"column":6},"end":{"line":19,"column":null}},"8":{"start":{"line":22,"column":4},"end":{"line":22,"column":null}},"9":{"start":{"line":35,"column":2},"end":{"line":38,"column":null}},"10":{"start":{"line":37,"column":4},"end":{"line":37,"column":null}},"11":{"start":{"line":40,"column":23},"end":{"line":40,"column":null}},"12":{"start":{"line":43,"column":2},"end":{"line":60,"column":null}},"13":{"start":{"line":45,"column":4},"end":{"line":48,"column":null}},"14":{"start":{"line":46,"column":6},"end":{"line":46,"column":null}},"15":{"start":{"line":47,"column":6},"end":{"line":47,"column":null}},"16":{"start":{"line":53,"column":26},"end":{"line":53,"column":99}},"17":{"start":{"line":53,"column":56},"end":{"line":53,"column":82}},"18":{"start":{"line":55,"column":4},"end":{"line":58,"column":null}},"19":{"start":{"line":56,"column":25},"end":{"line":56,"column":null}},"20":{"start":{"line":57,"column":6},"end":{"line":57,"column":null}},"21":{"start":{"line":59,"column":4},"end":{"line":59,"column":null}},"22":{"start":{"line":63,"column":20},"end":{"line":63,"column":57}},"23":{"start":{"line":64,"column":2},"end":{"line":67,"column":null}},"24":{"start":{"line":65,"column":4},"end":{"line":65,"column":null}},"25":{"start":{"line":66,"column":4},"end":{"line":66,"column":null}},"26":{"start":{"line":70,"column":2},"end":{"line":73,"column":null}},"27":{"start":{"line":71,"column":4},"end":{"line":71,"column":null}},"28":{"start":{"line":72,"column":4},"end":{"line":72,"column":null}},"29":{"start":{"line":76,"column":2},"end":{"line":80,"column":null}},"30":{"start":{"line":77,"column":4},"end":{"line":77,"column":null}},"31":{"start":{"line":79,"column":4},"end":{"line":79,"column":null}}},"fnMap":{"0":{"name":"isOriginAllowed","decl":{"start":{"line":8,"column":9},"end":{"line":8,"column":25}},"loc":{"start":{"line":8,"column":71},"end":{"line":24,"column":null}}},"1":{"name":"(anonymous_2)","decl":{"start":{"line":9,"column":29},"end":{"line":9,"column":null}},"loc":{"start":{"line":9,"column":29},"end":{"line":23,"column":null}}},"2":{"name":"safePostMessage","decl":{"start":{"line":31,"column":16},"end":{"line":31,"column":null}},"loc":{"start":{"line":33,"column":27},"end":{"line":81,"column":null}}},"3":{"name":"(anonymous_4)","decl":{"start":{"line":53,"column":46},"end":{"line":53,"column":56}},"loc":{"start":{"line":53,"column":56},"end":{"line":53,"column":82}}}},"branchMap":{"0":{"loc":{"start":{"line":11,"column":4},"end":{"line":13,"column":null}},"type":"if","locations":[{"start":{"line":11,"column":4},"end":{"line":13,"column":null}}]},"1":{"loc":{"start":{"line":16,"column":4},"end":{"line":20,"column":null}},"type":"if","locations":[{"start":{"line":16,"column":4},"end":{"line":20,"column":null}}]},"2":{"loc":{"start":{"line":35,"column":2},"end":{"line":38,"column":null}},"type":"if","locations":[{"start":{"line":35,"column":2},"end":{"line":38,"column":null}}]},"3":{"loc":{"start":{"line":40,"column":23},"end":{"line":40,"column":null}},"type":"cond-expr","locations":[{"start":{"line":40,"column":43},"end":{"line":40,"column":76}},{"start":{"line":40,"column":79},"end":{"line":40,"column":null}}]},"4":{"loc":{"start":{"line":43,"column":2},"end":{"line":60,"column":null}},"type":"if","locations":[{"start":{"line":43,"column":2},"end":{"line":60,"column":null}}]},"5":{"loc":{"start":{"line":43,"column":6},"end":{"line":43,"column":51}},"type":"binary-expr","locations":[{"start":{"line":43,"column":6},"end":{"line":43,"column":24}},{"start":{"line":43,"column":24},"end":{"line":43,"column":51}}]},"6":{"loc":{"start":{"line":45,"column":4},"end":{"line":48,"column":null}},"type":"if","locations":[{"start":{"line":45,"column":4},"end":{"line":48,"column":null}}]},"7":{"loc":{"start":{"line":45,"column":8},"end":{"line":45,"column":71}},"type":"binary-expr","locations":[{"start":{"line":45,"column":8},"end":{"line":45,"column":24}},{"start":{"line":45,"column":24},"end":{"line":45,"column":71}}]},"8":{"loc":{"start":{"line":53,"column":26},"end":{"line":53,"column":99}},"type":"binary-expr","locations":[{"start":{"line":53,"column":26},"end":{"line":53,"column":82}},{"start":{"line":53,"column":82},"end":{"line":53,"column":99}}]},"9":{"loc":{"start":{"line":55,"column":4},"end":{"line":58,"column":null}},"type":"if","locations":[{"start":{"line":55,"column":4},"end":{"line":58,"column":null}}]},"10":{"loc":{"start":{"line":57,"column":41},"end":{"line":57,"column":null}},"type":"binary-expr","locations":[{"start":{"line":57,"column":41},"end":{"line":57,"column":55}},{"start":{"line":57,"column":55},"end":{"line":57,"column":null}}]},"11":{"loc":{"start":{"line":64,"column":2},"end":{"line":67,"column":null}},"type":"if","locations":[{"start":{"line":64,"column":2},"end":{"line":67,"column":null}}]},"12":{"loc":{"start":{"line":70,"column":2},"end":{"line":73,"column":null}},"type":"if","locations":[{"start":{"line":70,"column":2},"end":{"line":73,"column":null}}]},"13":{"loc":{"start":{"line":70,"column":6},"end":{"line":70,"column":62}},"type":"binary-expr","locations":[{"start":{"line":70,"column":6},"end":{"line":70,"column":22}},{"start":{"line":70,"column":22},"end":{"line":70,"column":62}}]},"14":{"loc":{"start":{"line":76,"column":2},"end":{"line":80,"column":null}},"type":"if","locations":[{"start":{"line":76,"column":2},"end":{"line":80,"column":null}},{"start":{"line":78,"column":9},"end":{"line":80,"column":null}}]}},"s":{"0":0,"1":0,"2":0,"3":0,"4":0,"5":0,"6":0,"7":0,"8":0,"9":0,"10":0,"11":0,"12":0,"13":0,"14":0,"15":0,"16":0,"17":0,"18":0,"19":0,"20":0,"21":0,"22":0,"23":0,"24":0,"25":0,"26":0,"27":0,"28":0,"29":0,"30":0,"31":0},"f":{"0":0,"1":0,"2":0,"3":0},"b":{"0":[0],"1":[0],"2":[0],"3":[0,0],"4":[0],"5":[0,0],"6":[0],"7":[0,0],"8":[0,0],"9":[0],"10":[0,0],"11":[0],"12":[0],"13":[0,0],"14":[0,0]}}
,"/Users/jackm4/Documents/GitHub/chatbot-service/lib/utils/widget-error.tsx": {"path":"/Users/jackm4/Documents/GitHub/chatbot-service/lib/utils/widget-error.tsx","statementMap":{"0":{"start":{"line":14,"column":16},"end":{"line":14,"column":28}},"1":{"start":{"line":31,"column":16},"end":{"line":31,"column":43}},"2":{"start":{"line":32,"column":2},"end":{"line":34,"column":null}},"3":{"start":{"line":33,"column":4},"end":{"line":33,"column":null}},"4":{"start":{"line":36,"column":2},"end":{"line":38,"column":null}},"5":{"start":{"line":37,"column":4},"end":{"line":37,"column":null}},"6":{"start":{"line":40,"column":2},"end":{"line":42,"column":null}},"7":{"start":{"line":41,"column":4},"end":{"line":41,"column":null}},"8":{"start":{"line":44,"column":2},"end":{"line":44,"column":null}}},"fnMap":{"0":{"name":"WidgetError","decl":{"start":{"line":14,"column":16},"end":{"line":14,"column":28}},"loc":{"start":{"line":14,"column":89},"end":{"line":26,"column":null}}},"1":{"name":"validateChatbotWidgetProps","decl":{"start":{"line":31,"column":16},"end":{"line":31,"column":43}},"loc":{"start":{"line":31,"column":53},"end":{"line":45,"column":null}}}},"branchMap":{"0":{"loc":{"start":{"line":14,"column":55},"end":{"line":14,"column":69}},"type":"default-arg","locations":[{"start":{"line":14,"column":67},"end":{"line":14,"column":69}}]},"1":{"loc":{"start":{"line":20,"column":9},"end":{"line":20,"column":null}},"type":"binary-expr","locations":[{"start":{"line":20,"column":9},"end":{"line":20,"column":null}}]},"2":{"loc":{"start":{"line":32,"column":2},"end":{"line":34,"column":null}},"type":"if","locations":[{"start":{"line":32,"column":2},"end":{"line":34,"column":null}}]},"3":{"loc":{"start":{"line":36,"column":2},"end":{"line":38,"column":null}},"type":"if","locations":[{"start":{"line":36,"column":2},"end":{"line":38,"column":null}}]},"4":{"loc":{"start":{"line":40,"column":2},"end":{"line":42,"column":null}},"type":"if","locations":[{"start":{"line":40,"column":2},"end":{"line":42,"column":null}}]}},"s":{"0":0,"1":0,"2":0,"3":0,"4":0,"5":0,"6":0,"7":0,"8":0},"f":{"0":0,"1":0},"b":{"0":[0],"1":[0],"2":[0],"3":[0],"4":[0]}}
}
