TN:
SF:app/layout.tsx
FN:32,RootLayout
FNF:1
FNH:0
FNDA:0,RootLayout
DA:2,0
DA:3,0
DA:5,0
DA:10,0
DA:15,0
DA:32,0
LF:6
LH:0
BRF:0
BRH:0
end_of_record
TN:
SF:app/page.tsx
FN:7,HomePage
FN:9,(anonymous_3)
FN:70,(anonymous_4)
FNF:3
FNH:0
FNDA:0,HomePage
FNDA:0,(anonymous_3)
FNDA:0,(anonymous_4)
DA:1,0
DA:2,0
DA:3,0
DA:4,0
DA:5,0
DA:7,0
DA:8,0
DA:9,0
DA:71,0
LF:9
LH:0
BRDA:9,0,0,0
BRDA:9,0,1,0
BRF:2
BRH:0
end_of_record
TN:
SF:app/api/[company]/chat/route.ts
FN:31,getCorsHeaders
FN:51,OPTIONS
FN:58,POST
FN:68,(anonymous_8)
FN:152,(anonymous_9)
FN:156,(anonymous_10)
FN:201,(anonymous_11)
FNF:7
FNH:0
FNDA:0,getCorsHeaders
FNDA:0,OPTIONS
FNDA:0,POST
FNDA:0,(anonymous_8)
FNDA:0,(anonymous_9)
FNDA:0,(anonymous_10)
FNDA:0,(anonymous_11)
DA:2,0
DA:3,0
DA:4,0
DA:5,0
DA:6,0
DA:7,0
DA:8,0
DA:9,0
DA:10,0
DA:16,0
DA:17,0
DA:19,0
DA:20,0
DA:23,0
DA:32,0
DA:33,0
DA:38,0
DA:39,0
DA:40,0
DA:41,0
DA:43,0
DA:44,0
DA:47,0
DA:51,0
DA:52,0
DA:58,0
DA:63,0
DA:64,0
DA:66,0
DA:67,0
DA:68,0
DA:69,0
DA:71,0
DA:74,0
DA:75,0
DA:76,0
DA:78,0
DA:80,0
DA:83,0
DA:84,0
DA:85,0
DA:90,0
DA:91,0
DA:93,0
DA:97,0
DA:100,0
DA:101,0
DA:104,0
DA:105,0
DA:108,0
DA:109,0
DA:118,0
DA:119,0
DA:122,0
DA:132,0
DA:137,0
DA:138,0
DA:139,0
DA:140,0
DA:143,0
DA:146,0
DA:153,0
DA:154,0
DA:156,0
DA:171,0
DA:172,0
DA:177,0
DA:180,0
DA:183,0
DA:184,0
DA:192,0
DA:193,0
DA:201,0
DA:202,0
DA:206,0
DA:207,0
DA:209,0
DA:212,0
DA:213,0
DA:214,0
DA:220,0
DA:227,0
DA:230,0
DA:231,0
DA:232,0
DA:233,0
DA:234,0
DA:235,0
DA:236,0
DA:239,0
DA:244,0
LF:91
LH:0
BRDA:38,0,0,0
BRDA:38,0,1,0
BRDA:38,1,0,0
BRDA:38,1,1,0
BRDA:41,2,0,0
BRDA:43,3,0,0
BRDA:43,3,1,0
BRDA:64,4,0,0
BRDA:67,5,0,0
BRDA:67,5,1,0
BRDA:84,6,0,0
BRDA:100,7,0,0
BRDA:100,8,0,0
BRDA:100,8,1,0
BRDA:100,8,2,0
BRDA:105,9,0,0
BRDA:105,9,1,0
BRDA:105,9,2,0
BRDA:154,10,0,0
BRDA:154,10,1,0
BRDA:154,10,2,0
BRDA:171,11,0,0
BRDA:175,12,0,0
BRDA:175,12,1,0
BRDA:175,13,0,0
BRDA:175,13,1,0
BRDA:192,14,0,0
BRDA:192,15,0,0
BRDA:192,15,1,0
BRDA:192,15,2,0
BRDA:192,15,3,0
BRDA:214,16,0,0
BRDA:214,16,1,0
BRDA:231,17,0,0
BRDA:231,17,1,0
BRDA:233,18,0,0
BRDA:233,18,1,0
BRDA:235,19,0,0
BRDA:236,20,0,0
BRDA:236,20,1,0
BRF:40
BRH:0
end_of_record
TN:
SF:app/api/[company]/config/route.ts
FN:13,getCorsHeaders
FN:32,OPTIONS
FN:39,GET
FNF:3
FNH:0
FNDA:0,getCorsHeaders
FNDA:0,OPTIONS
FNDA:0,GET
DA:2,0
DA:3,0
DA:4,0
DA:5,0
DA:7,0
DA:8,0
DA:14,0
DA:15,0
DA:20,0
DA:21,0
DA:22,0
DA:23,0
DA:25,0
DA:26,0
DA:29,0
DA:32,0
DA:33,0
DA:39,0
DA:43,0
DA:45,0
DA:46,0
DA:47,0
DA:50,0
DA:51,0
DA:52,0
DA:56,0
DA:57,0
DA:58,0
DA:61,0
DA:70,0
DA:72,0
DA:73,0
DA:75,0
LF:33
LH:0
BRDA:20,0,0,0
BRDA:20,0,1,0
BRDA:20,1,0,0
BRDA:20,1,1,0
BRDA:23,2,0,0
BRDA:25,3,0,0
BRDA:25,3,1,0
BRDA:51,4,0,0
BRDA:57,5,0,0
BRDA:73,6,0,0
BRDA:73,6,1,0
BRF:11
BRH:0
end_of_record
TN:
SF:app/api/[company]/faq-menu/route.ts
FN:22,getCorsHeaders
FN:41,OPTIONS
FN:48,GET
FN:57,(anonymous_8)
FNF:4
FNH:0
FNDA:0,getCorsHeaders
FNDA:0,OPTIONS
FNDA:0,GET
FNDA:0,(anonymous_8)
DA:2,0
DA:3,0
DA:4,0
DA:5,0
DA:6,0
DA:7,0
DA:8,0
DA:10,0
DA:11,0
DA:14,0
DA:23,0
DA:24,0
DA:29,0
DA:30,0
DA:31,0
DA:32,0
DA:34,0
DA:35,0
DA:38,0
DA:41,0
DA:42,0
DA:48,0
DA:53,0
DA:54,0
DA:55,0
DA:56,0
DA:57,0
DA:58,0
DA:60,0
DA:63,0
DA:65,0
DA:66,0
DA:69,0
DA:70,0
DA:71,0
DA:75,0
DA:76,0
DA:77,0
DA:80,0
DA:82,0
DA:83,0
DA:87,0
DA:89,0
DA:90,0
DA:92,0
DA:93,0
DA:97,0
DA:102,0
LF:48
LH:0
BRDA:29,0,0,0
BRDA:29,0,1,0
BRDA:29,1,0,0
BRDA:29,1,1,0
BRDA:32,2,0,0
BRDA:34,3,0,0
BRDA:34,3,1,0
BRDA:54,4,0,0
BRDA:56,5,0,0
BRDA:56,5,1,0
BRDA:70,6,0,0
BRDA:80,7,0,0
BRDA:80,7,1,0
BRDA:80,7,2,0
BRDA:80,7,3,0
BRDA:82,8,0,0
BRDA:82,9,0,0
BRDA:82,9,1,0
BRDA:93,10,0,0
BRDA:93,10,1,0
BRDA:94,11,0,0
BRDA:94,11,1,0
BRF:22
BRH:0
end_of_record
TN:
SF:app/api/[company]/ui-config/route.ts
FN:16,getCorsHeaders
FN:34,OPTIONS
FN:41,GET
FNF:3
FNH:0
FNDA:0,getCorsHeaders
FNDA:0,OPTIONS
FNDA:0,GET
DA:4,0
DA:5,0
DA:6,0
DA:7,0
DA:8,0
DA:10,0
DA:11,0
DA:17,0
DA:18,0
DA:23,0
DA:24,0
DA:25,0
DA:26,0
DA:27,0
DA:28,0
DA:31,0
DA:34,0
DA:35,0
DA:41,0
DA:45,0
DA:47,0
DA:48,0
DA:51,0
DA:52,0
DA:53,0
DA:57,0
DA:58,0
DA:59,0
DA:61,0
DA:62,0
DA:64,0
DA:72,0
DA:74,0
DA:75,0
DA:77,0
LF:35
LH:0
BRDA:23,0,0,0
BRDA:23,0,1,0
BRDA:23,1,0,0
BRDA:23,1,1,0
BRDA:26,2,0,0
BRDA:27,3,0,0
BRDA:27,3,1,0
BRDA:52,4,0,0
BRDA:61,5,0,0
BRDA:61,5,1,0
BRDA:61,5,2,0
BRDA:62,6,0,0
BRDA:62,6,1,0
BRDA:62,6,2,0
BRDA:66,7,0,0
BRDA:66,7,1,0
BRDA:67,8,0,0
BRDA:67,8,1,0
BRDA:75,9,0,0
BRDA:75,9,1,0
BRF:20
BRH:0
end_of_record
TN:
SF:app/api/knowledge/[company]/route.ts
FN:6,GET
FN:61,(anonymous_4)
FN:65,(anonymous_5)
FN:106,(anonymous_6)
FN:117,(anonymous_7)
FN:130,(anonymous_8)
FN:141,getFileStats
FN:149,(anonymous_10)
FN:157,(anonymous_11)
FN:158,(anonymous_12)
FN:171,(anonymous_13)
FNF:11
FNH:0
FNDA:0,GET
FNDA:0,(anonymous_4)
FNDA:0,(anonymous_5)
FNDA:0,(anonymous_6)
FNDA:0,(anonymous_7)
FNDA:0,(anonymous_8)
FNDA:0,getFileStats
FNDA:0,(anonymous_10)
FNDA:0,(anonymous_11)
FNDA:0,(anonymous_12)
FNDA:0,(anonymous_13)
DA:1,0
DA:4,0
DA:6,0
DA:10,0
DA:11,0
DA:13,0
DA:14,0
DA:21,0
DA:22,0
DA:25,0
DA:26,0
DA:28,0
DA:29,0
DA:33,0
DA:34,0
DA:37,0
DA:45,0
DA:49,0
DA:57,0
DA:61,0
DA:64,0
DA:66,0
DA:67,0
DA:68,0
DA:72,0
DA:73,0
DA:76,0
DA:77,0
DA:80,0
DA:81,0
DA:82,0
DA:85,0
DA:87,0
DA:99,0
DA:100,0
DA:106,0
DA:117,0
DA:119,0
DA:120,0
DA:126,0
DA:130,0
DA:133,0
DA:134,0
DA:142,0
DA:144,0
DA:146,0
DA:147,0
DA:148,0
DA:149,0
DA:151,0
DA:154,0
DA:155,0
DA:156,0
DA:157,0
DA:158,0
DA:160,0
DA:161,0
DA:163,0
DA:166,0
DA:167,0
DA:168,0
DA:169,0
DA:170,0
DA:171,0
DA:172,0
DA:173,0
DA:175,0
DA:177,0
DA:180,0
DA:181,0
DA:183,0
DA:184,0
DA:186,0
DA:189,0
DA:190,0
DA:192,0
DA:195,0
DA:196,0
DA:198,0
DA:201,0
LF:80
LH:0
BRDA:13,0,0,0
BRDA:33,1,0,0
BRDA:33,1,1,0
BRDA:61,2,0,0
BRDA:61,2,1,0
BRDA:72,3,0,0
BRDA:81,4,0,0
BRDA:81,4,1,0
BRDA:119,5,0,0
BRDA:135,6,0,0
BRDA:135,6,1,0
BRDA:144,7,0,0
BRDA:144,7,1,0
BRDA:144,7,2,0
BRDA:144,7,3,0
BRDA:144,7,4,0
BRDA:144,7,5,0
BRDA:146,8,0,0
BRDA:147,9,0,0
BRDA:147,9,1,0
BRDA:149,10,0,0
BRDA:149,10,1,0
BRDA:154,11,0,0
BRDA:155,12,0,0
BRDA:155,12,1,0
BRDA:156,13,0,0
BRDA:156,13,1,0
BRDA:160,14,0,0
BRDA:160,15,0,0
BRDA:160,15,1,0
BRDA:166,16,0,0
BRDA:172,17,0,0
BRDA:172,17,1,0
BRDA:180,18,0,0
BRDA:181,19,0,0
BRDA:181,19,1,0
BRDA:183,20,0,0
BRDA:184,21,0,0
BRDA:184,21,1,0
BRDA:189,22,0,0
BRDA:190,23,0,0
BRDA:190,23,1,0
BRDA:195,24,0,0
BRDA:196,25,0,0
BRDA:196,25,1,0
BRF:45
BRH:0
end_of_record
TN:
SF:app/demo/[company]/DynamicChatbotWidget.tsx
FN:15,DynamicChatbotWidget
FN:19,(anonymous_2)
FN:32,(anonymous_3)
FN:37,(anonymous_4)
FN:40,(anonymous_5)
FNF:5
FNH:0
FNDA:0,DynamicChatbotWidget
FNDA:0,(anonymous_2)
FNDA:0,(anonymous_3)
FNDA:0,(anonymous_4)
FNDA:0,(anonymous_5)
DA:3,0
DA:4,0
DA:15,0
DA:16,0
DA:17,0
DA:19,0
DA:20,0
DA:21,0
DA:22,0
DA:28,0
DA:33,0
DA:34,0
DA:36,0
DA:37,0
DA:38,0
DA:41,0
DA:42,0
DA:43,0
DA:47,0
DA:56,0
DA:65,0
DA:66,0
DA:76,0
DA:77,0
DA:86,0
DA:89,0
LF:26
LH:0
BRDA:20,0,0,0
BRDA:33,1,0,0
BRDA:41,2,0,0
BRDA:41,2,1,0
BRDA:47,3,0,0
BRDA:56,4,0,0
BRDA:65,5,0,0
BRDA:65,6,0,0
BRDA:65,6,1,0
BRDA:76,7,0,0
BRDA:93,8,0,0
BRDA:93,8,1,0
BRF:12
BRH:0
end_of_record
TN:
SF:app/demo/[company]/page.tsx
FN:15,generateMetadata
FN:30,DemoPage
FN:89,(anonymous_6)
FN:119,(anonymous_7)
FNF:4
FNH:0
FNDA:0,generateMetadata
FNDA:0,DemoPage
FNDA:0,(anonymous_6)
FNDA:0,(anonymous_7)
DA:1,0
DA:3,0
DA:4,0
DA:5,0
DA:6,0
DA:8,0
DA:10,0
DA:15,0
DA:21,0
DA:22,0
DA:24,0
DA:30,0
DA:36,0
DA:37,0
DA:39,0
DA:40,0
DA:46,0
DA:50,0
DA:51,0
DA:52,0
DA:56,0
DA:63,0
DA:64,0
DA:65,0
DA:68,0
DA:90,0
DA:120,0
LF:27
LH:0
BRDA:25,0,0,0
BRDA:25,0,1,0
BRDA:26,1,0,0
BRDA:26,1,1,0
BRDA:39,2,0,0
BRDA:50,3,0,0
BRDA:51,4,0,0
BRDA:51,4,1,0
BRDA:64,5,0,0
BRDA:64,5,1,0
BRDA:65,6,0,0
BRDA:65,6,1,0
BRDA:68,7,0,0
BRDA:68,7,1,0
BRDA:70,8,0,0
BRDA:70,8,1,0
BRDA:70,9,0,0
BRDA:70,9,1,0
BRDA:88,10,0,0
BRDA:92,11,0,0
BRDA:95,12,0,0
BRDA:98,13,0,0
BRDA:98,13,1,0
BRDA:98,13,2,0
BRDA:90,14,0,0
BRDA:90,14,1,0
BRDA:118,15,0,0
BRDA:117,16,0,0
BRDA:117,16,1,0
BRDA:117,16,2,0
BRDA:122,17,0,0
BRDA:127,18,0,0
BRDA:130,19,0,0
BRDA:135,20,0,0
BRDA:135,20,1,0
BRDA:142,21,0,0
BRDA:144,22,0,0
BRDA:152,23,0,0
BRDA:161,24,0,0
BRDA:162,25,0,0
BRDA:170,26,0,0
BRF:41
BRH:0
end_of_record
TN:
SF:app/knowledge/[company]/EmptyState.tsx
FN:12,EmptyState
FNF:1
FNH:0
FNDA:0,EmptyState
DA:3,0
DA:4,0
DA:12,0
DA:17,0
LF:4
LH:0
BRDA:13,0,0,0
BRDA:15,1,0,0
BRDA:17,2,0,0
BRDA:17,2,1,0
BRDA:25,3,0,0
BRF:5
BRH:0
end_of_record
TN:
SF:app/knowledge/[company]/ErrorDisplay.tsx
FN:13,ErrorDisplay
FNF:1
FNH:0
FNDA:0,ErrorDisplay
DA:3,0
DA:4,0
DA:5,0
DA:13,0
DA:14,0
LF:5
LH:0
BRDA:13,0,0,0
BRDA:14,1,0,0
BRDA:14,1,1,0
BRDA:24,2,0,0
BRF:4
BRH:0
end_of_record
TN:
SF:app/knowledge/[company]/KnowledgeViewer.tsx
FN:21,KnowledgeViewer
FN:34,(anonymous_2)
FN:66,(anonymous_3)
FN:74,(anonymous_4)
FN:100,renderServices
FN:115,(anonymous_6)
FN:130,renderCompanyInfo
FN:150,(anonymous_8)
FN:181,renderFAQ
FN:198,(anonymous_10)
FN:206,(anonymous_11)
FN:220,renderAIConfig
FN:240,(anonymous_13)
FN:262,(anonymous_14)
FN:275,(anonymous_15)
FN:288,(anonymous_16)
FN:306,(anonymous_17)
FN:313,(anonymous_18)
FN:326,(anonymous_19)
FN:341,(anonymous_20)
FN:362,renderTemplates
FN:377,(anonymous_22)
FN:401,(anonymous_23)
FN:416,renderJSON
FNF:24
FNH:0
FNDA:0,KnowledgeViewer
FNDA:0,(anonymous_2)
FNDA:0,(anonymous_3)
FNDA:0,(anonymous_4)
FNDA:0,renderServices
FNDA:0,(anonymous_6)
FNDA:0,renderCompanyInfo
FNDA:0,(anonymous_8)
FNDA:0,renderFAQ
FNDA:0,(anonymous_10)
FNDA:0,(anonymous_11)
FNDA:0,renderAIConfig
FNDA:0,(anonymous_13)
FNDA:0,(anonymous_14)
FNDA:0,(anonymous_15)
FNDA:0,(anonymous_16)
FNDA:0,(anonymous_17)
FNDA:0,(anonymous_18)
FNDA:0,(anonymous_19)
FNDA:0,(anonymous_20)
FNDA:0,renderTemplates
FNDA:0,(anonymous_22)
FNDA:0,(anonymous_23)
FNDA:0,renderJSON
DA:3,0
DA:4,0
DA:5,0
DA:6,0
DA:7,0
DA:21,0
DA:22,0
DA:23,0
DA:26,0
DA:30,0
DA:34,0
DA:35,0
DA:36,0
DA:38,0
DA:40,0
DA:42,0
DA:44,0
DA:46,0
DA:48,0
DA:51,0
DA:52,0
DA:56,0
DA:66,0
DA:74,0
DA:101,0
DA:105,0
DA:109,0
DA:116,0
DA:131,0
DA:135,0
DA:139,0
DA:140,0
DA:151,0
DA:182,0
DA:186,0
DA:190,0
DA:192,0
DA:199,0
DA:200,0
DA:202,0
DA:207,0
DA:221,0
DA:225,0
DA:228,0
DA:230,0
DA:241,0
DA:263,0
DA:276,0
DA:289,0
DA:307,0
DA:308,0
DA:311,0
DA:313,0
DA:318,0
DA:320,0
DA:327,0
DA:342,0
DA:363,0
DA:367,0
DA:371,0
DA:378,0
DA:379,0
DA:380,0
DA:382,0
DA:402,0
DA:417,0
DA:421,0
LF:67
LH:0
BRDA:26,0,0,0
BRDA:30,1,0,0
BRDA:36,2,0,0
BRDA:36,2,1,0
BRDA:36,2,2,0
BRDA:36,2,3,0
BRDA:36,2,4,0
BRDA:36,2,5,0
BRDA:51,3,0,0
BRDA:51,3,1,0
BRDA:56,4,0,0
BRDA:64,5,0,0
BRDA:64,5,1,0
BRDA:72,6,0,0
BRDA:72,6,1,0
BRDA:85,7,0,0
BRDA:101,8,0,0
BRDA:105,9,0,0
BRDA:105,9,1,0
BRDA:106,10,0,0
BRDA:106,10,1,0
BRDA:109,11,0,0
BRDA:109,12,0,0
BRDA:109,12,1,0
BRDA:117,13,0,0
BRDA:117,13,1,0
BRDA:118,14,0,0
BRDA:121,15,0,0
BRDA:131,16,0,0
BRDA:135,17,0,0
BRDA:135,17,1,0
BRDA:136,18,0,0
BRDA:136,18,1,0
BRDA:139,19,0,0
BRDA:139,20,0,0
BRDA:139,20,1,0
BRDA:140,21,0,0
BRDA:140,22,0,0
BRDA:140,22,1,0
BRDA:147,23,0,0
BRDA:153,24,0,0
BRDA:156,25,0,0
BRDA:164,26,0,0
BRDA:164,26,1,0
BRDA:168,27,0,0
BRDA:171,28,0,0
BRDA:182,29,0,0
BRDA:186,30,0,0
BRDA:186,31,0,0
BRDA:186,31,1,0
BRDA:192,32,0,0
BRDA:200,33,0,0
BRDA:200,33,1,0
BRDA:204,34,0,0
BRDA:204,34,1,0
BRDA:221,35,0,0
BRDA:225,36,0,0
BRDA:225,36,1,0
BRDA:226,37,0,0
BRDA:226,37,1,0
BRDA:228,38,0,0
BRDA:228,38,1,0
BRDA:230,39,0,0
BRDA:230,40,0,0
BRDA:230,40,1,0
BRDA:236,41,0,0
BRDA:245,42,0,0
BRDA:245,42,1,0
BRDA:247,43,0,0
BRDA:251,44,0,0
BRDA:258,45,0,0
BRDA:258,45,1,0
BRDA:258,45,2,0
BRDA:271,46,0,0
BRDA:271,46,1,0
BRDA:271,46,2,0
BRDA:284,47,0,0
BRDA:284,47,1,0
BRDA:284,47,2,0
BRDA:241,48,0,0
BRDA:241,48,1,0
BRDA:302,49,0,0
BRDA:307,50,0,0
BRDA:307,51,0,0
BRDA:307,51,1,0
BRDA:307,51,2,0
BRDA:307,51,3,0
BRDA:307,51,4,0
BRDA:311,52,0,0
BRDA:311,52,1,0
BRDA:315,53,0,0
BRDA:315,53,1,0
BRDA:318,54,0,0
BRDA:330,55,0,0
BRDA:330,55,1,0
BRDA:332,56,0,0
BRDA:337,57,0,0
BRDA:337,57,1,0
BRDA:337,57,2,0
BRDA:327,58,0,0
BRDA:327,58,1,0
BRDA:363,59,0,0
BRDA:367,60,0,0
BRDA:367,60,1,0
BRDA:368,61,0,0
BRDA:368,61,1,0
BRDA:371,62,0,0
BRDA:371,63,0,0
BRDA:371,63,1,0
BRDA:378,64,0,0
BRDA:378,64,1,0
BRDA:379,65,0,0
BRDA:379,65,1,0
BRDA:380,66,0,0
BRDA:380,66,1,0
BRDA:385,67,0,0
BRDA:391,68,0,0
BRDA:397,69,0,0
BRDA:397,69,1,0
BRDA:397,69,2,0
BRDA:417,70,0,0
BRDA:428,71,0,0
BRDA:428,71,1,0
BRF:123
BRH:0
end_of_record
TN:
SF:app/knowledge/[company]/LoadingState.tsx
FN:6,LoadingState
FN:11,(anonymous_2)
FN:30,(anonymous_3)
FNF:3
FNH:0
FNDA:0,LoadingState
FNDA:0,(anonymous_2)
FNDA:0,(anonymous_3)
DA:3,0
DA:4,0
DA:6,0
DA:12,0
DA:31,0
LF:5
LH:0
BRF:0
BRH:0
end_of_record
TN:
SF:app/knowledge/[company]/WidgetCodeDisplay.tsx
FN:14,WidgetCodeDisplay
FN:26,(anonymous_2)
FN:30,(anonymous_3)
FNF:3
FNH:0
FNDA:0,WidgetCodeDisplay
FNDA:0,(anonymous_2)
FNDA:0,(anonymous_3)
DA:3,0
DA:4,0
DA:5,0
DA:6,0
DA:7,0
DA:14,0
DA:15,0
DA:17,0
DA:26,0
DA:27,0
DA:28,0
DA:29,0
DA:30,0
DA:32,0
LF:14
LH:0
BRDA:56,0,0,0
BRDA:56,0,1,0
BRDA:63,1,0,0
BRDA:63,1,1,0
BRDA:66,2,0,0
BRDA:77,3,0,0
BRF:6
BRH:0
end_of_record
TN:
SF:app/knowledge/[company]/page.tsx
FN:24,getBaseUrl
FN:56,getKnowledgeData
FN:71,KnowledgePage
FN:94,(anonymous_6)
FNF:4
FNH:0
FNDA:0,getBaseUrl
FNDA:0,getKnowledgeData
FNDA:0,KnowledgePage
FNDA:0,(anonymous_6)
DA:1,0
DA:2,0
DA:3,0
DA:4,0
DA:5,0
DA:6,0
DA:7,0
DA:26,0
DA:27,0
DA:31,0
DA:32,0
DA:33,0
DA:34,0
DA:37,0
DA:38,0
DA:45,0
DA:46,0
DA:50,0
DA:57,0
DA:61,0
DA:62,0
DA:65,0
DA:69,0
DA:71,0
DA:72,0
DA:75,0
DA:77,0
DA:78,0
DA:79,0
DA:81,0
DA:82,0
DA:88,0
DA:89,0
DA:93,0
DA:94,0
DA:95,0
DA:104,0
LF:37
LH:0
BRDA:26,0,0,0
BRDA:33,1,0,0
BRDA:33,1,1,0
BRDA:34,2,0,0
BRDA:34,2,1,0
BRDA:35,3,0,0
BRDA:35,3,1,0
BRDA:37,4,0,0
BRDA:45,5,0,0
BRDA:61,6,0,0
BRDA:88,7,0,0
BRDA:88,8,0,0
BRDA:88,8,1,0
BRDA:88,8,2,0
BRDA:93,9,0,0
BRDA:95,10,0,0
BRDA:95,10,1,0
BRDA:95,10,2,0
BRDA:95,10,3,0
BRDA:95,10,4,0
BRDA:95,10,5,0
BRDA:104,11,0,0
BRDA:104,11,1,0
BRDA:114,12,0,0
BRDA:114,12,1,0
BRDA:118,13,0,0
BRDA:118,13,1,0
BRDA:120,14,0,0
BRDA:120,14,1,0
BRDA:126,15,0,0
BRDA:128,16,0,0
BRDA:134,17,0,0
BRDA:133,18,0,0
BRDA:133,18,1,0
BRDA:147,19,0,0
BRDA:154,20,0,0
BRF:36
BRH:0
end_of_record
TN:
SF:app/knowledge/[company]/components/AssetDetail.tsx
FN:23,AssetDetail
FNF:1
FNH:0
FNDA:0,AssetDetail
DA:3,0
DA:4,0
DA:5,0
DA:6,0
DA:7,0
DA:8,0
DA:9,0
DA:23,0
DA:24,0
DA:25,0
LF:10
LH:0
BRF:0
BRH:0
end_of_record
TN:
SF:app/knowledge/[company]/components/AssetExamples.tsx
FN:24,getWhyItMatters
FN:44,getExamples
FN:53,(anonymous_3)
FN:67,(anonymous_4)
FN:85,(anonymous_5)
FN:101,(anonymous_6)
FN:115,(anonymous_7)
FN:130,(anonymous_8)
FN:145,AssetExamples
FN:154,(anonymous_10)
FN:163,(anonymous_11)
FN:176,(anonymous_12)
FN:185,(anonymous_13)
FNF:13
FNH:0
FNDA:0,getWhyItMatters
FNDA:0,getExamples
FNDA:0,(anonymous_3)
FNDA:0,(anonymous_4)
FNDA:0,(anonymous_5)
FNDA:0,(anonymous_6)
FNDA:0,(anonymous_7)
FNDA:0,(anonymous_8)
FNDA:0,AssetExamples
FNDA:0,(anonymous_10)
FNDA:0,(anonymous_11)
FNDA:0,(anonymous_12)
FNDA:0,(anonymous_13)
DA:3,0
DA:4,0
DA:5,0
DA:6,0
DA:7,0
DA:8,0
DA:9,0
DA:25,0
DA:27,0
DA:29,0
DA:31,0
DA:33,0
DA:35,0
DA:37,0
DA:39,0
DA:45,0
DA:47,0
DA:49,0
DA:51,0
DA:52,0
DA:53,0
DA:54,0
DA:62,0
DA:65,0
DA:66,0
DA:67,0
DA:68,0
DA:76,0
DA:79,0
DA:80,0
DA:81,0
DA:82,0
DA:83,0
DA:84,0
DA:85,0
DA:86,0
DA:96,0
DA:99,0
DA:100,0
DA:101,0
DA:102,0
DA:110,0
DA:113,0
DA:114,0
DA:115,0
DA:116,0
DA:117,0
DA:125,0
DA:128,0
DA:129,0
DA:130,0
DA:131,0
DA:139,0
DA:142,0
DA:145,0
DA:146,0
DA:147,0
DA:148,0
DA:150,0
DA:154,0
DA:155,0
DA:156,0
DA:157,0
DA:158,0
DA:163,0
DA:165,0
DA:177,0
DA:185,0
LF:68
LH:0
BRDA:25,0,0,0
BRDA:25,0,1,0
BRDA:25,0,2,0
BRDA:25,0,3,0
BRDA:25,0,4,0
BRDA:25,0,5,0
BRDA:25,0,6,0
BRDA:47,1,0,0
BRDA:49,2,0,0
BRDA:49,2,1,0
BRDA:49,2,2,0
BRDA:49,2,3,0
BRDA:49,2,4,0
BRDA:49,2,5,0
BRDA:51,3,0,0
BRDA:52,4,0,0
BRDA:52,4,1,0
BRDA:55,5,0,0
BRDA:55,5,1,0
BRDA:65,6,0,0
BRDA:66,7,0,0
BRDA:66,7,1,0
BRDA:69,8,0,0
BRDA:69,8,1,0
BRDA:71,9,0,0
BRDA:71,9,1,0
BRDA:79,10,0,0
BRDA:82,11,0,0
BRDA:84,12,0,0
BRDA:87,13,0,0
BRDA:87,13,1,0
BRDA:99,14,0,0
BRDA:100,15,0,0
BRDA:100,15,1,0
BRDA:103,16,0,0
BRDA:103,16,1,0
BRDA:113,17,0,0
BRDA:114,18,0,0
BRDA:114,18,1,0
BRDA:116,19,0,0
BRDA:116,19,1,0
BRDA:119,20,0,0
BRDA:119,20,1,0
BRDA:128,21,0,0
BRDA:129,22,0,0
BRDA:129,22,1,0
BRDA:132,23,0,0
BRDA:132,23,1,0
BRDA:132,23,2,0
BRDA:150,24,0,0
BRDA:189,25,0,0
BRF:51
BRH:0
end_of_record
TN:
SF:app/knowledge/[company]/components/AssetHeader.tsx
FN:9,(anonymous_1)
FN:25,AssetHeader
FN:29,(anonymous_3)
FN:39,(anonymous_4)
FN:49,(anonymous_5)
FN:59,(anonymous_6)
FNF:6
FNH:0
FNDA:0,(anonymous_1)
FNDA:0,AssetHeader
FNDA:0,(anonymous_3)
FNDA:0,(anonymous_4)
FNDA:0,(anonymous_5)
FNDA:0,(anonymous_6)
DA:3,0
DA:4,0
DA:5,0
DA:6,0
DA:7,0
DA:9,0
DA:10,0
DA:11,0
DA:12,0
DA:25,0
DA:26,0
DA:27,0
DA:29,0
DA:30,0
DA:39,0
DA:40,0
DA:41,0
DA:42,0
DA:43,0
DA:44,0
DA:49,0
DA:51,0
DA:59,0
DA:60,0
DA:61,0
DA:62,0
DA:63,0
DA:64,0
DA:65,0
DA:66,0
DA:67,0
DA:68,0
DA:69,0
DA:70,0
DA:72,0
DA:78,0
LF:36
LH:0
BRDA:10,0,0,0
BRDA:11,1,0,0
BRDA:108,2,0,0
BRF:3
BRH:0
end_of_record
TN:
SF:app/knowledge/[company]/components/AssetList.tsx
FN:32,(anonymous_1)
FN:44,(anonymous_2)
FN:56,(anonymous_3)
FN:62,AssetList
FN:65,(anonymous_5)
FN:78,(anonymous_6)
FN:84,(anonymous_7)
FN:91,(anonymous_8)
FNF:8
FNH:0
FNDA:0,(anonymous_1)
FNDA:0,(anonymous_2)
FNDA:0,(anonymous_3)
FNDA:0,AssetList
FNDA:0,(anonymous_5)
FNDA:0,(anonymous_6)
FNDA:0,(anonymous_7)
FNDA:0,(anonymous_8)
DA:3,0
DA:4,0
DA:5,0
DA:6,0
DA:16,0
DA:17,0
DA:32,0
DA:33,0
DA:44,0
DA:45,0
DA:53,0
DA:56,0
DA:57,0
DA:58,0
DA:59,0
DA:62,0
DA:63,0
DA:65,0
DA:66,0
DA:78,0
DA:85,0
DA:91,0
LF:22
LH:0
BRDA:53,0,0,0
BRDA:53,0,1,0
BRDA:57,1,0,0
BRDA:58,2,0,0
BRDA:66,3,0,0
BRDA:66,3,1,0
BRDA:89,4,0,0
BRDA:89,4,1,0
BRF:8
BRH:0
end_of_record
TN:
SF:app/knowledge/[company]/components/AssetOverview.tsx
FN:32,AssetOverview
FN:33,(anonymous_2)
FN:39,(anonymous_3)
FN:41,(anonymous_4)
FN:88,(anonymous_5)
FN:89,(anonymous_6)
FN:108,(anonymous_7)
FN:109,(anonymous_8)
FN:133,(anonymous_9)
FNF:9
FNH:0
FNDA:0,AssetOverview
FNDA:0,(anonymous_2)
FNDA:0,(anonymous_3)
FNDA:0,(anonymous_4)
FNDA:0,(anonymous_5)
FNDA:0,(anonymous_6)
FNDA:0,(anonymous_7)
FNDA:0,(anonymous_8)
FNDA:0,(anonymous_9)
DA:3,0
DA:12,0
DA:23,0
DA:32,0
DA:33,0
DA:34,0
DA:35,0
DA:36,0
DA:39,0
DA:40,0
DA:41,0
DA:42,0
DA:43,0
DA:45,0
DA:46,0
DA:47,0
DA:48,0
DA:51,0
DA:54,0
DA:89,0
DA:90,0
DA:91,0
DA:109,0
DA:110,0
DA:111,0
DA:134,0
DA:135,0
DA:137,0
DA:138,0
LF:29
LH:0
BRDA:34,0,0,0
BRDA:35,1,0,0
BRDA:42,2,0,0
BRDA:46,3,0,0
BRDA:91,4,0,0
BRDA:91,4,1,0
BRDA:111,5,0,0
BRDA:111,5,1,0
BRDA:135,6,0,0
BRDA:135,7,0,0
BRDA:135,7,1,0
BRF:11
BRH:0
end_of_record
TN:
SF:app/knowledge/[company]/components/AssetRawJSON.tsx
FN:18,findPathInJSON
FN:22,(anonymous_2)
FN:61,AssetRawJSON
FN:72,(anonymous_4)
FN:75,(anonymous_5)
FN:99,(anonymous_6)
FNF:6
FNH:0
FNDA:0,findPathInJSON
FNDA:0,(anonymous_2)
FNDA:0,AssetRawJSON
FNDA:0,(anonymous_4)
FNDA:0,(anonymous_5)
FNDA:0,(anonymous_6)
DA:3,0
DA:4,0
DA:5,0
DA:6,0
DA:7,0
DA:8,0
DA:9,0
DA:19,0
DA:21,0
DA:22,0
DA:23,0
DA:24,0
DA:25,0
DA:26,0
DA:27,0
DA:28,0
DA:29,0
DA:30,0
DA:31,0
DA:33,0
DA:38,0
DA:40,0
DA:41,0
DA:43,0
DA:44,0
DA:45,0
DA:46,0
DA:48,0
DA:49,0
DA:50,0
DA:51,0
DA:55,0
DA:57,0
DA:61,0
DA:62,0
DA:64,0
DA:68,0
DA:71,0
DA:72,0
DA:75,0
DA:76,0
DA:77,0
DA:78,0
DA:79,0
DA:80,0
DA:81,0
DA:82,0
DA:83,0
DA:84,0
DA:99,0
LF:50
LH:0
BRDA:19,0,0,0
BRDA:19,1,0,0
BRDA:19,1,1,0
BRDA:25,2,0,0
BRDA:25,3,0,0
BRDA:25,3,1,0
BRDA:26,4,0,0
BRDA:26,4,1,0
BRDA:28,5,0,0
BRDA:30,6,0,0
BRDA:30,6,1,0
BRDA:30,7,0,0
BRDA:30,7,1,0
BRDA:38,8,0,0
BRDA:38,9,0,0
BRDA:38,9,1,0
BRDA:41,10,0,0
BRDA:46,11,0,0
BRDA:46,11,1,0
BRDA:46,12,0,0
BRDA:46,12,1,0
BRDA:50,13,0,0
BRDA:50,14,0,0
BRDA:50,14,1,0
BRDA:50,14,2,0
BRDA:50,14,3,0
BRDA:55,15,0,0
BRDA:55,15,1,0
BRDA:64,16,0,0
BRDA:71,17,0,0
BRDA:71,17,1,0
BRF:31
BRH:0
end_of_record
TN:
SF:app/knowledge/[company]/components/AssetSchema.tsx
FN:27,getValueAtPath
FN:52,formatExample
FN:69,extractSchema
FN:84,(anonymous_4)
FN:127,AssetSchema
FN:139,(anonymous_6)
FN:143,(anonymous_7)
FN:155,(anonymous_8)
FN:164,(anonymous_9)
FN:174,(anonymous_10)
FN:202,(anonymous_11)
FN:241,(anonymous_12)
FN:249,(anonymous_13)
FN:285,(anonymous_14)
FNF:14
FNH:0
FNDA:0,getValueAtPath
FNDA:0,formatExample
FNDA:0,extractSchema
FNDA:0,(anonymous_4)
FNDA:0,AssetSchema
FNDA:0,(anonymous_6)
FNDA:0,(anonymous_7)
FNDA:0,(anonymous_8)
FNDA:0,(anonymous_9)
FNDA:0,(anonymous_10)
FNDA:0,(anonymous_11)
FNDA:0,(anonymous_12)
FNDA:0,(anonymous_13)
FNDA:0,(anonymous_14)
DA:3,0
DA:4,0
DA:5,0
DA:6,0
DA:7,0
DA:8,0
DA:9,0
DA:10,0
DA:11,0
DA:28,0
DA:29,0
DA:30,0
DA:31,0
DA:32,0
DA:33,0
DA:34,0
DA:35,0
DA:36,0
DA:37,0
DA:39,0
DA:42,0
DA:45,0
DA:48,0
DA:53,0
DA:54,0
DA:55,0
DA:57,0
DA:58,0
DA:60,0
DA:61,0
DA:63,0
DA:64,0
DA:66,0
DA:70,0
DA:72,0
DA:73,0
DA:76,0
DA:77,0
DA:78,0
DA:79,0
DA:81,0
DA:84,0
DA:86,0
DA:87,0
DA:90,0
DA:91,0
DA:92,0
DA:95,0
DA:96,0
DA:97,0
DA:102,0
DA:103,0
DA:104,0
DA:106,0
DA:109,0
DA:118,0
DA:119,0
DA:120,0
DA:124,0
DA:127,0
DA:128,0
DA:129,0
DA:130,0
DA:132,0
DA:136,0
DA:139,0
DA:140,0
DA:141,0
DA:142,0
DA:144,0
DA:151,0
DA:155,0
DA:156,0
DA:157,0
DA:158,0
DA:159,0
DA:164,0
DA:166,0
DA:174,0
DA:175,0
DA:176,0
DA:177,0
DA:183,0
DA:202,0
DA:242,0
DA:249,0
DA:285,0
LF:87
LH:0
BRDA:31,0,0,0
BRDA:31,1,0,0
BRDA:31,1,1,0
BRDA:32,2,0,0
BRDA:32,2,1,0
BRDA:32,3,0,0
BRDA:32,3,1,0
BRDA:34,4,0,0
BRDA:34,4,1,0
BRDA:34,5,0,0
BRDA:34,5,1,0
BRDA:36,6,0,0
BRDA:36,6,1,0
BRDA:53,7,0,0
BRDA:53,8,0,0
BRDA:53,8,1,0
BRDA:54,9,0,0
BRDA:55,10,0,0
BRDA:55,10,1,0
BRDA:57,11,0,0
BRDA:57,12,0,0
BRDA:57,12,1,0
BRDA:60,13,0,0
BRDA:63,14,0,0
BRDA:69,15,0,0
BRDA:72,16,0,0
BRDA:72,17,0,0
BRDA:72,17,1,0
BRDA:76,18,0,0
BRDA:77,19,0,0
BRDA:86,20,0,0
BRDA:90,21,0,0
BRDA:90,21,1,0
BRDA:91,22,0,0
BRDA:91,22,1,0
BRDA:92,23,0,0
BRDA:92,23,1,0
BRDA:96,24,0,0
BRDA:96,25,0,0
BRDA:96,25,1,0
BRDA:118,26,0,0
BRDA:118,27,0,0
BRDA:118,27,1,0
BRDA:118,27,2,0
BRDA:132,28,0,0
BRDA:140,29,0,0
BRDA:144,30,0,0
BRDA:144,30,1,0
BRDA:144,30,2,0
BRDA:144,30,3,0
BRDA:144,30,4,0
BRDA:151,31,0,0
BRDA:206,32,0,0
BRDA:228,33,0,0
BRDA:228,33,1,0
BRDA:234,34,0,0
BRDA:254,35,0,0
BRDA:268,36,0,0
BRDA:274,37,0,0
BRDA:278,38,0,0
BRF:60
BRH:0
end_of_record
TN:
SF:app/knowledge/[company]/components/AssetSummary.tsx
FN:56,AssetSummary
FN:90,(anonymous_2)
FN:111,(anonymous_3)
FN:133,(anonymous_4)
FNF:4
FNH:0
FNDA:0,AssetSummary
FNDA:0,(anonymous_2)
FNDA:0,(anonymous_3)
FNDA:0,(anonymous_4)
DA:3,0
DA:4,0
DA:5,0
DA:17,0
DA:56,0
DA:57,0
DA:91,0
DA:112,0
DA:134,0
LF:9
LH:0
BRDA:57,0,0,0
BRDA:57,0,1,0
BRDA:80,1,0,0
BRDA:101,2,0,0
BRDA:123,3,0,0
BRF:5
BRH:0
end_of_record
TN:
SF:app/knowledge/[company]/components/BreadcrumbNav.tsx
FN:20,BreadcrumbNav
FNF:1
FNH:0
FNDA:0,BreadcrumbNav
DA:10,0
DA:11,0
DA:20,0
LF:3
LH:0
BRDA:33,0,0,0
BRDA:33,0,1,0
BRDA:37,1,0,0
BRDA:37,1,1,0
BRF:4
BRH:0
end_of_record
TN:
SF:app/knowledge/[company]/components/ClientConsole.tsx
FN:35,ClientConsole
FN:42,(anonymous_2)
FN:73,(anonymous_3)
FNF:3
FNH:0
FNDA:0,ClientConsole
FNDA:0,(anonymous_2)
FNDA:0,(anonymous_3)
DA:3,0
DA:4,0
DA:5,0
DA:6,0
DA:7,0
DA:8,0
DA:9,0
DA:10,0
DA:11,0
DA:12,0
DA:13,0
DA:14,0
DA:35,0
DA:36,0
DA:39,0
DA:40,0
DA:42,0
DA:73,0
LF:18
LH:0
BRDA:37,0,0,0
BRDA:37,0,1,0
BRDA:52,1,0,0
BRDA:52,1,1,0
BRDA:53,2,0,0
BRDA:53,2,1,0
BRDA:58,3,0,0
BRDA:58,3,1,0
BRDA:60,4,0,0
BRDA:60,4,1,0
BRDA:64,5,0,0
BRDA:64,5,1,0
BRDA:80,6,0,0
BRDA:101,7,0,0
BRDA:101,7,1,0
BRDA:106,8,0,0
BRDA:106,8,1,0
BRDA:118,9,0,0
BRDA:133,10,0,0
BRF:19
BRH:0
end_of_record
TN:
SF:app/knowledge/[company]/components/SystemArchitecture.tsx
FN:246,MermaidDiagram
FN:252,(anonymous_3)
FN:255,(anonymous_4)
FN:298,(anonymous_5)
FN:302,(anonymous_6)
FN:339,SystemArchitecture
FNF:6
FNH:0
FNDA:0,MermaidDiagram
FNDA:0,(anonymous_3)
FNDA:0,(anonymous_4)
FNDA:0,(anonymous_5)
FNDA:0,(anonymous_6)
FNDA:0,SystemArchitecture
DA:3,0
DA:4,0
DA:5,0
DA:6,0
DA:9,0
DA:77,0
DA:149,0
DA:184,0
DA:244,0
DA:247,0
DA:248,0
DA:249,0
DA:250,0
DA:252,0
DA:253,0
DA:255,0
DA:256,0
DA:257,0
DA:258,0
DA:259,0
DA:262,0
DA:263,0
DA:273,0
DA:277,0
DA:280,0
DA:282,0
DA:283,0
DA:285,0
DA:288,0
DA:289,0
DA:290,0
DA:291,0
DA:293,0
DA:298,0
DA:299,0
DA:302,0
DA:339,0
LF:37
LH:0
BRDA:253,0,0,0
BRDA:262,1,0,0
BRDA:282,2,0,0
BRDA:282,2,1,0
BRDA:282,3,0,0
BRDA:282,3,1,0
BRDA:289,4,0,0
BRDA:289,4,1,0
BRDA:309,5,0,0
BRDA:314,6,0,0
BRDA:326,7,0,0
BRDA:326,7,1,0
BRDA:326,7,2,0
BRF:13
BRH:0
end_of_record
TN:
SF:app/widget/chat/page.tsx
FN:22,WidgetChatContent
FN:30,(anonymous_2)
FN:36,(anonymous_3)
FN:44,(anonymous_4)
FN:46,(anonymous_5)
FN:55,(anonymous_6)
FN:57,(anonymous_7)
FN:72,(anonymous_8)
FN:175,WidgetChatPage
FNF:9
FNH:0
FNDA:0,WidgetChatContent
FNDA:0,(anonymous_2)
FNDA:0,(anonymous_3)
FNDA:0,(anonymous_4)
FNDA:0,(anonymous_5)
FNDA:0,(anonymous_6)
FNDA:0,(anonymous_7)
FNDA:0,(anonymous_8)
FNDA:0,WidgetChatPage
DA:3,0
DA:4,0
DA:5,0
DA:6,0
DA:23,0
DA:24,0
DA:25,0
DA:26,0
DA:27,0
DA:30,0
DA:31,0
DA:32,0
DA:37,0
DA:38,0
DA:40,0
DA:41,0
DA:43,0
DA:44,0
DA:47,0
DA:48,0
DA:49,0
DA:55,0
DA:56,0
DA:57,0
DA:58,0
DA:59,0
DA:60,0
DA:61,0
DA:62,0
DA:65,0
DA:68,0
DA:72,0
DA:74,0
DA:76,0
DA:77,0
DA:84,0
DA:92,0
DA:110,0
DA:119,0
DA:129,0
DA:130,0
DA:142,0
DA:143,0
DA:154,0
DA:161,0
DA:175,0
LF:46
LH:0
BRDA:24,0,0,0
BRDA:24,0,1,0
BRDA:31,1,0,0
BRDA:37,2,0,0
BRDA:40,3,0,0
BRDA:47,4,0,0
BRDA:47,4,1,0
BRDA:56,5,0,0
BRDA:60,6,0,0
BRDA:74,7,0,0
BRDA:76,8,0,0
BRDA:76,8,1,0
BRDA:84,9,0,0
BRDA:92,10,0,0
BRDA:110,11,0,0
BRDA:130,12,0,0
BRDA:142,13,0,0
BRDA:167,14,0,0
BRDA:167,14,1,0
BRF:19
BRH:0
end_of_record
TN:
SF:lib/client-logger.ts
FN:17,(anonymous_1)
FN:30,(anonymous_2)
FN:39,(anonymous_3)
FN:48,(anonymous_4)
FNF:4
FNH:0
FNDA:0,(anonymous_1)
FNDA:0,(anonymous_2)
FNDA:0,(anonymous_3)
FNDA:0,(anonymous_4)
DA:7,0
DA:13,0
DA:18,0
DA:19,0
DA:31,0
DA:32,0
DA:40,0
DA:41,0
DA:49,0
DA:50,0
LF:10
LH:0
BRDA:18,0,0,0
BRDA:31,1,0,0
BRDA:40,2,0,0
BRDA:49,3,0,0
BRF:4
BRH:0
end_of_record
TN:
SF:lib/env.ts
FN:7,getRequiredEnv
FN:21,getOptionalEnv
FN:28,getBooleanEnv
FN:37,getNumberEnv
FN:47,getAllowedOrigins
FN:59,(anonymous_12)
FN:65,isOriginAllowed
FNF:7
FNH:0
FNDA:0,getRequiredEnv
FNDA:0,getOptionalEnv
FNDA:0,getBooleanEnv
FNDA:0,getNumberEnv
FNDA:0,getAllowedOrigins
FNDA:0,(anonymous_12)
FNDA:0,isOriginAllowed
DA:7,0
DA:8,0
DA:9,0
DA:10,0
DA:15,0
DA:21,0
DA:22,0
DA:28,0
DA:29,0
DA:30,0
DA:31,0
DA:37,0
DA:38,0
DA:39,0
DA:40,0
DA:41,0
DA:47,0
DA:48,0
DA:49,0
DA:51,0
DA:54,0
DA:59,0
DA:65,0
DA:66,0
DA:67,0
DA:70,0
DA:71,0
DA:74,0
LF:28
LH:0
BRDA:9,0,0,0
BRDA:21,1,0,0
BRDA:22,2,0,0
BRDA:22,2,1,0
BRDA:28,3,0,0
BRDA:30,4,0,0
BRDA:31,5,0,0
BRDA:31,5,1,0
BRDA:39,6,0,0
BRDA:41,7,0,0
BRDA:41,7,1,0
BRDA:49,8,0,0
BRDA:51,9,0,0
BRDA:66,10,0,0
BRDA:70,11,0,0
BRF:15
BRH:0
end_of_record
TN:
SF:lib/error-handler.ts
FN:7,(anonymous_7)
FN:19,(anonymous_8)
FN:26,(anonymous_9)
FN:33,(anonymous_10)
FN:42,formatErrorResponse
FN:82,logError
FNF:6
FNH:6
FNDA:52,(anonymous_7)
FNDA:46,(anonymous_8)
FNDA:2,(anonymous_9)
FNDA:1,(anonymous_10)
FNDA:7,formatErrorResponse
FNDA:3,logError
DA:4,2
DA:6,3
DA:13,52
DA:14,52
DA:18,88
DA:20,46
DA:21,46
DA:25,2
DA:27,2
DA:28,2
DA:32,1
DA:34,1
DA:35,1
DA:42,7
DA:47,7
DA:49,2
DA:57,5
DA:59,2
DA:60,1
DA:67,1
DA:73,3
DA:82,3
DA:84,3
LF:23
LH:23
BRDA:9,0,0,1
BRDA:26,1,0,1
BRDA:33,2,0,1
BRDA:47,3,0,2
BRDA:53,4,0,1
BRDA:53,4,1,1
BRDA:57,5,0,2
BRDA:59,6,0,1
BRDA:85,7,0,2
BRDA:85,7,1,1
BRF:10
BRH:10
end_of_record
TN:
SF:lib/knowledge-cache.ts
FN:33,cleanExpiredCache
FN:45,enforceMaxSize
FN:52,(anonymous_8)
FN:63,getCachedKnowledgeBase
FN:93,setCachedKnowledgeBase
FN:117,clearKnowledgeBaseCache
FN:125,clearAllKnowledgeBaseCache
FN:133,getCacheStats
FN:139,(anonymous_14)
FNF:9
FNH:0
FNDA:0,cleanExpiredCache
FNDA:0,enforceMaxSize
FNDA:0,(anonymous_8)
FNDA:0,getCachedKnowledgeBase
FNDA:0,setCachedKnowledgeBase
FNDA:0,clearKnowledgeBaseCache
FNDA:0,clearAllKnowledgeBaseCache
FNDA:0,getCacheStats
FNDA:0,(anonymous_14)
DA:5,0
DA:15,0
DA:25,0
DA:34,0
DA:35,0
DA:36,0
DA:37,0
DA:46,0
DA:47,0
DA:51,0
DA:52,0
DA:54,0
DA:55,0
DA:56,0
DA:63,0
DA:68,0
DA:70,0
DA:73,0
DA:74,0
DA:75,0
DA:78,0
DA:79,0
DA:81,0
DA:82,0
DA:83,0
DA:86,0
DA:87,0
DA:93,0
DA:99,0
DA:102,0
DA:104,0
DA:105,0
DA:111,0
DA:117,0
DA:118,0
DA:119,0
DA:125,0
DA:126,0
DA:127,0
DA:133,0
DA:138,0
DA:139,0
DA:145,0
LF:43
LH:0
BRDA:36,0,0,0
BRDA:46,1,0,0
BRDA:65,2,0,0
BRDA:68,3,0,0
BRDA:68,4,0,0
BRDA:68,4,1,0
BRDA:74,5,0,0
BRDA:79,6,0,0
BRDA:96,7,0,0
BRF:9
BRH:0
end_of_record
TN:
SF:lib/knowledge-fs.ts
FN:29,loadFromFileSystem
FN:34,(anonymous_5)
FN:35,(anonymous_6)
FN:53,(anonymous_7)
FNF:4
FNH:0
FNDA:0,loadFromFileSystem
FNDA:0,(anonymous_5)
FNDA:0,(anonymous_6)
FNDA:0,(anonymous_7)
DA:8,0
DA:9,0
DA:29,0
DA:30,0
DA:32,0
DA:34,0
DA:35,0
DA:37,0
DA:38,0
DA:39,0
DA:42,0
DA:43,0
DA:44,0
DA:45,0
DA:46,0
DA:47,0
DA:48,0
DA:49,0
DA:52,0
DA:53,0
DA:54,0
DA:57,0
DA:62,0
DA:64,0
DA:67,0
LF:25
LH:0
BRDA:43,0,0,0
BRDA:52,1,0,0
BRF:2
BRH:0
end_of_record
TN:
SF:lib/knowledge.ts
FN:26,isEdgeRuntime
FN:38,loadFromHTTP
FN:79,(anonymous_5)
FN:108,getKnowledgeBase
FN:148,getFAQMenu
FNF:5
FNH:0
FNDA:0,isEdgeRuntime
FNDA:0,loadFromHTTP
FNDA:0,(anonymous_5)
FNDA:0,getKnowledgeBase
FNDA:0,getFAQMenu
DA:4,0
DA:5,0
DA:28,0
DA:39,0
DA:41,0
DA:42,0
DA:43,0
DA:46,0
DA:48,0
DA:49,0
DA:59,0
DA:60,0
DA:61,0
DA:62,0
DA:63,0
DA:65,0
DA:66,0
DA:67,0
DA:68,0
DA:69,0
DA:72,0
DA:73,0
DA:74,0
DA:78,0
DA:79,0
DA:80,0
DA:83,0
DA:85,0
DA:89,0
DA:97,0
DA:99,0
DA:102,0
DA:108,0
DA:110,0
DA:111,0
DA:112,0
DA:116,0
DA:117,0
DA:118,0
DA:119,0
DA:121,0
DA:122,0
DA:124,0
DA:125,0
DA:133,0
DA:134,0
DA:135,0
DA:137,0
DA:138,0
DA:141,0
DA:142,0
DA:148,0
DA:149,0
DA:150,0
LF:54
LH:0
BRDA:28,0,0,0
BRDA:28,0,1,0
BRDA:41,1,0,0
BRDA:65,2,0,0
BRDA:65,2,1,0
BRDA:72,3,0,0
BRDA:78,4,0,0
BRDA:92,5,0,0
BRDA:92,5,1,0
BRDA:111,6,0,0
BRDA:116,7,0,0
BRDA:117,8,0,0
BRDA:117,8,1,0
BRDA:117,9,0,0
BRDA:117,9,1,0
BRDA:117,10,0,0
BRDA:117,10,1,0
BRDA:118,11,0,0
BRDA:133,12,0,0
BRDA:133,12,1,0
BRDA:133,13,0,0
BRDA:133,13,1,0
BRDA:133,14,0,0
BRDA:133,14,1,0
BRDA:134,15,0,0
BRDA:150,16,0,0
BRDA:150,16,1,0
BRF:27
BRH:0
end_of_record
TN:
SF:lib/logger.ts
FN:17,(anonymous_7)
FN:26,(anonymous_8)
FN:35,(anonymous_9)
FN:48,(anonymous_10)
FN:61,(anonymous_11)
FN:87,(anonymous_12)
FN:99,(anonymous_14)
FN:100,(anonymous_15)
FN:101,(anonymous_16)
FN:102,(anonymous_17)
FN:104,(anonymous_18)
FNF:11
FNH:0
FNDA:0,(anonymous_7)
FNDA:0,(anonymous_8)
FNDA:0,(anonymous_9)
FNDA:0,(anonymous_10)
FNDA:0,(anonymous_11)
FNDA:0,(anonymous_12)
FNDA:0,(anonymous_14)
FNDA:0,(anonymous_15)
FNDA:0,(anonymous_16)
FNDA:0,(anonymous_17)
FNDA:0,(anonymous_18)
DA:11,1
DA:18,0
DA:19,0
DA:20,0
DA:27,0
DA:28,0
DA:36,0
DA:37,0
DA:49,0
DA:50,0
DA:62,0
DA:71,0
DA:72,0
DA:73,0
DA:74,0
DA:88,0
DA:89,0
DA:90,0
DA:96,1
DA:99,1
DA:100,1
DA:101,1
DA:102,1
DA:103,0
DA:104,1
DA:105,0
LF:26
LH:7
BRDA:19,0,0,0
BRDA:19,0,1,0
BRDA:27,1,0,0
BRDA:36,2,0,0
BRDA:49,3,0,0
BRDA:64,4,0,0
BRDA:64,4,1,0
BRDA:71,5,0,0
BRDA:73,6,0,0
BRDA:89,7,0,0
BRF:10
BRH:0
end_of_record
TN:
SF:lib/performance.ts
FN:13,(anonymous_6)
FN:18,(anonymous_7)
FN:28,createTimer
FN:35,debounce
FN:41,executedFunction
FN:42,(anonymous_11)
FN:57,throttle
FN:63,executedFunction
FN:67,(anonymous_14)
FN:77,memoize
FN:83,(anonymous_16)
FNF:11
FNH:0
FNDA:0,(anonymous_6)
FNDA:0,(anonymous_7)
FNDA:0,createTimer
FNDA:0,debounce
FNDA:0,executedFunction
FNDA:0,(anonymous_11)
FNDA:0,throttle
FNDA:0,executedFunction
FNDA:0,(anonymous_14)
FNDA:0,memoize
FNDA:0,(anonymous_16)
DA:4,0
DA:9,0
DA:14,0
DA:15,0
DA:19,0
DA:20,0
DA:21,0
DA:28,0
DA:29,0
DA:35,0
DA:39,0
DA:41,0
DA:42,0
DA:43,0
DA:44,0
DA:47,0
DA:48,0
DA:50,0
DA:57,0
DA:61,0
DA:63,0
DA:64,0
DA:65,0
DA:66,0
DA:67,0
DA:68,0
DA:77,0
DA:81,0
DA:83,0
DA:84,0
DA:85,0
DA:87,0
DA:88,0
DA:91,0
DA:92,0
DA:97,0
LF:36
LH:0
BRDA:47,0,0,0
BRDA:64,1,0,0
BRDA:79,2,0,0
BRDA:87,3,0,0
BRDA:87,4,0,0
BRDA:87,4,1,0
BRF:6
BRH:0
end_of_record
TN:
SF:lib/rate-limit.ts
FN:27,defaultKeyGenerator
FN:42,checkRateLimit
FN:96,createRateLimit
FN:97,(anonymous_7)
FNF:4
FNH:4
FNDA:19,defaultKeyGenerator
FNDA:22,checkRateLimit
FNDA:4,createRateLimit
FNDA:7,(anonymous_7)
DA:13,1
DA:29,19
DA:30,19
DA:31,19
DA:33,19
DA:34,19
DA:35,19
DA:42,15
DA:46,22
DA:47,22
DA:48,22
DA:51,22
DA:53,0
DA:54,0
DA:55,0
DA:60,22
DA:63,22
DA:64,5
DA:68,5
DA:76,17
DA:77,12
DA:85,5
DA:86,5
DA:96,3
DA:97,4
DA:98,7
DA:100,7
DA:101,5
DA:127,1
LF:29
LH:26
BRDA:33,0,0,1
BRDA:33,0,1,18
BRDA:34,1,0,19
BRDA:34,1,1,2
BRDA:34,1,2,1
BRDA:34,1,3,0
BRDA:46,2,0,22
BRDA:46,2,1,19
BRDA:51,3,0,0
BRDA:54,4,0,0
BRDA:63,5,0,5
BRDA:63,6,0,22
BRDA:63,6,1,17
BRDA:76,7,0,12
BRDA:100,8,0,5
BRF:15
BRH:12
end_of_record
TN:
SF:lib/validation.ts
FN:9,sanitizeInput
FN:38,validateMessage
FN:87,validateCompanyId
FN:111,validateSessionId
FN:136,validateConversationId
FN:167,validateChatRequest
FNF:6
FNH:6
FNDA:7,sanitizeInput
FNDA:22,validateMessage
FNDA:15,validateCompanyId
FNDA:15,validateSessionId
FNDA:11,validateConversationId
FNDA:12,validateChatRequest
DA:4,1
DA:9,7
DA:10,7
DA:11,3
DA:15,4
DA:24,4
DA:32,4
DA:38,14
DA:39,22
DA:40,5
DA:43,17
DA:44,2
DA:47,15
DA:49,15
DA:50,1
DA:53,14
DA:54,1
DA:58,13
DA:59,13
DA:60,1
DA:64,12
DA:75,12
DA:76,75
DA:77,6
DA:81,6
DA:87,15
DA:88,15
DA:89,3
DA:92,12
DA:93,0
DA:97,12
DA:98,3
DA:101,9
DA:102,2
DA:105,7
DA:111,11
DA:112,15
DA:113,5
DA:116,10
DA:117,2
DA:122,8
DA:123,4
DA:126,4
DA:127,1
DA:130,3
DA:136,8
DA:137,11
DA:138,4
DA:141,7
DA:142,0
DA:147,7
DA:148,3
DA:151,4
DA:152,1
DA:155,3
DA:167,12
DA:168,12
DA:169,4
DA:172,8
DA:174,8
LF:60
LH:58
BRDA:10,0,0,3
BRDA:39,1,0,5
BRDA:43,2,0,2
BRDA:49,3,0,1
BRDA:53,4,0,1
BRDA:58,5,0,13
BRDA:58,5,1,8
BRDA:59,6,0,1
BRDA:76,7,0,6
BRDA:88,8,0,3
BRDA:92,9,0,0
BRDA:97,10,0,3
BRDA:101,11,0,2
BRDA:101,12,0,9
BRDA:101,12,1,8
BRDA:112,13,0,5
BRDA:116,14,0,2
BRDA:122,15,0,4
BRDA:126,16,0,1
BRDA:137,17,0,4
BRDA:141,18,0,0
BRDA:147,19,0,3
BRDA:151,20,0,1
BRDA:168,21,0,4
BRDA:168,22,0,12
BRDA:168,22,1,10
BRF:26
BRH:24
end_of_record
TN:
SF:lib/api/chat-helpers.ts
FN:23,parseChatRequest
FN:50,(anonymous_6)
FN:99,retrieveRelevantChunks
FN:153,(anonymous_8)
FN:286,createGeminiModel
FN:321,generateAIResponse
FN:342,(anonymous_12)
FN:352,(anonymous_13)
FNF:8
FNH:0
FNDA:0,parseChatRequest
FNDA:0,(anonymous_6)
FNDA:0,retrieveRelevantChunks
FNDA:0,(anonymous_8)
FNDA:0,createGeminiModel
FNDA:0,generateAIResponse
FNDA:0,(anonymous_12)
FNDA:0,(anonymous_13)
DA:5,0
DA:6,0
DA:7,0
DA:8,0
DA:15,0
DA:16,0
DA:17,0
DA:18,0
DA:23,0
DA:27,0
DA:28,0
DA:31,0
DA:34,0
DA:35,0
DA:37,0
DA:38,0
DA:47,0
DA:48,0
DA:49,0
DA:50,0
DA:51,0
DA:56,0
DA:57,0
DA:58,0
DA:59,0
DA:64,0
DA:65,0
DA:66,0
DA:67,0
DA:71,0
DA:72,0
DA:79,0
DA:83,0
DA:85,0
DA:86,0
DA:93,0
DA:105,0
DA:110,0
DA:112,0
DA:113,0
DA:118,0
DA:121,0
DA:122,0
DA:124,0
DA:125,0
DA:129,0
DA:131,0
DA:132,0
DA:133,0
DA:134,0
DA:135,0
DA:136,0
DA:137,0
DA:138,0
DA:145,0
DA:146,0
DA:147,0
DA:148,0
DA:149,0
DA:151,0
DA:152,0
DA:153,0
DA:154,0
DA:155,0
DA:156,0
DA:159,0
DA:160,0
DA:163,0
DA:167,0
DA:174,0
DA:175,0
DA:176,0
DA:177,0
DA:178,0
DA:179,0
DA:180,0
DA:183,0
DA:187,0
DA:192,0
DA:198,0
DA:204,0
DA:209,0
DA:210,0
DA:211,0
DA:212,0
DA:213,0
DA:217,0
DA:222,0
DA:225,0
DA:235,0
DA:236,0
DA:238,0
DA:239,0
DA:240,0
DA:241,0
DA:243,0
DA:250,0
DA:251,0
DA:256,0
DA:265,0
DA:266,0
DA:273,0
DA:275,0
DA:286,0
DA:287,0
DA:289,0
DA:290,0
DA:295,0
DA:297,0
DA:305,0
DA:309,0
DA:315,0
DA:321,0
DA:330,0
DA:332,0
DA:341,0
DA:342,0
DA:343,0
DA:346,0
DA:347,0
DA:354,0
DA:355,0
DA:364,0
DA:366,0
DA:371,0
DA:373,0
DA:379,0
DA:381,0
DA:383,0
DA:386,0
DA:387,0
DA:392,0
DA:395,0
DA:402,0
DA:403,0
DA:408,0
LF:136
LH:0
BRDA:27,0,0,0
BRDA:34,1,0,0
BRDA:34,1,1,0
BRDA:34,2,0,0
BRDA:34,2,1,0
BRDA:37,3,0,0
BRDA:47,4,0,0
BRDA:49,5,0,0
BRDA:56,6,0,0
BRDA:56,7,0,0
BRDA:56,7,1,0
BRDA:57,8,0,0
BRDA:64,9,0,0
BRDA:64,10,0,0
BRDA:64,10,1,0
BRDA:65,11,0,0
BRDA:71,12,0,0
BRDA:71,13,0,0
BRDA:71,13,1,0
BRDA:74,14,0,0
BRDA:74,14,1,0
BRDA:75,15,0,0
BRDA:75,15,1,0
BRDA:83,16,0,0
BRDA:105,17,0,0
BRDA:105,17,1,0
BRDA:105,17,2,0
BRDA:105,17,3,0
BRDA:112,18,0,0
BRDA:112,19,0,0
BRDA:112,19,1,0
BRDA:112,19,2,0
BRDA:124,20,0,0
BRDA:132,21,0,0
BRDA:132,22,0,0
BRDA:132,22,1,0
BRDA:134,23,0,0
BRDA:135,24,0,0
BRDA:135,24,1,0
BRDA:137,25,0,0
BRDA:137,25,1,0
BRDA:137,25,2,0
BRDA:145,26,0,0
BRDA:145,27,0,0
BRDA:145,27,1,0
BRDA:149,28,0,0
BRDA:152,29,0,0
BRDA:152,30,0,0
BRDA:152,30,1,0
BRDA:156,31,0,0
BRDA:156,31,1,0
BRDA:159,32,0,0
BRDA:159,33,0,0
BRDA:159,33,1,0
BRDA:159,34,0,0
BRDA:159,34,1,0
BRDA:159,34,2,0
BRDA:161,35,0,0
BRDA:161,35,1,0
BRDA:163,36,0,0
BRDA:163,36,1,0
BRDA:163,36,2,0
BRDA:174,37,0,0
BRDA:174,38,0,0
BRDA:174,38,1,0
BRDA:176,39,0,0
BRDA:178,40,0,0
BRDA:178,41,0,0
BRDA:178,41,1,0
BRDA:178,41,2,0
BRDA:179,42,0,0
BRDA:179,43,0,0
BRDA:179,43,1,0
BRDA:179,43,2,0
BRDA:181,44,0,0
BRDA:181,44,1,0
BRDA:183,45,0,0
BRDA:183,45,1,0
BRDA:183,45,2,0
BRDA:210,46,0,0
BRDA:210,46,1,0
BRDA:210,46,2,0
BRDA:211,47,0,0
BRDA:211,47,1,0
BRDA:212,48,0,0
BRDA:212,48,1,0
BRDA:213,49,0,0
BRDA:213,49,1,0
BRDA:213,49,2,0
BRDA:217,50,0,0
BRDA:217,50,1,0
BRDA:217,50,2,0
BRDA:217,50,3,0
BRDA:222,51,0,0
BRDA:222,51,1,0
BRDA:222,51,2,0
BRDA:230,52,0,0
BRDA:230,52,1,0
BRDA:232,53,0,0
BRDA:232,53,1,0
BRDA:235,54,0,0
BRDA:235,54,1,0
BRDA:235,55,0,0
BRDA:235,55,1,0
BRDA:238,56,0,0
BRDA:238,56,1,0
BRDA:250,57,0,0
BRDA:250,58,0,0
BRDA:250,58,1,0
BRDA:265,59,0,0
BRDA:265,60,0,0
BRDA:265,60,1,0
BRDA:278,61,0,0
BRDA:278,61,1,0
BRDA:279,62,0,0
BRDA:279,62,1,0
BRDA:279,62,2,0
BRDA:287,63,0,0
BRDA:287,63,1,0
BRDA:289,64,0,0
BRDA:297,65,0,0
BRDA:297,65,1,0
BRDA:297,66,0,0
BRDA:297,66,1,0
BRDA:330,67,0,0
BRDA:334,68,0,0
BRDA:334,68,1,0
BRDA:361,69,0,0
BRDA:361,69,1,0
BRDA:383,70,0,0
BRDA:383,70,1,0
BRDA:386,71,0,0
BRDA:386,72,0,0
BRDA:386,72,1,0
BRDA:402,73,0,0
BRDA:402,74,0,0
BRDA:402,74,1,0
BRF:137
BRH:0
end_of_record
TN:
SF:lib/components/loader.ts
FN:13,loadProjectComponent
FN:28,(anonymous_8)
FN:51,(anonymous_9)
FN:90,loadProjectUIComponent
FN:103,loadProjectChatbotComponent
FNF:5
FNH:0
FNDA:0,loadProjectComponent
FNDA:0,(anonymous_8)
FNDA:0,(anonymous_9)
FNDA:0,loadProjectUIComponent
FNDA:0,loadProjectChatbotComponent
DA:13,0
DA:17,0
DA:23,0
DA:27,0
DA:28,0
DA:35,0
DA:36,0
DA:39,0
DA:40,0
DA:44,0
DA:45,0
DA:49,0
DA:50,0
DA:52,0
DA:55,0
DA:56,0
DA:57,0
DA:58,0
DA:63,0
DA:64,0
DA:65,0
DA:71,0
DA:74,0
DA:75,0
DA:90,0
DA:94,0
DA:103,0
DA:107,0
LF:28
LH:0
BRDA:23,0,0,0
BRDA:23,0,1,0
BRDA:39,1,0,0
BRDA:44,2,0,0
BRDA:44,3,0,0
BRDA:44,3,1,0
BRDA:49,4,0,0
BRDA:52,5,0,0
BRDA:52,5,1,0
BRDA:52,5,2,0
BRDA:55,6,0,0
BRDA:57,7,0,0
BRDA:63,8,0,0
BRDA:63,9,0,0
BRDA:63,9,1,0
BRDA:67,10,0,0
BRDA:67,10,1,0
BRDA:74,11,0,0
BRDA:74,11,1,0
BRDA:78,12,0,0
BRDA:78,12,1,0
BRF:21
BRH:0
end_of_record
TN:
SF:lib/config/edge.ts
FN:71,getCompanyConfig
FN:87,getCompanyRegistry
FN:94,validateCompanyId
FNF:3
FNH:0
FNDA:0,getCompanyConfig
FNDA:0,getCompanyRegistry
FNDA:0,validateCompanyId
DA:7,0
DA:71,0
DA:72,0
DA:73,0
DA:74,0
DA:77,0
DA:87,0
DA:88,0
DA:94,0
DA:95,0
DA:96,0
LF:11
LH:0
BRDA:73,0,0,0
BRF:1
BRH:0
end_of_record
TN:
SF:lib/config/index.ts
FNF:0
FNH:0
DA:13,0
LF:1
LH:0
BRF:0
BRH:0
end_of_record
TN:
SF:lib/config/node.ts
FN:73,getCompanyConfig
FN:81,(anonymous_8)
FN:82,(anonymous_9)
FN:121,getCompanyRegistry
FN:128,(anonymous_11)
FN:129,(anonymous_12)
FN:150,validateCompanyId
FNF:7
FNH:0
FNDA:0,getCompanyConfig
FNDA:0,(anonymous_8)
FNDA:0,(anonymous_9)
FNDA:0,getCompanyRegistry
FNDA:0,(anonymous_11)
FNDA:0,(anonymous_12)
FNDA:0,validateCompanyId
DA:5,0
DA:9,0
DA:73,0
DA:74,0
DA:76,0
DA:78,0
DA:80,0
DA:81,0
DA:82,0
DA:83,0
DA:85,0
DA:86,0
DA:87,0
DA:94,0
DA:95,0
DA:96,0
DA:99,0
DA:105,0
DA:107,0
DA:108,0
DA:110,0
DA:121,0
DA:122,0
DA:123,0
DA:125,0
DA:127,0
DA:128,0
DA:129,0
DA:130,0
DA:131,0
DA:132,0
DA:133,0
DA:140,0
DA:142,0
DA:143,0
DA:150,0
DA:152,0
DA:153,0
LF:38
LH:0
BRDA:76,0,0,0
BRDA:76,0,1,0
BRDA:78,1,0,0
BRDA:83,2,0,0
BRDA:83,2,1,0
BRDA:83,3,0,0
BRDA:83,3,1,0
BRDA:95,4,0,0
BRDA:108,5,0,0
BRDA:123,6,0,0
BRDA:123,6,1,0
BRDA:125,7,0,0
BRDA:130,8,0,0
BRDA:130,8,1,0
BRDA:130,9,0,0
BRDA:130,9,1,0
BRF:16
BRH:0
end_of_record
TN:
SF:lib/config/validator.ts
FN:47,validateCompanyConfig
FN:54,validateCompanyRegistry
FN:62,safeValidateCompanyConfig
FN:73,safeValidateCompanyRegistry
FNF:4
FNH:0
FNDA:0,validateCompanyConfig
FNDA:0,validateCompanyRegistry
FNDA:0,safeValidateCompanyConfig
FNDA:0,safeValidateCompanyRegistry
DA:4,0
DA:10,0
DA:28,0
DA:38,0
DA:47,0
DA:48,0
DA:54,0
DA:55,0
DA:56,0
DA:62,0
DA:63,0
DA:64,0
DA:65,0
DA:67,0
DA:73,0
DA:74,0
DA:75,0
DA:76,0
DA:78,0
LF:19
LH:0
BRDA:64,0,0,0
BRDA:75,1,0,0
BRF:2
BRH:0
end_of_record
TN:
SF:lib/db/admin.ts
FN:5,createAdminClient
FNF:1
FNH:0
FNDA:0,createAdminClient
DA:2,0
DA:3,0
DA:5,0
DA:6,0
DA:7,0
DA:9,0
LF:6
LH:0
BRF:0
BRH:0
end_of_record
TN:
SF:lib/db/client.ts
FN:5,createClient
FNF:1
FNH:0
FNDA:0,createClient
DA:2,0
DA:3,0
DA:5,0
DA:6,0
DA:7,0
DA:9,0
LF:6
LH:0
BRF:0
BRH:0
end_of_record
TN:
SF:lib/db/index.ts
FNF:0
FNH:0
DA:5,0
DA:6,0
DA:7,0
DA:10,0
DA:13,0
LF:5
LH:0
BRF:0
BRH:0
end_of_record
TN:
SF:lib/db/operations.ts
FN:21,(anonymous_1)
FN:36,(anonymous_2)
FN:50,(anonymous_3)
FN:62,(anonymous_4)
FN:76,(anonymous_5)
FN:90,(anonymous_6)
FN:107,(anonymous_7)
FN:122,(anonymous_8)
FN:136,(anonymous_9)
FN:151,(anonymous_10)
FN:165,(anonymous_11)
FN:210,(anonymous_12)
FN:221,(anonymous_13)
FN:232,(anonymous_14)
FNF:14
FNH:0
FNDA:0,(anonymous_1)
FNDA:0,(anonymous_2)
FNDA:0,(anonymous_3)
FNDA:0,(anonymous_4)
FNDA:0,(anonymous_5)
FNDA:0,(anonymous_6)
FNDA:0,(anonymous_7)
FNDA:0,(anonymous_8)
FNDA:0,(anonymous_9)
FNDA:0,(anonymous_10)
FNDA:0,(anonymous_11)
FNDA:0,(anonymous_12)
FNDA:0,(anonymous_13)
FNDA:0,(anonymous_14)
DA:4,0
DA:5,0
DA:15,0
DA:16,0
DA:22,0
DA:30,0
DA:37,0
DA:43,0
DA:44,0
DA:51,0
DA:56,0
DA:63,0
DA:70,0
DA:77,0
DA:83,0
DA:84,0
DA:91,0
DA:101,0
DA:108,0
DA:115,0
DA:116,0
DA:123,0
DA:130,0
DA:137,0
DA:145,0
DA:152,0
DA:159,0
DA:166,0
DA:173,0
DA:175,0
DA:176,0
DA:177,0
DA:179,0
DA:189,0
DA:192,0
DA:203,0
DA:211,0
DA:215,0
DA:222,0
DA:223,0
DA:226,0
DA:232,0
DA:234,0
DA:255,0
LF:44
LH:0
BRDA:26,0,0,0
BRDA:26,0,1,0
BRDA:27,1,0,0
BRDA:27,1,1,0
BRDA:27,2,0,0
BRDA:27,2,1,0
BRDA:30,3,0,0
BRDA:43,4,0,0
BRDA:56,5,0,0
BRDA:67,6,0,0
BRDA:67,6,1,0
BRDA:70,7,0,0
BRDA:83,8,0,0
BRDA:95,9,0,0
BRDA:95,9,1,0
BRDA:96,10,0,0
BRDA:96,10,1,0
BRDA:101,11,0,0
BRDA:115,12,0,0
BRDA:115,13,0,0
BRDA:115,13,1,0
BRDA:127,14,0,0
BRDA:127,14,1,0
BRDA:130,15,0,0
BRDA:141,16,0,0
BRDA:141,16,1,0
BRDA:142,17,0,0
BRDA:142,17,1,0
BRDA:142,18,0,0
BRDA:142,18,1,0
BRDA:145,19,0,0
BRDA:156,20,0,0
BRDA:156,20,1,0
BRDA:159,21,0,0
BRDA:173,22,0,0
BRDA:173,22,1,0
BRDA:176,23,0,0
BRDA:176,23,1,0
BRDA:189,24,0,0
BRDA:199,25,0,0
BRDA:199,25,1,0
BRDA:203,26,0,0
BRDA:215,27,0,0
BRDA:221,28,0,0
BRDA:232,29,0,0
BRDA:232,29,1,0
BRDA:240,30,0,0
BRDA:240,30,1,0
BRDA:256,31,0,0
BRDA:256,31,1,0
BRDA:257,32,0,0
BRDA:257,32,1,0
BRDA:258,33,0,0
BRDA:258,33,1,0
BRF:54
BRH:0
end_of_record
TN:
SF:lib/db/schema.ts
FNF:0
FNH:0
DA:4,0
LF:1
LH:0
BRF:0
BRH:0
end_of_record
TN:
SF:lib/db/server.ts
FN:6,createServerClient
FN:13,(anonymous_2)
FN:16,(anonymous_3)
FN:18,(anonymous_4)
FNF:4
FNH:0
FNDA:0,createServerClient
FNDA:0,(anonymous_2)
FNDA:0,(anonymous_3)
FNDA:0,(anonymous_4)
DA:2,0
DA:3,0
DA:4,0
DA:6,0
DA:7,0
DA:8,0
DA:9,0
DA:11,0
DA:14,0
DA:17,0
DA:18,0
DA:19,0
LF:12
LH:0
BRF:0
BRH:0
end_of_record
TN:
SF:lib/utils/cn.ts
FN:7,cn
FNF:1
FNH:0
FNDA:0,cn
DA:4,0
DA:5,0
DA:7,0
DA:8,0
LF:4
LH:0
BRF:0
BRH:0
end_of_record
TN:
SF:lib/utils/id.ts
FN:8,generateId
FN:33,generateSessionId
FN:40,generateConversationId
FN:47,generateMessageId
FNF:4
FNH:0
FNDA:0,generateId
FNDA:0,generateSessionId
FNDA:0,generateConversationId
FNDA:0,generateMessageId
DA:8,0
DA:10,0
DA:11,0
DA:15,0
DA:16,0
DA:17,0
DA:21,0
DA:25,0
DA:26,0
DA:27,0
DA:33,0
DA:34,0
DA:40,0
DA:41,0
DA:47,0
DA:48,0
LF:16
LH:0
BRDA:8,0,0,0
BRDA:10,1,0,0
BRDA:10,2,0,0
BRDA:10,2,1,0
BRDA:15,3,0,0
BRDA:15,4,0,0
BRDA:15,4,1,0
BRF:7
BRH:0
end_of_record
TN:
SF:lib/utils/index.ts
FNF:0
FNH:0
DA:4,0
DA:6,0
DA:7,0
DA:8,0
DA:9,0
DA:10,0
LF:6
LH:0
BRF:0
BRH:0
end_of_record
TN:
SF:lib/utils/postmessage.ts
FN:8,isOriginAllowed
FN:9,(anonymous_2)
FN:31,safePostMessage
FN:53,(anonymous_4)
FNF:4
FNH:0
FNDA:0,isOriginAllowed
FNDA:0,(anonymous_2)
FNDA:0,safePostMessage
FNDA:0,(anonymous_4)
DA:9,0
DA:11,0
DA:12,0
DA:16,0
DA:17,0
DA:18,0
DA:19,0
DA:22,0
DA:31,0
DA:35,0
DA:37,0
DA:40,0
DA:43,0
DA:45,0
DA:46,0
DA:47,0
DA:53,0
DA:55,0
DA:56,0
DA:57,0
DA:59,0
DA:63,0
DA:64,0
DA:65,0
DA:66,0
DA:70,0
DA:71,0
DA:72,0
DA:76,0
DA:77,0
DA:79,0
LF:31
LH:0
BRDA:11,0,0,0
BRDA:16,1,0,0
BRDA:35,2,0,0
BRDA:40,3,0,0
BRDA:40,3,1,0
BRDA:43,4,0,0
BRDA:43,5,0,0
BRDA:43,5,1,0
BRDA:45,6,0,0
BRDA:45,7,0,0
BRDA:45,7,1,0
BRDA:53,8,0,0
BRDA:53,8,1,0
BRDA:55,9,0,0
BRDA:57,10,0,0
BRDA:57,10,1,0
BRDA:64,11,0,0
BRDA:70,12,0,0
BRDA:70,13,0,0
BRDA:70,13,1,0
BRDA:76,14,0,0
BRDA:76,14,1,0
BRF:22
BRH:0
end_of_record
TN:
SF:lib/utils/widget-error.tsx
FN:14,WidgetError
FN:31,validateChatbotWidgetProps
FNF:2
FNH:0
FNDA:0,WidgetError
FNDA:0,validateChatbotWidgetProps
DA:14,0
DA:31,0
DA:32,0
DA:33,0
DA:36,0
DA:37,0
DA:40,0
DA:41,0
DA:44,0
LF:9
LH:0
BRDA:14,0,0,0
BRDA:20,1,0,0
BRDA:32,2,0,0
BRDA:36,3,0,0
BRDA:40,4,0,0
BRF:5
BRH:0
end_of_record
